2024-09-29 03:36:15.354 | INFO     | __main__:<module>:1097 - k1_2: 90, k1_3: 250
2024-09-29 03:36:15.355 | INFO     | __main__:<module>:1098 - Using evaluation function v2 to print results
wandb: Tracking run with wandb version 0.15.12
wandb: W&B syncing is set to `offline` in this directory.  
wandb: Run `wandb online` or set WANDB_MODE=online to enable cloud syncing.
2024-09-29 03:36:21.328 | INFO     | __main__:<module>:1150 - model build
/leonardo/home/userexternal/hzheng00/miniconda3/envs/fedgcd/lib/python3.9/site-packages/torchvision/transforms/transforms.py:332: UserWarning: Argument 'interpolation' of type int is deprecated since 0.13 and will be removed in 0.15. Please use InterpolationMode enum.
  warnings.warn(
2024-09-29 03:36:42.499 | INFO     | data.get_datasets_inaturalist:get_datasets:145 - dataset_name: train_labelled
2024-09-29 03:36:42.500 | INFO     | data.get_datasets_inaturalist:get_datasets:145 - dataset_name: train_unlabelled
2024-09-29 03:36:42.500 | INFO     | data.get_datasets_inaturalist:get_datasets:145 - dataset_name: val
2024-09-29 03:36:42.500 | INFO     | data.get_datasets_inaturalist:get_datasets:145 - dataset_name: test
2024-09-29 03:36:42.501 | INFO     | data.get_datasets_inaturalist:get_datasets:145 - dataset_name: test_labelled
2024-09-29 03:36:42.501 | INFO     | data.get_datasets_inaturalist:get_datasets:145 - dataset_name: test_unlabelled
/leonardo/home/userexternal/hzheng00/miniconda3/envs/fedgcd/lib/python3.9/site-packages/torch/utils/data/dataloader.py:563: UserWarning: This DataLoader will create 8 worker processes in total. Our suggested max number of worker in current system is 1, which is smaller than what this DataLoader is going to create. Please be aware that excessive worker creation might get DataLoader running slow or even freeze, lower the worker number to avoid potential slowness/freeze if necessary.
  warnings.warn(_create_warning_msg(
Experiment saved to: /leonardo_work/IscrC_Fed-GCD/hyzheng/pFed_logs/DCCL_align_loss/log/imagenet_100_seed(2)_(29.09.2024_|_15.301)
['DCCL_align_loss']
Namespace(batch_size=128, num_workers=8, eval_funcs=['v2'], warmup_model_dir=None, dataset_name='imagenet_100', prop_train_labels=0.5, use_ssb_splits=True, grad_from_block=11, lr=0.05, gamma=0.1, momentum=0.9, weight_decay=5e-05, epochs=200, transform='imagenet', sup_weight=0.35, n_views=2, memax_weight=2, warmup_teacher_temp=0.07, teacher_temp=0.04, warmup_teacher_temp_epochs=30, fp16=True, print_freq=10, exp_name='imagenet_100_seed(2)', n_clients=1, dirichlet=0.2, rounds=200, local_train_ep=1, rate_local_label_unlabel=0.5, show_client_data_info=False, use_gmm=False, use_gmm_agg=False, use_gmm_dual=False, begin_agg_round=0, gmm_alpha=0.1, weight_likelihood=0.01, gmm_lr=0.1, gmm_lr_multiply=0, sampling_times=0, local_global_contrastive_cluster_weight=0, local_GMM_project_head=False, global_GMM_project_head=False, exp_root='/leonardo_work/IscrC_Fed-GCD/hyzheng/pFed_logs', cub_root='/leonardo_work/IscrC_Fed-GCD/GCD_datasets/CUB', cifar_100_root='/leonardo_work/IscrC_Fed-GCD/GCD_datasets/cifar100', hyper_k=231, cars_root='/leonardo_work/IscrC_Fed-GCD/GCD_datasets/stanford_cars', pets_root='/leonardo_work/IscrC_Fed-GCD/GCD_datasets/oxford_pets', aircraft_root='/leonardo_work/IscrC_Fed-GCD/GCD_datasets/fgvc_aircraft', herbarium_dataroot='/leonardo_work/IscrC_Fed-GCD/GCD_datasets/herbarium_19', imagenet_root='/leonardo_work/IscrC_Fed-GCD/GCD_datasets/imagenet', osr_split_dir='/leonardo_work/IscrC_Fed-GCD/hyzheng/debug_fedgcd/data/ssb_splits', test_interval=1, use_contrastive_cluster=True, GCN_contrastive_cluster_weight=0.3, DCCL_contrastive_cluster_weight=0.1, align_loss_weight=0.1, contrastive_cluster_epochs=100, align_loss_epoch_start=0, align_loss_epoch_smooth=100, align_loss_weight_start=0, align_loss_weight_end=1, k1=15, k2=4, use_hard=False, memory_momentum=0.1, eps_gap=0.02, temp=0.05, use_cluster_head=False, num_instances=16, max_sim=True, eps=0.6, feature_output_index=2, wandb_offline=True, gcn_k1=80, max_conn=1, gcn_train_epoch=40, use_sym=False, neg_size=10, use_vpt=False, dino_pretrain_path='/leonardo_work/IscrC_Fed-GCD/GCD_datasets/dino/dino_vitbase16_pretrain.pth', load_from_model='/leonardo_work/IscrC_Fed-GCD/GCD_datasets/dino/cub_model_best.pth', vpt_dropout=0.0, num_prompts=5, predict_token='cop', n_shallow_prompts=0, num_dpr=4, w_prompt_clu=0.35, unfrezee_only_last_prompt=True, single_minsim_1=0.5, single_minsim_2=0.5, single_minsim_3=0.5, single_k1=150, k1_ratio=0.6, seed=2, device=device(type='cuda', index=0), k1_dict={'DCCL': 150, 'DCCL2': 90, 'DCCL3': 250, 'DCCL4': 80, 'DCCL5': 80}, eps_dict={'DCCL': 0.5, 'DCCL2': 0.5, 'DCCL3': 0.5, 'DCCL4': 0.6, 'DCCL5': 0.5}, image_size=224, train_classes=range(0, 50), unlabeled_classes=range(50, 100), num_labeled_classes=50, num_unlabeled_classes=50, logger=<loguru.logger handlers=[(id=0, level=10, sink=<stderr>), (id=1, level=10, sink='/leonardo_work/IscrC_Fed-GCD/hyzheng/pFed_logs/DCCL_align_loss/log/imagenet_100_seed(2)_(29.09.2024_|_15.301)/log.txt')]>, log_dir='/leonardo_work/IscrC_Fed-GCD/hyzheng/pFed_logs/DCCL_align_loss/log/imagenet_100_seed(2)_(29.09.2024_|_15.301)', model_dir='/leonardo_work/IscrC_Fed-GCD/hyzheng/pFed_logs/DCCL_align_loss/log/imagenet_100_seed(2)_(29.09.2024_|_15.301)/checkpoints', model_path='/leonardo_work/IscrC_Fed-GCD/hyzheng/pFed_logs/DCCL_align_loss/log/imagenet_100_seed(2)_(29.09.2024_|_15.301)/checkpoints/model.pt')
Constructing ImageNet-100 dataset from the following classes: [1, 14, 27, 31, 45, 55, 77, 103, 108, 141, 142, 175, 196, 202, 230, 231, 236, 239, 247, 251, 252, 261, 262, 264, 267, 270, 272, 279, 295, 298, 299, 306, 310, 311, 316, 319, 331, 366, 367, 386, 389, 408, 412, 413, 432, 452, 456, 481, 485, 494, 496, 497, 501, 531, 553, 558, 568, 569, 576, 578, 582, 587, 601, 614, 635, 638, 643, 644, 654, 672, 693, 698, 706, 710, 736, 738, 740, 760, 783, 784, 788, 790, 796, 819, 823, 859, 862, 874, 883, 906, 909, 918, 923, 926, 957, 971, 982, 987, 993, 996]
Merge dataset -> relabel_dict:{0: 0, 1: 1, 2: 2, 3: 3, 4: 4, 5: 5, 6: 6, 7: 7, 8: 8, 9: 9, 10: 10, 11: 11, 12: 12, 13: 13, 14: 14, 15: 15, 16: 16, 17: 17, 18: 18, 19: 19, 20: 20, 21: 21, 22: 22, 23: 23, 24: 24, 25: 25, 26: 26, 27: 27, 28: 28, 29: 29, 30: 30, 31: 31, 32: 32, 33: 33, 34: 34, 35: 35, 36: 36, 37: 37, 38: 38, 39: 39, 40: 40, 41: 41, 42: 42, 43: 43, 44: 44, 45: 45, 46: 46, 47: 47, 48: 48, 49: 49, 50: 50, 51: 51, 52: 52, 53: 53, 54: 54, 55: 55, 56: 56, 57: 57, 58: 58, 59: 59, 60: 60, 61: 61, 62: 62, 63: 63, 64: 64, 65: 65, 66: 66, 67: 67, 68: 68, 69: 69, 70: 70, 71: 71, 72: 72, 73: 73, 74: 74, 75: 75, 76: 76, 77: 77, 78: 78, 79: 79, 80: 80, 81: 81, 82: 82, 83: 83, 84: 84, 85: 85, 86: 86, 87: 87, 88: 88, 89: 89, 90: 90, 91: 91, 92: 92, 93: 93, 94: 94, 95: 95, 96: 96, 97: 97, 98: 98, 99: 99}
Merge dataset -> relabel_dict:{0: 0, 1: 1, 2: 2, 3: 3, 4: 4, 5: 5, 6: 6, 7: 7, 8: 8, 9: 9, 10: 10, 11: 11, 12: 12, 13: 13, 14: 14, 15: 15, 16: 16, 17: 17, 18: 18, 19: 19, 20: 20, 21: 21, 22: 22, 23: 23, 24: 24, 25: 25, 26: 26, 27: 27, 28: 28, 29: 29, 30: 30, 31: 31, 32: 32, 33: 33, 34: 34, 35: 35, 36: 36, 37: 37, 38: 38, 39: 39, 40: 40, 41: 41, 42: 42, 43: 43, 44: 44, 45: 45, 46: 46, 47: 47, 48: 48, 49: 49, 50: 50, 51: 51, 52: 52, 53: 53, 54: 54, 55: 55, 56: 56, 57: 57, 58: 58, 59: 59, 60: 60, 61: 61, 62: 62, 63: 63, 64: 64, 65: 65, 66: 66, 67: 67, 68: 68, 69: 69, 70: 70, 71: 71, 72: 72, 73: 73, 74: 74, 75: 75, 76: 76, 77: 77, 78: 78, 79: 79, 80: 80, 81: 81, 82: 82, 83: 83, 84: 84, 85: 85, 86: 86, 87: 87, 88: 88, 89: 89, 90: 90, 91: 91, 92: 92, 93: 93, 94: 94, 95: 95, 96: 96, 97: 97, 98: 98, 99: 99}
==> Create pseudo labels for unlabeled data
=======================================================
  Infomap v2.7.1 starts at 2024-09-29 03:59:23
  -> Input network: 
  -> No file output!
  -> Configuration: two-level
                    directed
=======================================================
  OpenMP 201511 detected with 1 threads...
  -> Ordinary network input, using the Map Equation for first order network flows
Calculating global network flow using flow model 'directed'... 
  -> Using unrecorded teleportation to links. 
  -> PageRank calculation done in 200 iterations.

  => Sum node flow: 1, sum link flow: 1
Build internal network with 124575 nodes and 15768746 links...
  -> One-level codelength: 15.7028863

================================================
Trial 1/1 starting at 2024-09-29 03:59:51
================================================
Two-level compression: 41% 0.33% 
Partitioned to codelength 0.214319865 + 9.05236194 = 9.266681803 in 623 (601 non-trivial) modules.

=> Trial 1/1 finished in 27.1719714s with codelength 9.2666818


================================================
Summary after 1 trial
================================================
Best end modular solution in 2 levels:
Per level number of modules:         [        623,           0] (sum: 623)
Per level number of leaf nodes:      [          0,      124575] (sum: 124575)
Per level average child degree:      [        623,      199.96] (average: 202.065)
Per level codelength for modules:    [0.214319865, 0.000000000] (sum: 0.214319865)
Per level codelength for leaf nodes: [0.000000000, 9.052361938] (sum: 9.052361938)
Per level codelength total:          [0.214319865, 9.052361938] (sum: 9.266681803)

===================================================
  Infomap ends at 2024-09-29 04:00:18
  (Elapsed time: 54.6446389s)
===================================================
2024-09-29 04:00:22.964 | INFO     | __main__:DCCL:434 - length of whole_train_test_dataset.labeled_set 31860
2024-09-29 04:00:22.966 | INFO     | __main__:test_with_pseudo_label_full:205 - Length of pred: 95255
2024-09-29 04:00:23.123 | INFO     | __main__:test_with_pseudo_label_full:223 - DCCL Pseudo method 1 - All Acc: 0.7189228911868143, Old Acc: 0.7681732580037665, New Acc: 0.6941714646265479
2024-09-29 04:00:23.299 | INFO     | __main__:test_with_pseudo_label_full:238 - DCCL Pseudo method 2 - All Acc: 0.7183874862211957, Old Acc: 0.7681732580037665, New Acc: 0.6933669847779793
2024-09-29 04:00:23.300 | INFO     | __main__:DCCL:448 - ==> DCCL Infomap for epoch 0: 322 clusters
[Time] [faiss-gpu] build index 150 consumes 1.0348 s
[Time] [faiss-gpu] query topk 150 consumes 1.6950 s
[Time] get links consumes 128.6610 s
孤立点数：2540
总节点数：127115
总类别数/孤立节点数/小簇个数/有效簇个数：3163/2540/2841/322
=======================================================
  Infomap v2.7.1 starts at 2024-09-29 04:02:04
  -> Input network: 
  -> No file output!
  -> Configuration: two-level
                    directed
=======================================================
  OpenMP 201511 detected with 1 threads...
  -> Ordinary network input, using the Map Equation for first order network flows
Calculating global network flow using flow model 'directed'... 
  -> Using unrecorded teleportation to links. 
  -> PageRank calculation done in 200 iterations.

  => Sum node flow: 1, sum link flow: 1
Build internal network with 124575 nodes and 9802700 links...
  -> One-level codelength: 15.5444417

================================================
Trial 1/1 starting at 2024-09-29 04:02:21
================================================
Two-level compression: 42% 0.5% 0.00661575104% 0.00290464109% 
Partitioned to codelength 0.25425777 + 8.68875117 = 8.943008941 in 673 (652 non-trivial) modules.

=> Trial 1/1 finished in 32.639427s with codelength 8.94300894


================================================
Summary after 1 trial
================================================
Best end modular solution in 2 levels:
Per level number of modules:         [        673,           0] (sum: 673)
Per level number of leaf nodes:      [          0,      124575] (sum: 124575)
Per level average child degree:      [        673,     185.104] (average: 187.726)
Per level codelength for modules:    [0.254257770, 0.000000000] (sum: 0.254257770)
Per level codelength for leaf nodes: [0.000000000, 8.688751171] (sum: 8.688751171)
Per level codelength total:          [0.254257770, 8.688751171] (sum: 8.943008941)

===================================================
  Infomap ends at 2024-09-29 04:02:54
  (Elapsed time: 49.9842034s)
===================================================
2024-09-29 04:02:57.862 | INFO     | __main__:DCCL:434 - length of whole_train_test_dataset.labeled_set 31860
2024-09-29 04:02:57.863 | INFO     | __main__:test_with_pseudo_label_full:205 - Length of pred: 95255
2024-09-29 04:02:58.019 | INFO     | __main__:test_with_pseudo_label_full:223 - DCCL2 Pseudo method 1 - All Acc: 0.6791349535457456, Old Acc: 0.7197740112994351, New Acc: 0.6587112548308226
2024-09-29 04:02:58.205 | INFO     | __main__:test_with_pseudo_label_full:238 - DCCL2 Pseudo method 2 - All Acc: 0.6786625373996116, Old Acc: 0.7197740112994351, New Acc: 0.658001419670321
2024-09-29 04:02:58.206 | INFO     | __main__:DCCL:448 - ==> DCCL2 Infomap for epoch 0: 356 clusters
[Time] [faiss-gpu] build index 90 consumes 0.3925 s
[Time] [faiss-gpu] query topk 90 consumes 1.8418 s
[Time] get links consumes 79.2126 s
孤立点数：2540
总节点数：127115
总类别数/孤立节点数/小簇个数/有效簇个数：3213/2540/2857/356
=======================================================
  Infomap v2.7.1 starts at 2024-09-29 04:07:04
  -> Input network: 
  -> No file output!
  -> Configuration: two-level
                    directed
=======================================================
  OpenMP 201511 detected with 1 threads...
  -> Ordinary network input, using the Map Equation for first order network flows
Calculating global network flow using flow model 'directed'... 
  -> Using unrecorded teleportation to links. 
  -> PageRank calculation done in 200 iterations.

  => Sum node flow: 1, sum link flow: 1
Build internal network with 124575 nodes and 24955371 links...
  -> One-level codelength: 15.8667492

================================================
Trial 1/1 starting at 2024-09-29 04:07:45
================================================
Two-level compression: 39% 0.16% 0.0270862221% 0.00349769048% 
Partitioned to codelength 0.193567193 + 9.39510679 = 9.588673981 in 587 (566 non-trivial) modules.

=> Trial 1/1 finished in 61.4903249s with codelength 9.58867398


================================================
Summary after 1 trial
================================================
Best end modular solution in 2 levels:
Per level number of modules:         [        587,           0] (sum: 587)
Per level number of leaf nodes:      [          0,      124575] (sum: 124575)
Per level average child degree:      [        587,     212.223] (average: 213.981)
Per level codelength for modules:    [0.193567193, 0.000000000] (sum: 0.193567193)
Per level codelength for leaf nodes: [0.000000000, 9.395106788] (sum: 9.395106788)
Per level codelength total:          [0.193567193, 9.395106788] (sum: 9.588673981)

===================================================
  Infomap ends at 2024-09-29 04:08:46
  (Elapsed time: 1m 42.032s)
===================================================
2024-09-29 04:08:52.959 | INFO     | __main__:DCCL:434 - length of whole_train_test_dataset.labeled_set 31860
2024-09-29 04:08:52.960 | INFO     | __main__:test_with_pseudo_label_full:205 - Length of pred: 95255
2024-09-29 04:08:53.116 | INFO     | __main__:test_with_pseudo_label_full:223 - DCCL3 Pseudo method 1 - All Acc: 0.7341766836386542, Old Acc: 0.7561519146264909, New Acc: 0.7231327391750138
2024-09-29 04:08:53.293 | INFO     | __main__:test_with_pseudo_label_full:238 - DCCL3 Pseudo method 2 - All Acc: 0.7335887879901317, Old Acc: 0.7561519146264909, New Acc: 0.7222493887530562
2024-09-29 04:08:53.294 | INFO     | __main__:DCCL:448 - ==> DCCL3 Infomap for epoch 0: 282 clusters
[Time] [faiss-gpu] build index 250 consumes 0.3702 s
[Time] [faiss-gpu] query topk 250 consumes 2.2534 s
[Time] get links consumes 205.1592 s
孤立点数：2540
总节点数：127115
总类别数/孤立节点数/小簇个数/有效簇个数：3127/2540/2845/282
2024-09-29 04:09:19.360 | INFO     | __main__:test_with_pseudo_label_full:205 - Length of pred: 95255
2024-09-29 04:09:19.530 | INFO     | __main__:test_with_pseudo_label_full:223 - Ensemble clustering Pseudo method 1 - All Acc: 0.7194058054695291, Old Acc: 0.7686754551161331, New Acc: 0.6946446880668823
2024-09-29 04:09:19.813 | INFO     | __main__:test_with_pseudo_label_full:238 - Ensemble clustering Pseudo method 2 - All Acc: 0.7188599023673298, Old Acc: 0.7686754551161331, New Acc: 0.6938244341036359
Traceback (most recent call last):
  File "/leonardo_work/IscrC_Fed-GCD/hyzheng/debug_fedgcd/project_utils/data_utils.py", line 34, in next
    return next(self.iter)
  File "/leonardo/home/userexternal/hzheng00/miniconda3/envs/fedgcd/lib/python3.9/site-packages/torch/utils/data/dataloader.py", line 681, in __next__
    data = self._next_data()
  File "/leonardo/home/userexternal/hzheng00/miniconda3/envs/fedgcd/lib/python3.9/site-packages/torch/utils/data/dataloader.py", line 1376, in _next_data
    return self._process_data(data)
  File "/leonardo/home/userexternal/hzheng00/miniconda3/envs/fedgcd/lib/python3.9/site-packages/torch/utils/data/dataloader.py", line 1402, in _process_data
    data.reraise()
  File "/leonardo/home/userexternal/hzheng00/miniconda3/envs/fedgcd/lib/python3.9/site-packages/torch/_utils.py", line 461, in reraise
    raise exception
AttributeError: Caught AttributeError in DataLoader worker process 0.
Original Traceback (most recent call last):
  File "/leonardo/home/userexternal/hzheng00/miniconda3/envs/fedgcd/lib/python3.9/site-packages/torch/utils/data/_utils/worker.py", line 302, in _worker_loop
    data = fetcher.fetch(index)
  File "/leonardo/home/userexternal/hzheng00/miniconda3/envs/fedgcd/lib/python3.9/site-packages/torch/utils/data/_utils/fetch.py", line 49, in fetch
    data = [self.dataset[idx] for idx in possibly_batched_index]
  File "/leonardo/home/userexternal/hzheng00/miniconda3/envs/fedgcd/lib/python3.9/site-packages/torch/utils/data/_utils/fetch.py", line 49, in <listcomp>
    data = [self.dataset[idx] for idx in possibly_batched_index]
  File "/leonardo_work/IscrC_Fed-GCD/hyzheng/debug_fedgcd/project_utils/data_utils.py", line 63, in __getitem__
    return self._get_single_item(indices)
  File "/leonardo_work/IscrC_Fed-GCD/hyzheng/debug_fedgcd/project_utils/data_utils.py", line 71, in _get_single_item
    img = Image.fromarray(image_numpy.astype('uint8')).convert('RGB')
AttributeError: 'int' object has no attribute 'astype'


During handling of the above exception, another exception occurred:

Traceback (most recent call last):
  File "/leonardo_work/IscrC_Fed-GCD/hyzheng/debug_fedgcd/DPC2L/hyzheng/10.ISCAP_full_cifar100.py", line 1238, in <module>
    train(model, projector_dict, train_loader, test_loader_unlabelled, args)
  File "/leonardo_work/IscrC_Fed-GCD/hyzheng/debug_fedgcd/DPC2L/hyzheng/10.ISCAP_full_cifar100.py", line 639, in train
    DCCL_images, DCCL_labels, DCCL_indexes = DCCL_contrastive_cluster_train_loader_predefine_dict[
  File "/leonardo_work/IscrC_Fed-GCD/hyzheng/debug_fedgcd/project_utils/data_utils.py", line 37, in next
    return next(self.iter)
  File "/leonardo/home/userexternal/hzheng00/miniconda3/envs/fedgcd/lib/python3.9/site-packages/torch/utils/data/dataloader.py", line 681, in __next__
    data = self._next_data()
  File "/leonardo/home/userexternal/hzheng00/miniconda3/envs/fedgcd/lib/python3.9/site-packages/torch/utils/data/dataloader.py", line 1376, in _next_data
    return self._process_data(data)
  File "/leonardo/home/userexternal/hzheng00/miniconda3/envs/fedgcd/lib/python3.9/site-packages/torch/utils/data/dataloader.py", line 1402, in _process_data
    data.reraise()
  File "/leonardo/home/userexternal/hzheng00/miniconda3/envs/fedgcd/lib/python3.9/site-packages/torch/_utils.py", line 461, in reraise
    raise exception
AttributeError: Caught AttributeError in DataLoader worker process 0.
Original Traceback (most recent call last):
  File "/leonardo_work/IscrC_Fed-GCD/hyzheng/debug_fedgcd/project_utils/data_utils.py", line 34, in next
    return next(self.iter)
  File "/leonardo/home/userexternal/hzheng00/miniconda3/envs/fedgcd/lib/python3.9/site-packages/torch/utils/data/dataloader.py", line 681, in __next__
    data = self._next_data()
  File "/leonardo/home/userexternal/hzheng00/miniconda3/envs/fedgcd/lib/python3.9/site-packages/torch/utils/data/dataloader.py", line 1376, in _next_data
    return self._process_data(data)
  File "/leonardo/home/userexternal/hzheng00/miniconda3/envs/fedgcd/lib/python3.9/site-packages/torch/utils/data/dataloader.py", line 1402, in _process_data
    data.reraise()
  File "/leonardo/home/userexternal/hzheng00/miniconda3/envs/fedgcd/lib/python3.9/site-packages/torch/_utils.py", line 461, in reraise
    raise exception
AttributeError: Caught AttributeError in DataLoader worker process 0.
Original Traceback (most recent call last):
  File "/leonardo/home/userexternal/hzheng00/miniconda3/envs/fedgcd/lib/python3.9/site-packages/torch/utils/data/_utils/worker.py", line 302, in _worker_loop
    data = fetcher.fetch(index)
  File "/leonardo/home/userexternal/hzheng00/miniconda3/envs/fedgcd/lib/python3.9/site-packages/torch/utils/data/_utils/fetch.py", line 49, in fetch
    data = [self.dataset[idx] for idx in possibly_batched_index]
  File "/leonardo/home/userexternal/hzheng00/miniconda3/envs/fedgcd/lib/python3.9/site-packages/torch/utils/data/_utils/fetch.py", line 49, in <listcomp>
    data = [self.dataset[idx] for idx in possibly_batched_index]
  File "/leonardo_work/IscrC_Fed-GCD/hyzheng/debug_fedgcd/project_utils/data_utils.py", line 63, in __getitem__
    return self._get_single_item(indices)
  File "/leonardo_work/IscrC_Fed-GCD/hyzheng/debug_fedgcd/project_utils/data_utils.py", line 71, in _get_single_item
    img = Image.fromarray(image_numpy.astype('uint8')).convert('RGB')
AttributeError: 'int' object has no attribute 'astype'


During handling of the above exception, another exception occurred:

Traceback (most recent call last):
  File "/leonardo/home/userexternal/hzheng00/miniconda3/envs/fedgcd/lib/python3.9/site-packages/torch/utils/data/_utils/worker.py", line 302, in _worker_loop
    data = fetcher.fetch(index)
  File "/leonardo/home/userexternal/hzheng00/miniconda3/envs/fedgcd/lib/python3.9/site-packages/torch/utils/data/_utils/fetch.py", line 49, in fetch
    data = [self.dataset[idx] for idx in possibly_batched_index]
  File "/leonardo/home/userexternal/hzheng00/miniconda3/envs/fedgcd/lib/python3.9/site-packages/torch/utils/data/_utils/fetch.py", line 49, in <listcomp>
    data = [self.dataset[idx] for idx in possibly_batched_index]
  File "/leonardo_work/IscrC_Fed-GCD/hyzheng/debug_fedgcd/project_utils/data_utils.py", line 63, in __getitem__
    return self._get_single_item(indices)
  File "/leonardo_work/IscrC_Fed-GCD/hyzheng/debug_fedgcd/project_utils/data_utils.py", line 71, in _get_single_item
    img = Image.fromarray(image_numpy.astype('uint8')).convert('RGB')
AttributeError: 'int' object has no attribute 'astype'

wandb: Waiting for W&B process to finish... (failed 1).
wandb: 
wandb: Run history:
wandb:  DCCL infomap predicted number of cluster ▁
wandb: DCCL2 infomap predicted number of cluster ▁
wandb: DCCL3 infomap predicted number of cluster ▁
wandb:                            classifier_sup ▁
wandb:                          classifier_unsup ▁
wandb:                           contrastive_sup ▁
wandb:                         contrastive_unsup ▁
wandb:                 current_align_loss_weight ▁
wandb: 
wandb: Run summary:
wandb:  DCCL infomap predicted number of cluster 322
wandb: DCCL2 infomap predicted number of cluster 356
wandb: DCCL3 infomap predicted number of cluster 282
wandb:                            classifier_sup 4.62923
wandb:                          classifier_unsup 4.509
wandb:                           contrastive_sup 3.19945
wandb:                         contrastive_unsup 4.93922
wandb:                 current_align_loss_weight 0.0
wandb: 
wandb: You can sync this run to the cloud by running:
wandb: wandb sync /leonardo_work/IscrC_Fed-GCD/hyzheng/debug_fedgcd/DPC2L/hyzheng/wandb/offline-run-20240929_033616-o9ilkdys
wandb: Find logs at: ./wandb/offline-run-20240929_033616-o9ilkdys/logs
