2024-09-21 11:24:29.393 | INFO     | __main__:<module>:1096 - k1_2: 9, k1_3: 25
2024-09-21 11:24:29.648 | INFO     | __main__:<module>:1097 - Using evaluation function v2 to print results
2024-09-21 11:24:48.317 | INFO     | __main__:<module>:1149 - model build
/wang_hp/miniconda3/envs/fedgcd/lib/python3.9/site-packages/torchvision/transforms/transforms.py:332: UserWarning: Argument 'interpolation' of type int is deprecated since 0.13 and will be removed in 0.15. Please use InterpolationMode enum.
  warnings.warn(
2024-09-21 11:24:49.492 | INFO     | data.get_datasets_inaturalist:get_datasets:145 - dataset_name: train_labelled
2024-09-21 11:24:49.494 | INFO     | data.get_datasets_inaturalist:get_datasets:145 - dataset_name: train_unlabelled
2024-09-21 11:24:49.495 | INFO     | data.get_datasets_inaturalist:get_datasets:145 - dataset_name: val
2024-09-21 11:24:49.496 | INFO     | data.get_datasets_inaturalist:get_datasets:145 - dataset_name: test
2024-09-21 11:24:49.497 | INFO     | data.get_datasets_inaturalist:get_datasets:145 - dataset_name: test_labelled
2024-09-21 11:24:49.498 | INFO     | data.get_datasets_inaturalist:get_datasets:145 - dataset_name: test_unlabelled
Experiment saved to: /wang_hp/zrl/pFed_logs/DCCL_align_loss/log/scars_hitsz_GPU2_todccl_rmdccllast_(21.09.2024_|_29.366)
['DCCL_align_loss']
Namespace(batch_size=128, num_workers=8, eval_funcs=['v2'], warmup_model_dir=None, dataset_name='scars', prop_train_labels=0.5, use_ssb_splits=True, grad_from_block=11, lr=0.1, gamma=0.1, momentum=0.9, weight_decay=5e-05, epochs=200, transform='imagenet', sup_weight=0.35, n_views=2, memax_weight=2, warmup_teacher_temp=0.07, teacher_temp=0.04, warmup_teacher_temp_epochs=30, fp16=True, print_freq=10, exp_name='scars_hitsz_GPU2_todccl_rmdccllast', n_clients=1, dirichlet=0.2, rounds=200, local_train_ep=1, rate_local_label_unlabel=0.5, show_client_data_info=False, use_gmm=False, use_gmm_agg=False, use_gmm_dual=False, begin_agg_round=0, gmm_alpha=0.1, weight_likelihood=0.01, gmm_lr=0.1, gmm_lr_multiply=0, sampling_times=0, local_global_contrastive_cluster_weight=0, local_GMM_project_head=False, global_GMM_project_head=False, exp_root='/wang_hp/zrl/pFed_logs', cub_root='/wang_hp/zhy/data', cifar_100_root='', hyper_k=231, cars_root='/wang_hp/zhy/data/stanford_cars', pets_root='', aircraft_root='', herbarium_dataroot='', osr_split_dir='/wang_hp/zrl/debug_fedgcd/data/ssb_splits', test_interval=1, use_contrastive_cluster=True, GCN_contrastive_cluster_weight=0.3, DCCL_contrastive_cluster_weight=0.1, align_loss_weight=0.1, contrastive_cluster_epochs=100, align_loss_epoch_start=0, align_loss_epoch_smooth=100, align_loss_weight_start=0, align_loss_weight_end=1, k1=15, k2=4, use_hard=False, memory_momentum=0.1, eps_gap=0.02, temp=0.05, use_cluster_head=False, num_instances=16, max_sim=True, eps=0.6, feature_output_index=2, wandb_offline=True, gcn_k1=80, max_conn=1, gcn_train_epoch=40, use_sym=False, neg_size=10, use_vpt=False, dino_pretrain_path='/wang_hp/zhy/gcd-task/pretrained/DINO/dino_vitbase16_pretrain.pth', load_from_model='/wang_hp/zrl/cub_model_best.pth', vpt_dropout=0.0, num_prompts=5, predict_token='cop', n_shallow_prompts=0, num_dpr=4, w_prompt_clu=0.35, unfrezee_only_last_prompt=True, single_minsim_1=0.6, single_minsim_2=0.6, single_minsim_3=0.6, single_k1=15, k1_ratio=0.6, seed=0, device=device(type='cuda', index=0), k1_dict={'DCCL': 15, 'DCCL2': 9, 'DCCL3': 25, 'DCCL4': 80, 'DCCL5': 80}, eps_dict={'DCCL': 0.6, 'DCCL2': 0.6, 'DCCL3': 0.6, 'DCCL4': 0.6, 'DCCL5': 0.5}, image_size=224, train_classes=[1, 11, 25, 38, 46, 50, 53, 75, 84, 100, 105, 117, 123, 129, 133, 134, 135, 136, 137, 138, 140, 144, 145, 146, 147, 149, 150, 151, 153, 160, 161, 162, 163, 164, 167, 168, 169, 174, 175, 180, 185, 186, 187, 192, 193, 0, 81, 97, 104, 122, 139, 141, 142, 143, 148, 152, 154, 155, 156, 157, 158, 159, 165, 166, 170, 171, 172, 173, 176, 177, 181, 184, 188, 191, 194, 195, 2, 7, 9, 16, 20, 26, 28, 44, 54, 95, 98, 102, 127, 178, 182, 22, 41, 82, 93, 112, 125, 189], unlabeled_classes=[23, 42, 83, 94, 113, 126, 190, 3, 8, 10, 17, 21, 27, 29, 45, 55, 96, 99, 103, 128, 179, 183, 4, 5, 6, 12, 13, 14, 15, 18, 19, 24, 30, 31, 32, 33, 34, 35, 36, 37, 39, 40, 43, 47, 48, 49, 51, 52, 56, 57, 58, 59, 60, 61, 62, 63, 64, 65, 66, 67, 68, 69, 70, 71, 72, 73, 74, 76, 77, 78, 79, 80, 85, 86, 87, 88, 89, 90, 91, 92, 101, 106, 107, 108, 109, 110, 111, 114, 115, 116, 118, 119, 120, 121, 124, 130, 131, 132], num_labeled_classes=98, num_unlabeled_classes=98, logger=<loguru.logger handlers=[(id=0, level=10, sink=<stderr>), (id=1, level=10, sink='/wang_hp/zrl/pFed_logs/DCCL_align_loss/log/scars_hitsz_GPU2_todccl_rmdccllast_(21.09.2024_|_29.366)/log.txt')]>, log_dir='/wang_hp/zrl/pFed_logs/DCCL_align_loss/log/scars_hitsz_GPU2_todccl_rmdccllast_(21.09.2024_|_29.366)', model_dir='/wang_hp/zrl/pFed_logs/DCCL_align_loss/log/scars_hitsz_GPU2_todccl_rmdccllast_(21.09.2024_|_29.366)/checkpoints', model_path='/wang_hp/zrl/pFed_logs/DCCL_align_loss/log/scars_hitsz_GPU2_todccl_rmdccllast_(21.09.2024_|_29.366)/checkpoints/model.pt')
Merge dataset -> relabel_dict:{0: 0, 1: 1, 2: 2, 3: 3, 4: 4, 5: 5, 6: 6, 7: 7, 8: 8, 9: 9, 10: 10, 11: 11, 12: 12, 13: 13, 14: 14, 15: 15, 16: 16, 17: 17, 18: 18, 19: 19, 20: 20, 21: 21, 22: 22, 23: 23, 24: 24, 25: 25, 26: 26, 27: 27, 28: 28, 29: 29, 30: 30, 31: 31, 32: 32, 33: 33, 34: 34, 35: 35, 36: 36, 37: 37, 38: 38, 39: 39, 40: 40, 41: 41, 42: 42, 43: 43, 44: 44, 45: 45, 46: 46, 47: 47, 48: 48, 49: 49, 50: 50, 51: 51, 52: 52, 53: 53, 54: 54, 55: 55, 56: 56, 57: 57, 58: 58, 59: 59, 60: 60, 61: 61, 62: 62, 63: 63, 64: 64, 65: 65, 66: 66, 67: 67, 68: 68, 69: 69, 70: 70, 71: 71, 72: 72, 73: 73, 74: 74, 75: 75, 76: 76, 77: 77, 78: 78, 79: 79, 80: 80, 81: 81, 82: 82, 83: 83, 84: 84, 85: 85, 86: 86, 87: 87, 88: 88, 89: 89, 90: 90, 91: 91, 92: 92, 93: 93, 94: 94, 95: 95, 96: 96, 97: 97, 98: 98, 99: 99, 100: 100, 101: 101, 102: 102, 103: 103, 104: 104, 105: 105, 106: 106, 107: 107, 108: 108, 109: 109, 110: 110, 111: 111, 112: 112, 113: 113, 114: 114, 115: 115, 116: 116, 117: 117, 118: 118, 119: 119, 120: 120, 121: 121, 122: 122, 123: 123, 124: 124, 125: 125, 126: 126, 127: 127, 128: 128, 129: 129, 130: 130, 131: 131, 132: 132, 133: 133, 134: 134, 135: 135, 136: 136, 137: 137, 138: 138, 139: 139, 140: 140, 141: 141, 142: 142, 143: 143, 144: 144, 145: 145, 146: 146, 147: 147, 148: 148, 149: 149, 150: 150, 151: 151, 152: 152, 153: 153, 154: 154, 155: 155, 156: 156, 157: 157, 158: 158, 159: 159, 160: 160, 161: 161, 162: 162, 163: 163, 164: 164, 165: 165, 166: 166, 167: 167, 168: 168, 169: 169, 170: 170, 171: 171, 172: 172, 173: 173, 174: 174, 175: 175, 176: 176, 177: 177, 178: 178, 179: 179, 180: 180, 181: 181, 182: 182, 183: 183, 184: 184, 185: 185, 186: 186, 187: 187, 188: 188, 189: 189, 190: 190, 191: 191, 192: 192, 193: 193, 194: 194, 195: 195}
Merge dataset -> relabel_dict:{0: 0, 1: 1, 2: 2, 3: 3, 4: 4, 5: 5, 6: 6, 7: 7, 8: 8, 9: 9, 10: 10, 11: 11, 12: 12, 13: 13, 14: 14, 15: 15, 16: 16, 17: 17, 18: 18, 19: 19, 20: 20, 21: 21, 22: 22, 23: 23, 24: 24, 25: 25, 26: 26, 27: 27, 28: 28, 29: 29, 30: 30, 31: 31, 32: 32, 33: 33, 34: 34, 35: 35, 36: 36, 37: 37, 38: 38, 39: 39, 40: 40, 41: 41, 42: 42, 43: 43, 44: 44, 45: 45, 46: 46, 47: 47, 48: 48, 49: 49, 50: 50, 51: 51, 52: 52, 53: 53, 54: 54, 55: 55, 56: 56, 57: 57, 58: 58, 59: 59, 60: 60, 61: 61, 62: 62, 63: 63, 64: 64, 65: 65, 66: 66, 67: 67, 68: 68, 69: 69, 70: 70, 71: 71, 72: 72, 73: 73, 74: 74, 75: 75, 76: 76, 77: 77, 78: 78, 79: 79, 80: 80, 81: 81, 82: 82, 83: 83, 84: 84, 85: 85, 86: 86, 87: 87, 88: 88, 89: 89, 90: 90, 91: 91, 92: 92, 93: 93, 94: 94, 95: 95, 96: 96, 97: 97, 98: 98, 99: 99, 100: 100, 101: 101, 102: 102, 103: 103, 104: 104, 105: 105, 106: 106, 107: 107, 108: 108, 109: 109, 110: 110, 111: 111, 112: 112, 113: 113, 114: 114, 115: 115, 116: 116, 117: 117, 118: 118, 119: 119, 120: 120, 121: 121, 122: 122, 123: 123, 124: 124, 125: 125, 126: 126, 127: 127, 128: 128, 129: 129, 130: 130, 131: 131, 132: 132, 133: 133, 134: 134, 135: 135, 136: 136, 137: 137, 138: 138, 139: 139, 140: 140, 141: 141, 142: 142, 143: 143, 144: 144, 145: 145, 146: 146, 147: 147, 148: 148, 149: 149, 150: 150, 151: 151, 152: 152, 153: 153, 154: 154, 155: 155, 156: 156, 157: 157, 158: 158, 159: 159, 160: 160, 161: 161, 162: 162, 163: 163, 164: 164, 165: 165, 166: 166, 167: 167, 168: 168, 169: 169, 170: 170, 171: 171, 172: 172, 173: 173, 174: 174, 175: 175, 176: 176, 177: 177, 178: 178, 179: 179, 180: 180, 181: 181, 182: 182, 183: 183, 184: 184, 185: 185, 186: 186, 187: 187, 188: 188, 189: 189, 190: 190, 191: 191, 192: 192, 193: 193, 194: 194, 195: 195}
==> Create pseudo labels for unlabeled data
=======================================================
  Infomap v2.7.1 starts at 2024-09-21 11:30:09
  -> Input network: 
  -> No file output!
  -> Configuration: two-level
                    directed
=======================================================
  OpenMP 201511 detected with 52 threads...
  -> Ordinary network input, using the Map Equation for first order network flows
Calculating global network flow using flow model 'directed'... 
  -> Using unrecorded teleportation to links. 
  -> PageRank calculation done in 200 iterations.

  => Sum node flow: 1, sum link flow: 1
Build internal network with 8125 nodes and 113393 links...
  -> One-level codelength: 11.0975477

================================================
Trial 1/1 starting at 2024-09-21 11:30:10
================================================
Two-level compression: 23% 1.9% 0.132109204% 0.150073462% 
Partitioned to codelength 1.31993757 + 7.05784507 = 8.377782647 in 148 (136 non-trivial) modules.

=> Trial 1/1 finished in 1.36834402s with codelength 8.37778265


================================================
Summary after 1 trial
================================================
Best end modular solution in 2 levels:
Per level number of modules:         [        148,           0] (sum: 148)
Per level number of leaf nodes:      [          0,        8125] (sum: 8125)
Per level average child degree:      [        148,     54.8986] (average: 56.5642)
Per level codelength for modules:    [1.319937574, 0.000000000] (sum: 1.319937574)
Per level codelength for leaf nodes: [0.000000000, 7.057845073] (sum: 7.057845073)
Per level codelength total:          [1.319937574, 7.057845073] (sum: 8.377782647)

===================================================
  Infomap ends at 2024-09-21 11:30:11
  (Elapsed time: 1.87987275s)
===================================================
2024-09-21 11:30:11.950 | INFO     | __main__:DCCL:434 - length of whole_train_test_dataset.labeled_set 2000
2024-09-21 11:30:11.953 | INFO     | __main__:test_with_pseudo_label_full:205 - Length of pred: 6144
2024-09-21 11:30:12.018 | INFO     | __main__:test_with_pseudo_label_full:223 - DCCL Pseudo method 1 - All Acc: 0.10823567708333333, Old Acc: 0.0704647676161919, New Acc: 0.12647839729664495
2024-09-21 11:30:12.041 | INFO     | __main__:test_with_pseudo_label_full:238 - DCCL Pseudo method 2 - All Acc: 0.11100260416666667, Old Acc: 0.07796101949025487, New Acc: 0.12696113927105962
2024-09-21 11:30:12.042 | INFO     | __main__:DCCL:448 - ==> DCCL Infomap for epoch 0: 120 clusters
[Time] [faiss-gpu] build index 15 consumes 3.5980 s
[Time] [faiss-gpu] query topk 15 consumes 0.1651 s
[Time] get links consumes 2.2309 s
孤立点数：19
总节点数：8144
总类别数/孤立节点数/小簇个数/有效簇个数：167/19/47/120
=======================================================
  Infomap v2.7.1 starts at 2024-09-21 11:30:14
  -> Input network: 
  -> No file output!
  -> Configuration: two-level
                    directed
=======================================================
  OpenMP 201511 detected with 52 threads...
  -> Ordinary network input, using the Map Equation for first order network flows
Calculating global network flow using flow model 'directed'... 
  -> Using unrecorded teleportation to links. 
  -> PageRank calculation done in 200 iterations.

  => Sum node flow: 1, sum link flow: 1
Build internal network with 8125 nodes and 64863 links...
  -> One-level codelength: 11.04283

================================================
Trial 1/1 starting at 2024-09-21 11:30:15
================================================
Two-level compression: 29% 1.9% 0.386707104% 0.0674035498% 0.0156346045% 0.0146689419% 0.00394991283% 
Partitioned to codelength 1.49824499 + 6.20510065 = 7.703345644 in 274 (264 non-trivial) modules.

=> Trial 1/1 finished in 1.25573493s with codelength 7.70334564


================================================
Summary after 1 trial
================================================
Best end modular solution in 2 levels:
Per level number of modules:         [        274,           0] (sum: 274)
Per level number of leaf nodes:      [          0,        8125] (sum: 8125)
Per level average child degree:      [        274,     29.6533] (average: 37.6246)
Per level codelength for modules:    [1.498244994, 0.000000000] (sum: 1.498244994)
Per level codelength for leaf nodes: [0.000000000, 6.205100650] (sum: 6.205100650)
Per level codelength total:          [1.498244994, 6.205100650] (sum: 7.703345644)

===================================================
  Infomap ends at 2024-09-21 11:30:16
  (Elapsed time: 1.58282858s)
===================================================
2024-09-21 11:30:17.526 | INFO     | __main__:DCCL:434 - length of whole_train_test_dataset.labeled_set 2000
2024-09-21 11:30:17.527 | INFO     | __main__:test_with_pseudo_label_full:205 - Length of pred: 6144
2024-09-21 11:30:17.595 | INFO     | __main__:test_with_pseudo_label_full:223 - DCCL2 Pseudo method 1 - All Acc: 0.14436848958333334, Old Acc: 0.1539230384807596, New Acc: 0.1397538015930485
2024-09-21 11:30:17.622 | INFO     | __main__:test_with_pseudo_label_full:238 - DCCL2 Pseudo method 2 - All Acc: 0.14388020833333334, Old Acc: 0.15242378810594703, New Acc: 0.1397538015930485
2024-09-21 11:30:17.623 | INFO     | __main__:DCCL:448 - ==> DCCL2 Infomap for epoch 0: 230 clusters
[Time] [faiss-gpu] build index 9 consumes 0.3319 s
[Time] [faiss-gpu] query topk 9 consumes 0.0796 s
[Time] get links consumes 1.2391 s
孤立点数：19
总节点数：8144
总类别数/孤立节点数/小簇个数/有效簇个数：293/19/63/230
=======================================================
  Infomap v2.7.1 starts at 2024-09-21 11:30:23
  -> Input network: 
  -> No file output!
  -> Configuration: two-level
                    directed
=======================================================
  OpenMP 201511 detected with 52 threads...
  -> Ordinary network input, using the Map Equation for first order network flows
Calculating global network flow using flow model 'directed'... 
  -> Using unrecorded teleportation to links. 
  -> PageRank calculation done in 200 iterations.

  => Sum node flow: 1, sum link flow: 1
Build internal network with 8125 nodes and 194136 links...
  -> One-level codelength: 11.1957931

================================================
Trial 1/1 starting at 2024-09-21 11:30:24
================================================
Two-level compression: 19% 2% 0.0158735299% 0.00342550189% 
Partitioned to codelength 1.01649108 + 7.83888006 = 8.855371139 in 95 (79 non-trivial) modules.

=> Trial 1/1 finished in 1.64098556s with codelength 8.85537114


================================================
Summary after 1 trial
================================================
Best end modular solution in 2 levels:
Per level number of modules:         [         95,           0] (sum: 95)
Per level number of leaf nodes:      [          0,        8125] (sum: 8125)
Per level average child degree:      [         95,     85.5263] (average: 85.6358)
Per level codelength for modules:    [1.016491076, 0.000000000] (sum: 1.016491076)
Per level codelength for leaf nodes: [0.000000000, 7.838880063] (sum: 7.838880063)
Per level codelength total:          [1.016491076, 7.838880063] (sum: 8.855371139)

===================================================
  Infomap ends at 2024-09-21 11:30:26
  (Elapsed time: 2.57315466s)
===================================================
2024-09-21 11:30:26.683 | INFO     | __main__:DCCL:434 - length of whole_train_test_dataset.labeled_set 2000
2024-09-21 11:30:26.688 | INFO     | __main__:test_with_pseudo_label_full:205 - Length of pred: 6144
2024-09-21 11:30:26.749 | INFO     | __main__:test_with_pseudo_label_full:223 - DCCL3 Pseudo method 1 - All Acc: 0.07763671875, Old Acc: 0.03548225887056472, New Acc: 0.0979966208061791
2024-09-21 11:30:26.763 | INFO     | __main__:test_with_pseudo_label_full:238 - DCCL3 Pseudo method 2 - All Acc: 0.08121744791666667, Old Acc: 0.04247876061969016, New Acc: 0.0999275887038378
2024-09-21 11:30:26.764 | INFO     | __main__:DCCL:448 - ==> DCCL3 Infomap for epoch 0: 68 clusters
[Time] [faiss-gpu] build index 25 consumes 0.3191 s
[Time] [faiss-gpu] query topk 25 consumes 0.1012 s
[Time] get links consumes 3.7737 s
孤立点数：19
总节点数：8144
总类别数/孤立节点数/小簇个数/有效簇个数：114/19/46/68
2024-09-21 11:30:28.783 | INFO     | __main__:test_with_pseudo_label_full:205 - Length of pred: 6144
2024-09-21 11:30:28.850 | INFO     | __main__:test_with_pseudo_label_full:223 - Ensemble clustering Pseudo method 1 - All Acc: 0.10725911458333333, Old Acc: 0.06346826586706647, New Acc: 0.12840936519430365
2024-09-21 11:30:28.872 | INFO     | __main__:test_with_pseudo_label_full:238 - Ensemble clustering Pseudo method 2 - All Acc: 0.11002604166666667, Old Acc: 0.07196401799100449, New Acc: 0.12840936519430365
2024-09-21 11:34:13.195 | INFO     | __main__:train:743 - Epoch: [0][0/63]	 loss 9.68397	 target_cls_loss: 5.2848 target_cluster_loss: 5.2440 target_sup_con_loss: 2.5353 target_contrastive_loss: 5.2176 DCCL_loss: 4.9321 DCCL2_loss: 5.4202 DCCL2_align_loss: 0.0002 DCCL3_loss: 4.3371 DCCL3_align_loss: 0.0002 
2024-09-21 11:40:03.206 | INFO     | __main__:train:743 - Epoch: [0][10/63]	 loss 9.51643	 target_cls_loss: 4.7666 target_cluster_loss: 5.2009 target_sup_con_loss: 2.6081 target_contrastive_loss: 5.1889 DCCL_loss: 4.9051 DCCL2_loss: 5.5762 DCCL2_align_loss: 0.0153 DCCL3_loss: 7.6829 DCCL3_align_loss: 0.0134 
2024-09-21 11:44:20.818 | INFO     | __main__:train:743 - Epoch: [0][20/63]	 loss 8.68781	 target_cls_loss: 4.0489 target_cluster_loss: 4.7619 target_sup_con_loss: 2.4497 target_contrastive_loss: 4.8077 DCCL_loss: 8.5688 DCCL2_loss: 5.0829 DCCL2_align_loss: 0.0135 DCCL3_loss: 5.6298 DCCL3_align_loss: 0.0131 
2024-09-21 11:49:30.268 | INFO     | __main__:train:743 - Epoch: [0][30/63]	 loss 8.36632	 target_cls_loss: 3.5839 target_cluster_loss: 4.5243 target_sup_con_loss: 2.3855 target_contrastive_loss: 4.8659 DCCL_loss: 6.5140 DCCL2_loss: 5.8542 DCCL2_align_loss: 0.0076 DCCL3_loss: 4.9573 DCCL3_align_loss: 0.0059 
2024-09-21 11:55:24.325 | INFO     | __main__:train:743 - Epoch: [0][40/63]	 loss 8.04496	 target_cls_loss: 3.1323 target_cluster_loss: 4.1561 target_sup_con_loss: 2.7378 target_contrastive_loss: 4.7971 DCCL_loss: 6.1306 DCCL2_loss: 7.6357 DCCL2_align_loss: 0.0065 DCCL3_loss: 3.2992 DCCL3_align_loss: 0.0085 
2024-09-21 11:59:17.968 | INFO     | __main__:train:743 - Epoch: [0][50/63]	 loss 7.73857	 target_cls_loss: 2.9748 target_cluster_loss: 4.0072 target_sup_con_loss: 2.3457 target_contrastive_loss: 4.7932 DCCL_loss: 5.7899 DCCL2_loss: 6.3648 DCCL2_align_loss: 0.0077 DCCL3_loss: 3.4446 DCCL3_align_loss: 0.0064 
2024-09-21 12:04:00.208 | INFO     | __main__:train:743 - Epoch: [0][60/63]	 loss 7.66513	 target_cls_loss: 2.8398 target_cluster_loss: 4.0237 target_sup_con_loss: 2.1254 target_contrastive_loss: 4.8951 DCCL_loss: 3.6789 DCCL2_loss: 5.4243 DCCL2_align_loss: 0.0056 DCCL3_loss: 3.8961 DCCL3_align_loss: 0.0039 
2024-09-21 12:04:23.208 | INFO     | __main__:train:746 - Train Epoch: 0 Avg Loss: 8.4975 
2024-09-21 12:04:23.210 | INFO     | __main__:train:749 - Testing on unlabelled examples in the training data...
==> Create pseudo labels for unlabeled data
=======================================================
  Infomap v2.7.1 starts at 2024-09-21 12:10:31
  -> Input network: 
  -> No file output!
  -> Configuration: two-level
                    directed
=======================================================
  OpenMP 201511 detected with 52 threads...
  -> Ordinary network input, using the Map Equation for first order network flows
Calculating global network flow using flow model 'directed'... 
  -> Using unrecorded teleportation to links. 
  -> PageRank calculation done in 200 iterations.

  => Sum node flow: 1, sum link flow: 1
Build internal network with 8144 nodes and 113831 links...
  -> One-level codelength: 12.0759318

================================================
Trial 1/1 starting at 2024-09-21 12:10:31
================================================
Two-level compression: 24% 2.5% 0.0304679546% 0.0324265013% 
Partitioned to codelength 1.95034075 + 6.9528587 = 8.903199444 in 137 (133 non-trivial) modules.

=> Trial 1/1 finished in 1.06426937s with codelength 8.90319944


================================================
Summary after 1 trial
================================================
Best end modular solution in 2 levels:
Per level number of modules:         [        137,           0] (sum: 137)
Per level number of leaf nodes:      [          0,        8144] (sum: 8144)
Per level average child degree:      [        137,     59.4453] (average: 60.7283)
Per level codelength for modules:    [1.950340748, 0.000000000] (sum: 1.950340748)
Per level codelength for leaf nodes: [0.000000000, 6.952858696] (sum: 6.952858696)
Per level codelength total:          [1.950340748, 6.952858696] (sum: 8.903199444)

===================================================
  Infomap ends at 2024-09-21 12:10:32
  (Elapsed time: 1.61731642s)
===================================================
2024-09-21 12:10:33.181 | INFO     | __main__:DCCL:434 - length of whole_train_test_dataset.labeled_set 2000
2024-09-21 12:10:33.183 | INFO     | __main__:test_with_pseudo_label_full:205 - Length of pred: 6144
2024-09-21 12:10:33.243 | INFO     | __main__:test_with_pseudo_label_full:223 - DCCL Pseudo method 1 - All Acc: 0.138671875, Old Acc: 0.13393303348325838, New Acc: 0.1409606565290852
2024-09-21 12:10:33.266 | INFO     | __main__:test_with_pseudo_label_full:238 - DCCL Pseudo method 2 - All Acc: 0.13899739583333334, Old Acc: 0.13393303348325838, New Acc: 0.14144339850349988
2024-09-21 12:10:33.267 | INFO     | __main__:DCCL:448 - ==> DCCL Infomap for epoch 1: 130 clusters
[Time] [faiss-gpu] build index 15 consumes 0.2087 s
[Time] [faiss-gpu] query topk 15 consumes 0.0921 s
[Time] get links consumes 2.1136 s
孤立点数：0
总节点数：8144
总类别数/孤立节点数/小簇个数/有效簇个数：137/0/7/130
=======================================================
  Infomap v2.7.1 starts at 2024-09-21 12:10:36
  -> Input network: 
  -> No file output!
  -> Configuration: two-level
                    directed
=======================================================
  OpenMP 201511 detected with 52 threads...
  -> Ordinary network input, using the Map Equation for first order network flows
Calculating global network flow using flow model 'directed'... 
  -> Using unrecorded teleportation to links. 
  -> PageRank calculation done in 200 iterations.

  => Sum node flow: 1, sum link flow: 1
Build internal network with 8144 nodes and 65106 links...
  -> One-level codelength: 11.984429

================================================
Trial 1/1 starting at 2024-09-21 12:10:36
================================================
Two-level compression: 31% 2% 0.176570945% 0.0642938168% 0.0114126977% 0.00283021399% 0.00278154969% 
Partitioned to codelength 2.12546068 + 5.91481381 = 8.040274494 in 291 (287 non-trivial) modules.

=> Trial 1/1 finished in 1.10313471s with codelength 8.04027449


================================================
Summary after 1 trial
================================================
Best end modular solution in 2 levels:
Per level number of modules:         [        291,           0] (sum: 291)
Per level number of leaf nodes:      [          0,        8144] (sum: 8144)
Per level average child degree:      [        291,     27.9863] (average: 37.06)
Per level codelength for modules:    [2.125460684, 0.000000000] (sum: 2.125460684)
Per level codelength for leaf nodes: [0.000000000, 5.914813810] (sum: 5.914813810)
Per level codelength total:          [2.125460684, 5.914813810] (sum: 8.040274494)

===================================================
  Infomap ends at 2024-09-21 12:10:37
  (Elapsed time: 1.38531075s)
===================================================
2024-09-21 12:10:37.913 | INFO     | __main__:DCCL:434 - length of whole_train_test_dataset.labeled_set 2000
2024-09-21 12:10:37.918 | INFO     | __main__:test_with_pseudo_label_full:205 - Length of pred: 6144
2024-09-21 12:10:37.994 | INFO     | __main__:test_with_pseudo_label_full:223 - DCCL2 Pseudo method 1 - All Acc: 0.1513671875, Old Acc: 0.15942028985507245, New Acc: 0.14747767318368332
2024-09-21 12:10:38.027 | INFO     | __main__:test_with_pseudo_label_full:238 - DCCL2 Pseudo method 2 - All Acc: 0.15120442708333334, Old Acc: 0.15942028985507245, New Acc: 0.147236302196476
2024-09-21 12:10:38.028 | INFO     | __main__:DCCL:448 - ==> DCCL2 Infomap for epoch 1: 271 clusters
[Time] [faiss-gpu] build index 9 consumes 0.2498 s
[Time] [faiss-gpu] query topk 9 consumes 0.0827 s
[Time] get links consumes 1.2500 s
孤立点数：0
总节点数：8144
总类别数/孤立节点数/小簇个数/有效簇个数：291/0/20/271
=======================================================
  Infomap v2.7.1 starts at 2024-09-21 12:10:44
  -> Input network: 
  -> No file output!
  -> Configuration: two-level
                    directed
=======================================================
  OpenMP 201511 detected with 52 threads...
  -> Ordinary network input, using the Map Equation for first order network flows
Calculating global network flow using flow model 'directed'... 
  -> Using unrecorded teleportation to links. 
  -> PageRank calculation done in 200 iterations.

  => Sum node flow: 1, sum link flow: 1
Build internal network with 8144 nodes and 194781 links...
  -> One-level codelength: 12.1426248

================================================
Trial 1/1 starting at 2024-09-21 12:10:45
================================================
Two-level compression: 19% 2.7% 0.0226870935% 0.0613318618% 
Partitioned to codelength 1.70856995 + 7.83702462 = 9.545594573 in 77 (75 non-trivial) modules.

=> Trial 1/1 finished in 1.3512707s with codelength 9.54559457


================================================
Summary after 1 trial
================================================
Best end modular solution in 2 levels:
Per level number of modules:         [         77,           0] (sum: 77)
Per level number of leaf nodes:      [          0,        8144] (sum: 8144)
Per level average child degree:      [         77,     105.766] (average: 105.497)
Per level codelength for modules:    [1.708569949, 0.000000000] (sum: 1.708569949)
Per level codelength for leaf nodes: [0.000000000, 7.837024623] (sum: 7.837024623)
Per level codelength total:          [1.708569949, 7.837024623] (sum: 9.545594573)

===================================================
  Infomap ends at 2024-09-21 12:10:47
  (Elapsed time: 2.26333724s)
===================================================
2024-09-21 12:10:48.194 | INFO     | __main__:DCCL:434 - length of whole_train_test_dataset.labeled_set 2000
2024-09-21 12:10:48.196 | INFO     | __main__:test_with_pseudo_label_full:205 - Length of pred: 6144
2024-09-21 12:10:48.258 | INFO     | __main__:test_with_pseudo_label_full:223 - DCCL3 Pseudo method 1 - All Acc: 0.11490885416666667, Old Acc: 0.06096951524237881, New Acc: 0.1409606565290852
2024-09-21 12:10:48.280 | INFO     | __main__:test_with_pseudo_label_full:238 - DCCL3 Pseudo method 2 - All Acc: 0.11507161458333333, Old Acc: 0.06096951524237881, New Acc: 0.14120202751629254
2024-09-21 12:10:48.281 | INFO     | __main__:DCCL:448 - ==> DCCL3 Infomap for epoch 1: 72 clusters
[Time] [faiss-gpu] build index 25 consumes 0.2921 s
[Time] [faiss-gpu] query topk 25 consumes 0.1181 s
[Time] get links consumes 4.5289 s
孤立点数：0
总节点数：8144
总类别数/孤立节点数/小簇个数/有效簇个数：77/0/5/72
2024-09-21 12:10:50.713 | INFO     | __main__:test_with_pseudo_label_full:205 - Length of pred: 6144
2024-09-21 12:10:50.777 | INFO     | __main__:test_with_pseudo_label_full:223 - Ensemble clustering Pseudo method 1 - All Acc: 0.140625, Old Acc: 0.11744127936031984, New Acc: 0.1518223509534154
2024-09-21 12:10:50.798 | INFO     | __main__:test_with_pseudo_label_full:238 - Ensemble clustering Pseudo method 2 - All Acc: 0.14095052083333334, Old Acc: 0.11744127936031984, New Acc: 0.15230509292783007
2024-09-21 12:14:52.960 | INFO     | __main__:train:743 - Epoch: [1][0/63]	 loss 7.27009	 target_cls_loss: 2.4043 target_cluster_loss: 3.7449 target_sup_con_loss: 2.0064 target_contrastive_loss: 4.7638 DCCL_loss: 6.4352 DCCL2_loss: 6.5956 DCCL2_align_loss: 0.0040 DCCL3_loss: 4.8975 DCCL3_align_loss: 0.0040 
2024-09-21 12:20:09.497 | INFO     | __main__:train:743 - Epoch: [1][10/63]	 loss 7.77092	 target_cls_loss: 2.9025 target_cluster_loss: 3.8882 target_sup_con_loss: 2.5481 target_contrastive_loss: 4.7527 DCCL_loss: 10.7874 DCCL2_loss: 8.3101 DCCL2_align_loss: 0.0168 DCCL3_loss: 3.4753 DCCL3_align_loss: 0.0165 
2024-09-21 12:25:21.133 | INFO     | __main__:train:743 - Epoch: [1][20/63]	 loss 7.14672	 target_cls_loss: 2.2256 target_cluster_loss: 3.6616 target_sup_con_loss: 2.0253 target_contrastive_loss: 4.8019 DCCL_loss: 4.2571 DCCL2_loss: 5.4276 DCCL2_align_loss: 0.0151 DCCL3_loss: 4.7384 DCCL3_align_loss: 0.0126 
2024-09-21 12:27:52.300 | INFO     | __main__:train:743 - Epoch: [1][30/63]	 loss 6.98724	 target_cls_loss: 1.9939 target_cluster_loss: 3.4939 target_sup_con_loss: 2.1703 target_contrastive_loss: 4.7499 DCCL_loss: 7.1228 DCCL2_loss: 5.3972 DCCL2_align_loss: 0.0163 DCCL3_loss: 3.1503 DCCL3_align_loss: 0.0197 
2024-09-21 12:34:33.347 | INFO     | __main__:train:743 - Epoch: [1][40/63]	 loss 7.28003	 target_cls_loss: 2.2827 target_cluster_loss: 3.4749 target_sup_con_loss: 2.8026 target_contrastive_loss: 4.7238 DCCL_loss: 6.0202 DCCL2_loss: 6.2719 DCCL2_align_loss: 0.0167 DCCL3_loss: 3.3510 DCCL3_align_loss: 0.0160 
2024-09-21 12:39:48.958 | INFO     | __main__:train:743 - Epoch: [1][50/63]	 loss 6.94284	 target_cls_loss: 2.1893 target_cluster_loss: 3.3083 target_sup_con_loss: 2.3827 target_contrastive_loss: 4.6925 DCCL_loss: 3.0858 DCCL2_loss: 7.0048 DCCL2_align_loss: 0.0124 DCCL3_loss: 2.9127 DCCL3_align_loss: 0.0135 
2024-09-21 12:42:07.385 | INFO     | __main__:train:743 - Epoch: [1][60/63]	 loss 6.94707	 target_cls_loss: 2.0240 target_cluster_loss: 3.4850 target_sup_con_loss: 2.0794 target_contrastive_loss: 4.7558 DCCL_loss: 3.9170 DCCL2_loss: 7.1613 DCCL2_align_loss: 0.0106 DCCL3_loss: 3.0450 DCCL3_align_loss: 0.0114 
2024-09-21 12:42:17.210 | INFO     | __main__:train:746 - Train Epoch: 1 Avg Loss: 7.1418 
2024-09-21 12:42:17.212 | INFO     | __main__:train:749 - Testing on unlabelled examples in the training data...
==> Create pseudo labels for unlabeled data
=======================================================
  Infomap v2.7.1 starts at 2024-09-21 12:47:40
  -> Input network: 
  -> No file output!
  -> Configuration: two-level
                    directed
=======================================================
  OpenMP 201511 detected with 52 threads...
  -> Ordinary network input, using the Map Equation for first order network flows
Calculating global network flow using flow model 'directed'... 
  -> Using unrecorded teleportation to links. 
  -> PageRank calculation done in 200 iterations.

  => Sum node flow: 1, sum link flow: 1
Build internal network with 8142 nodes and 113174 links...
  -> One-level codelength: 12.0832927

================================================
Trial 1/1 starting at 2024-09-21 12:47:40
================================================
Two-level compression: 26% 2.3% 
Partitioned to codelength 1.78665723 + 6.98742146 = 8.774078696 in 140 (135 non-trivial) modules.

=> Trial 1/1 finished in 0.758312351s with codelength 8.7740787


================================================
Summary after 1 trial
================================================
Best end modular solution in 2 levels:
Per level number of modules:         [        140,           0] (sum: 140)
Per level number of leaf nodes:      [          0,        8142] (sum: 8142)
Per level average child degree:      [        140,     58.1571] (average: 59.5406)
Per level codelength for modules:    [1.786657231, 0.000000000] (sum: 1.786657231)
Per level codelength for leaf nodes: [0.000000000, 6.987421465] (sum: 6.987421465)
Per level codelength total:          [1.786657231, 6.987421465] (sum: 8.774078696)

===================================================
  Infomap ends at 2024-09-21 12:47:41
  (Elapsed time: 1.22312036s)
===================================================
2024-09-21 12:47:41.879 | INFO     | __main__:DCCL:434 - length of whole_train_test_dataset.labeled_set 2000
2024-09-21 12:47:41.882 | INFO     | __main__:test_with_pseudo_label_full:205 - Length of pred: 6144
2024-09-21 12:47:41.944 | INFO     | __main__:test_with_pseudo_label_full:223 - DCCL Pseudo method 1 - All Acc: 0.19124348958333334, Old Acc: 0.17041479260369816, New Acc: 0.20130340333091962
2024-09-21 12:47:41.964 | INFO     | __main__:test_with_pseudo_label_full:238 - DCCL Pseudo method 2 - All Acc: 0.19222005208333334, Old Acc: 0.17341329335332334, New Acc: 0.20130340333091962
2024-09-21 12:47:41.965 | INFO     | __main__:DCCL:448 - ==> DCCL Infomap for epoch 2: 132 clusters
[Time] [faiss-gpu] build index 15 consumes 0.2784 s
[Time] [faiss-gpu] query topk 15 consumes 0.1117 s
[Time] get links consumes 2.2479 s
孤立点数：2
总节点数：8144
总类别数/孤立节点数/小簇个数/有效簇个数：142/2/10/132
=======================================================
  Infomap v2.7.1 starts at 2024-09-21 12:47:45
  -> Input network: 
  -> No file output!
  -> Configuration: two-level
                    directed
=======================================================
  OpenMP 201511 detected with 52 threads...
  -> Ordinary network input, using the Map Equation for first order network flows
Calculating global network flow using flow model 'directed'... 
  -> Using unrecorded teleportation to links. 
  -> PageRank calculation done in 200 iterations.

  => Sum node flow: 1, sum link flow: 1
Build internal network with 8142 nodes and 64901 links...
  -> One-level codelength: 11.9875673

================================================
Trial 1/1 starting at 2024-09-21 12:47:45
================================================
Two-level compression: 33% 1.8% 0.192077868% 0.090413576% 0.0295124761% 0.0290303655% 0.00222614176% 0.00277768938% 
Partitioned to codelength 1.93579547 + 5.94587728 = 7.881672751 in 292 (284 non-trivial) modules.

=> Trial 1/1 finished in 1.30216671s with codelength 7.88167275


================================================
Summary after 1 trial
================================================
Best end modular solution in 2 levels:
Per level number of modules:         [        292,           0] (sum: 292)
Per level number of leaf nodes:      [          0,        8142] (sum: 8142)
Per level average child degree:      [        292,     27.8836] (average: 37.0277)
Per level codelength for modules:    [1.935795469, 0.000000000] (sum: 1.935795469)
Per level codelength for leaf nodes: [0.000000000, 5.945877282] (sum: 5.945877282)
Per level codelength total:          [1.935795469, 5.945877282] (sum: 7.881672751)

===================================================
  Infomap ends at 2024-09-21 12:47:46
  (Elapsed time: 1.60052657s)
===================================================
2024-09-21 12:47:46.931 | INFO     | __main__:DCCL:434 - length of whole_train_test_dataset.labeled_set 2000
2024-09-21 12:47:46.935 | INFO     | __main__:test_with_pseudo_label_full:205 - Length of pred: 6144
2024-09-21 12:47:47.000 | INFO     | __main__:test_with_pseudo_label_full:223 - DCCL2 Pseudo method 1 - All Acc: 0.21695963541666666, Old Acc: 0.27886056971514245, New Acc: 0.1870625150856867
2024-09-21 12:47:47.025 | INFO     | __main__:test_with_pseudo_label_full:238 - DCCL2 Pseudo method 2 - All Acc: 0.21695963541666666, Old Acc: 0.27886056971514245, New Acc: 0.1870625150856867
2024-09-21 12:47:47.026 | INFO     | __main__:DCCL:448 - ==> DCCL2 Infomap for epoch 2: 264 clusters
[Time] [faiss-gpu] build index 9 consumes 0.3406 s
[Time] [faiss-gpu] query topk 9 consumes 0.0876 s
[Time] get links consumes 1.3322 s
孤立点数：2
总节点数：8144
总类别数/孤立节点数/小簇个数/有效簇个数：294/2/30/264
=======================================================
  Infomap v2.7.1 starts at 2024-09-21 12:47:52
  -> Input network: 
  -> No file output!
  -> Configuration: two-level
                    directed
=======================================================
  OpenMP 201511 detected with 52 threads...
  -> Ordinary network input, using the Map Equation for first order network flows
Calculating global network flow using flow model 'directed'... 
  -> Using unrecorded teleportation to links. 
  -> PageRank calculation done in 200 iterations.

  => Sum node flow: 1, sum link flow: 1
Build internal network with 8142 nodes and 192635 links...
  -> One-level codelength: 12.1554986

================================================
Trial 1/1 starting at 2024-09-21 12:47:53
================================================
Two-level compression: 21% 2.4% 
Partitioned to codelength 1.33744387 + 7.99980336 = 9.337247228 in 84 (79 non-trivial) modules.

=> Trial 1/1 finished in 0.98224113s with codelength 9.33724723


================================================
Summary after 1 trial
================================================
Best end modular solution in 2 levels:
Per level number of modules:         [         84,           0] (sum: 84)
Per level number of leaf nodes:      [          0,        8142] (sum: 8142)
Per level average child degree:      [         84,     96.9286] (average: 96.7966)
Per level codelength for modules:    [1.337443871, 0.000000000] (sum: 1.337443871)
Per level codelength for leaf nodes: [0.000000000, 7.999803356] (sum: 7.999803356)
Per level codelength total:          [1.337443871, 7.999803356] (sum: 9.337247228)

===================================================
  Infomap ends at 2024-09-21 12:47:54
  (Elapsed time: 2.00243617s)
===================================================
2024-09-21 12:47:55.192 | INFO     | __main__:DCCL:434 - length of whole_train_test_dataset.labeled_set 2000
2024-09-21 12:47:55.195 | INFO     | __main__:test_with_pseudo_label_full:205 - Length of pred: 6144
2024-09-21 12:47:55.256 | INFO     | __main__:test_with_pseudo_label_full:223 - DCCL3 Pseudo method 1 - All Acc: 0.14274088541666666, Old Acc: 0.10844577711144428, New Acc: 0.15930485155684287
2024-09-21 12:47:55.275 | INFO     | __main__:test_with_pseudo_label_full:238 - DCCL3 Pseudo method 2 - All Acc: 0.14388020833333334, Old Acc: 0.11044477761119441, New Acc: 0.16002896451846488
2024-09-21 12:47:55.276 | INFO     | __main__:DCCL:448 - ==> DCCL3 Infomap for epoch 2: 73 clusters
[Time] [faiss-gpu] build index 25 consumes 0.2751 s
[Time] [faiss-gpu] query topk 25 consumes 0.0933 s
[Time] get links consumes 3.5870 s
孤立点数：2
总节点数：8144
总类别数/孤立节点数/小簇个数/有效簇个数：86/2/13/73
2024-09-21 12:47:57.677 | INFO     | __main__:test_with_pseudo_label_full:205 - Length of pred: 6144
2024-09-21 12:47:57.751 | INFO     | __main__:test_with_pseudo_label_full:223 - Ensemble clustering Pseudo method 1 - All Acc: 0.19091796875, Old Acc: 0.16841579210394803, New Acc: 0.20178614530533429
2024-09-21 12:47:57.773 | INFO     | __main__:test_with_pseudo_label_full:238 - Ensemble clustering Pseudo method 2 - All Acc: 0.19173177083333334, Old Acc: 0.17091454272863568, New Acc: 0.20178614530533429
2024-09-21 12:52:10.383 | INFO     | __main__:train:743 - Epoch: [2][0/63]	 loss 6.45549	 target_cls_loss: 1.8554 target_cluster_loss: 3.2403 target_sup_con_loss: 1.4626 target_contrastive_loss: 4.7270 DCCL_loss: 3.3715 DCCL2_loss: 2.7602 DCCL2_align_loss: 0.0102 DCCL3_loss: 3.6142 DCCL3_align_loss: 0.0138 
2024-09-21 12:57:46.352 | INFO     | __main__:train:743 - Epoch: [2][10/63]	 loss 6.93527	 target_cls_loss: 2.0350 target_cluster_loss: 3.4336 target_sup_con_loss: 1.9939 target_contrastive_loss: 4.7344 DCCL_loss: 8.1549 DCCL2_loss: 6.9877 DCCL2_align_loss: 0.0224 DCCL3_loss: 3.0850 DCCL3_align_loss: 0.0218 
2024-09-21 13:03:04.914 | INFO     | __main__:train:743 - Epoch: [2][20/63]	 loss 6.37658	 target_cls_loss: 1.5988 target_cluster_loss: 3.0643 target_sup_con_loss: 1.7853 target_contrastive_loss: 4.7071 DCCL_loss: 5.1599 DCCL2_loss: 4.1509 DCCL2_align_loss: 0.0258 DCCL3_loss: 2.5404 DCCL3_align_loss: 0.0308 
2024-09-21 13:05:17.424 | INFO     | __main__:train:743 - Epoch: [2][30/63]	 loss 6.41560	 target_cls_loss: 1.5998 target_cluster_loss: 3.1742 target_sup_con_loss: 1.7239 target_contrastive_loss: 4.7092 DCCL_loss: 4.6193 DCCL2_loss: 3.6203 DCCL2_align_loss: 0.0253 DCCL3_loss: 2.5534 DCCL3_align_loss: 0.0218 
2024-09-21 13:11:50.360 | INFO     | __main__:train:743 - Epoch: [2][40/63]	 loss 6.35144	 target_cls_loss: 1.4278 target_cluster_loss: 3.0104 target_sup_con_loss: 1.9215 target_contrastive_loss: 4.7136 DCCL_loss: 4.3480 DCCL2_loss: 6.2567 DCCL2_align_loss: 0.0215 DCCL3_loss: 2.7741 DCCL3_align_loss: 0.0210 
2024-09-21 13:17:04.363 | INFO     | __main__:train:743 - Epoch: [2][50/63]	 loss 6.34156	 target_cls_loss: 1.4282 target_cluster_loss: 2.9913 target_sup_con_loss: 2.1112 target_contrastive_loss: 4.6711 DCCL_loss: 3.2185 DCCL2_loss: 4.5807 DCCL2_align_loss: 0.0172 DCCL3_loss: 2.5065 DCCL3_align_loss: 0.0177 
2024-09-21 13:19:26.355 | INFO     | __main__:train:743 - Epoch: [2][60/63]	 loss 6.10845	 target_cls_loss: 1.3160 target_cluster_loss: 2.8506 target_sup_con_loss: 1.7899 target_contrastive_loss: 4.6827 DCCL_loss: 3.2656 DCCL2_loss: 4.4594 DCCL2_align_loss: 0.0135 DCCL3_loss: 2.8056 DCCL3_align_loss: 0.0166 
2024-09-21 13:19:35.786 | INFO     | __main__:train:746 - Train Epoch: 2 Avg Loss: 6.4026 
2024-09-21 13:19:35.787 | INFO     | __main__:train:749 - Testing on unlabelled examples in the training data...
==> Create pseudo labels for unlabeled data
=======================================================
  Infomap v2.7.1 starts at 2024-09-21 13:25:06
  -> Input network: 
  -> No file output!
  -> Configuration: two-level
                    directed
=======================================================
  OpenMP 201511 detected with 52 threads...
  -> Ordinary network input, using the Map Equation for first order network flows
Calculating global network flow using flow model 'directed'... 
  -> Using unrecorded teleportation to links. 
  -> PageRank calculation done in 200 iterations.

  => Sum node flow: 1, sum link flow: 1
Build internal network with 8129 nodes and 110741 links...
  -> One-level codelength: 12.0941672

================================================
Trial 1/1 starting at 2024-09-21 13:25:06
================================================
Two-level compression: 28% 2.2% 0.0288454137% 0.0797510445% 0.00152546672% 0.00345482744% 
Partitioned to codelength 1.69157178 + 6.81253275 = 8.504104528 in 162 (156 non-trivial) modules.

=> Trial 1/1 finished in 1.30211978s with codelength 8.50410453


================================================
Summary after 1 trial
================================================
Best end modular solution in 2 levels:
Per level number of modules:         [        162,           0] (sum: 162)
Per level number of leaf nodes:      [          0,        8129] (sum: 8129)
Per level average child degree:      [        162,      50.179] (average: 52.3639)
Per level codelength for modules:    [1.691571776, 0.000000000] (sum: 1.691571776)
Per level codelength for leaf nodes: [0.000000000, 6.812532753] (sum: 6.812532753)
Per level codelength total:          [1.691571776, 6.812532753] (sum: 8.504104528)

===================================================
  Infomap ends at 2024-09-21 13:25:07
  (Elapsed time: 1.72227675s)
===================================================
2024-09-21 13:25:08.709 | INFO     | __main__:DCCL:434 - length of whole_train_test_dataset.labeled_set 2000
2024-09-21 13:25:08.710 | INFO     | __main__:test_with_pseudo_label_full:205 - Length of pred: 6144
2024-09-21 13:25:08.771 | INFO     | __main__:test_with_pseudo_label_full:223 - DCCL Pseudo method 1 - All Acc: 0.2626953125, Old Acc: 0.2748625687156422, New Acc: 0.2568187303886073
2024-09-21 13:25:08.791 | INFO     | __main__:test_with_pseudo_label_full:238 - DCCL Pseudo method 2 - All Acc: 0.263671875, Old Acc: 0.2773613193403298, New Acc: 0.25706010137581464
2024-09-21 13:25:08.792 | INFO     | __main__:DCCL:448 - ==> DCCL Infomap for epoch 3: 147 clusters
[Time] [faiss-gpu] build index 15 consumes 0.3660 s
[Time] [faiss-gpu] query topk 15 consumes 0.1085 s
[Time] get links consumes 2.0841 s
孤立点数：15
总节点数：8144
总类别数/孤立节点数/小簇个数/有效簇个数：177/15/30/147
=======================================================
  Infomap v2.7.1 starts at 2024-09-21 13:25:11
  -> Input network: 
  -> No file output!
  -> Configuration: two-level
                    directed
=======================================================
  OpenMP 201511 detected with 52 threads...
  -> Ordinary network input, using the Map Equation for first order network flows
Calculating global network flow using flow model 'directed'... 
  -> Using unrecorded teleportation to links. 
  -> PageRank calculation done in 200 iterations.

  => Sum node flow: 1, sum link flow: 1
Build internal network with 8129 nodes and 64243 links...
  -> One-level codelength: 11.9886222

================================================
Trial 1/1 starting at 2024-09-21 13:25:12
================================================
Two-level compression: 35% 2.1% 0.0916501069% 0.0427591616% 0.0149650585% 0.00323068991% 0.0143544739% 
Partitioned to codelength 1.84810899 + 5.73361067 = 7.581719663 in 296 (293 non-trivial) modules.

=> Trial 1/1 finished in 1.09982775s with codelength 7.58171966


================================================
Summary after 1 trial
================================================
Best end modular solution in 2 levels:
Per level number of modules:         [        296,           0] (sum: 296)
Per level number of leaf nodes:      [          0,        8129] (sum: 8129)
Per level average child degree:      [        296,     27.4628] (average: 36.8975)
Per level codelength for modules:    [1.848108993, 0.000000000] (sum: 1.848108993)
Per level codelength for leaf nodes: [0.000000000, 5.733610671] (sum: 5.733610671)
Per level codelength total:          [1.848108993, 5.733610671] (sum: 7.581719663)

===================================================
  Infomap ends at 2024-09-21 13:25:13
  (Elapsed time: 1.40496475s)
===================================================
2024-09-21 13:25:13.647 | INFO     | __main__:DCCL:434 - length of whole_train_test_dataset.labeled_set 2000
2024-09-21 13:25:13.652 | INFO     | __main__:test_with_pseudo_label_full:205 - Length of pred: 6144
2024-09-21 13:25:13.716 | INFO     | __main__:test_with_pseudo_label_full:223 - DCCL2 Pseudo method 1 - All Acc: 0.2848307291666667, Old Acc: 0.38780609695152424, New Acc: 0.2350953415399469
2024-09-21 13:25:13.746 | INFO     | __main__:test_with_pseudo_label_full:238 - DCCL2 Pseudo method 2 - All Acc: 0.2845052083333333, Old Acc: 0.3868065967016492, New Acc: 0.2350953415399469
2024-09-21 13:25:13.749 | INFO     | __main__:DCCL:448 - ==> DCCL2 Infomap for epoch 3: 266 clusters
[Time] [faiss-gpu] build index 9 consumes 0.4872 s
[Time] [faiss-gpu] query topk 9 consumes 0.0898 s
[Time] get links consumes 1.2659 s
孤立点数：15
总节点数：8144
总类别数/孤立节点数/小簇个数/有效簇个数：311/15/45/266
=======================================================
  Infomap v2.7.1 starts at 2024-09-21 13:25:19
  -> Input network: 
  -> No file output!
  -> Configuration: two-level
                    directed
=======================================================
  OpenMP 201511 detected with 52 threads...
  -> Ordinary network input, using the Map Equation for first order network flows
Calculating global network flow using flow model 'directed'... 
  -> Using unrecorded teleportation to links. 
  -> PageRank calculation done in 200 iterations.

  => Sum node flow: 1, sum link flow: 1
Build internal network with 8129 nodes and 184808 links...
  -> One-level codelength: 12.1515816

================================================
Trial 1/1 starting at 2024-09-21 13:25:20
================================================
Two-level compression: 23% 2.2% 0.22546608% 0.1145651% 
Partitioned to codelength 1.37757124 + 7.72589538 = 9.103466613 in 85 (83 non-trivial) modules.

=> Trial 1/1 finished in 1.29435253s with codelength 9.10346661


================================================
Summary after 1 trial
================================================
Best end modular solution in 2 levels:
Per level number of modules:         [         85,           0] (sum: 85)
Per level number of leaf nodes:      [          0,        8129] (sum: 8129)
Per level average child degree:      [         85,     95.6353] (average: 95.5252)
Per level codelength for modules:    [1.377571235, 0.000000000] (sum: 1.377571235)
Per level codelength for leaf nodes: [0.000000000, 7.725895377] (sum: 7.725895377)
Per level codelength total:          [1.377571235, 7.725895377] (sum: 9.103466613)

===================================================
  Infomap ends at 2024-09-21 13:25:21
  (Elapsed time: 2.14788776s)
===================================================
2024-09-21 13:25:22.234 | INFO     | __main__:DCCL:434 - length of whole_train_test_dataset.labeled_set 2000
2024-09-21 13:25:22.237 | INFO     | __main__:test_with_pseudo_label_full:205 - Length of pred: 6144
2024-09-21 13:25:22.302 | INFO     | __main__:test_with_pseudo_label_full:223 - DCCL3 Pseudo method 1 - All Acc: 0.20279947916666666, Old Acc: 0.19490254872563717, New Acc: 0.20661356504948106
2024-09-21 13:25:22.324 | INFO     | __main__:test_with_pseudo_label_full:238 - DCCL3 Pseudo method 2 - All Acc: 0.20393880208333334, Old Acc: 0.19540229885057472, New Acc: 0.2080617909727251
2024-09-21 13:25:22.325 | INFO     | __main__:DCCL:448 - ==> DCCL3 Infomap for epoch 3: 81 clusters
[Time] [faiss-gpu] build index 25 consumes 0.3430 s
[Time] [faiss-gpu] query topk 25 consumes 0.0927 s
[Time] get links consumes 3.7002 s
孤立点数：15
总节点数：8144
总类别数/孤立节点数/小簇个数/有效簇个数：100/15/19/81
2024-09-21 13:25:25.065 | INFO     | __main__:test_with_pseudo_label_full:205 - Length of pred: 6144
2024-09-21 13:25:25.133 | INFO     | __main__:test_with_pseudo_label_full:223 - Ensemble clustering Pseudo method 1 - All Acc: 0.26171875, Old Acc: 0.2783608195902049, New Acc: 0.2536809075549119
2024-09-21 13:25:25.154 | INFO     | __main__:test_with_pseudo_label_full:238 - Ensemble clustering Pseudo method 2 - All Acc: 0.2625325520833333, Old Acc: 0.2843578210894553, New Acc: 0.2519913106444605
2024-09-21 13:30:42.953 | INFO     | __main__:train:743 - Epoch: [3][0/63]	 loss 5.92986	 target_cls_loss: 1.3536 target_cluster_loss: 2.8518 target_sup_con_loss: 1.3405 target_contrastive_loss: 4.6619 DCCL_loss: 2.5312 DCCL2_loss: 2.7293 DCCL2_align_loss: 0.0186 DCCL3_loss: 2.8031 DCCL3_align_loss: 0.0158 
2024-09-21 13:35:55.989 | INFO     | __main__:train:743 - Epoch: [3][10/63]	 loss 6.32150	 target_cls_loss: 1.4036 target_cluster_loss: 2.9637 target_sup_con_loss: 1.9525 target_contrastive_loss: 4.7094 DCCL_loss: 5.3521 DCCL2_loss: 4.5585 DCCL2_align_loss: 0.0272 DCCL3_loss: 2.5594 DCCL3_align_loss: 0.0231 
2024-09-21 13:41:19.422 | INFO     | __main__:train:743 - Epoch: [3][20/63]	 loss 6.03678	 target_cls_loss: 1.1252 target_cluster_loss: 2.8197 target_sup_con_loss: 1.7200 target_contrastive_loss: 4.6936 DCCL_loss: 5.7485 DCCL2_loss: 3.8007 DCCL2_align_loss: 0.0197 DCCL3_loss: 2.7639 DCCL3_align_loss: 0.0281 
2024-09-21 13:44:13.868 | INFO     | __main__:train:743 - Epoch: [3][30/63]	 loss 5.91304	 target_cls_loss: 1.1219 target_cluster_loss: 2.8394 target_sup_con_loss: 1.4473 target_contrastive_loss: 4.6929 DCCL_loss: 3.4915 DCCL2_loss: 3.0584 DCCL2_align_loss: 0.0235 DCCL3_loss: 2.6602 DCCL3_align_loss: 0.0210 
2024-09-21 13:51:17.471 | INFO     | __main__:train:743 - Epoch: [3][40/63]	 loss 5.97435	 target_cls_loss: 1.1101 target_cluster_loss: 2.8827 target_sup_con_loss: 1.4748 target_contrastive_loss: 4.6992 DCCL_loss: 3.5820 DCCL2_loss: 4.9216 DCCL2_align_loss: 0.0280 DCCL3_loss: 2.5545 DCCL3_align_loss: 0.0238 
2024-09-21 13:54:55.360 | INFO     | __main__:train:743 - Epoch: [3][50/63]	 loss 5.70805	 target_cls_loss: 1.1189 target_cluster_loss: 2.6789 target_sup_con_loss: 1.1286 target_contrastive_loss: 4.6619 DCCL_loss: 4.7297 DCCL2_loss: 4.3653 DCCL2_align_loss: 0.0258 DCCL3_loss: 2.6339 DCCL3_align_loss: 0.0233 
2024-09-21 13:58:42.313 | INFO     | __main__:train:743 - Epoch: [3][60/63]	 loss 5.62596	 target_cls_loss: 1.0367 target_cluster_loss: 2.5954 target_sup_con_loss: 1.1516 target_contrastive_loss: 4.6794 DCCL_loss: 3.3334 DCCL2_loss: 4.9020 DCCL2_align_loss: 0.0215 DCCL3_loss: 2.0464 DCCL3_align_loss: 0.0215 
2024-09-21 13:58:48.538 | INFO     | __main__:train:746 - Train Epoch: 3 Avg Loss: 5.9635 
2024-09-21 13:58:48.540 | INFO     | __main__:train:749 - Testing on unlabelled examples in the training data...
==> Create pseudo labels for unlabeled data
=======================================================
  Infomap v2.7.1 starts at 2024-09-21 14:04:43
  -> Input network: 
  -> No file output!
  -> Configuration: two-level
                    directed
=======================================================
  OpenMP 201511 detected with 52 threads...
  -> Ordinary network input, using the Map Equation for first order network flows
Calculating global network flow using flow model 'directed'... 
  -> Using unrecorded teleportation to links. 
  -> PageRank calculation done in 200 iterations.

  => Sum node flow: 1, sum link flow: 1
Build internal network with 8104 nodes and 108602 links...
  -> One-level codelength: 12.103747

================================================
Trial 1/1 starting at 2024-09-21 14:04:43
================================================
Two-level compression: 32% 2.2% 0.0170617917% 0.0144017229% 
Partitioned to codelength 1.5435402 + 6.50455185 = 8.048092055 in 176 (171 non-trivial) modules.

=> Trial 1/1 finished in 1.02692911s with codelength 8.04809205


================================================
Summary after 1 trial
================================================
Best end modular solution in 2 levels:
Per level number of modules:         [        176,           0] (sum: 176)
Per level number of leaf nodes:      [          0,        8104] (sum: 8104)
Per level average child degree:      [        176,     46.0455] (average: 48.8078)
Per level codelength for modules:    [1.543540203, 0.000000000] (sum: 1.543540203)
Per level codelength for leaf nodes: [0.000000000, 6.504551852] (sum: 6.504551852)
Per level codelength total:          [1.543540203, 6.504551852] (sum: 8.048092055)

===================================================
  Infomap ends at 2024-09-21 14:04:44
  (Elapsed time: 1.45121633s)
===================================================
2024-09-21 14:04:45.197 | INFO     | __main__:DCCL:434 - length of whole_train_test_dataset.labeled_set 2000
2024-09-21 14:04:45.246 | INFO     | __main__:test_with_pseudo_label_full:205 - Length of pred: 6144
2024-09-21 14:04:45.340 | INFO     | __main__:test_with_pseudo_label_full:223 - DCCL Pseudo method 1 - All Acc: 0.3196614583333333, Old Acc: 0.39080459770114945, New Acc: 0.28530050687907316
2024-09-21 14:04:45.358 | INFO     | __main__:test_with_pseudo_label_full:238 - DCCL Pseudo method 2 - All Acc: 0.3206380208333333, Old Acc: 0.392303848075962, New Acc: 0.28602461984069516
2024-09-21 14:04:45.359 | INFO     | __main__:DCCL:448 - ==> DCCL Infomap for epoch 4: 160 clusters
[Time] [faiss-gpu] build index 15 consumes 0.2339 s
[Time] [faiss-gpu] query topk 15 consumes 0.0984 s
[Time] get links consumes 2.1234 s
孤立点数：40
总节点数：8144
总类别数/孤立节点数/小簇个数/有效簇个数：216/40/56/160
=======================================================
  Infomap v2.7.1 starts at 2024-09-21 14:04:48
  -> Input network: 
  -> No file output!
  -> Configuration: two-level
                    directed
=======================================================
  OpenMP 201511 detected with 52 threads...
  -> Ordinary network input, using the Map Equation for first order network flows
Calculating global network flow using flow model 'directed'... 
  -> Using unrecorded teleportation to links. 
  -> PageRank calculation done in 200 iterations.

  => Sum node flow: 1, sum link flow: 1
Build internal network with 8104 nodes and 63444 links...
  -> One-level codelength: 11.9793675

================================================
Trial 1/1 starting at 2024-09-21 14:04:48
================================================
Two-level compression: 39% 1.4% 0.112316125% 0.0683292518% 
Partitioned to codelength 1.55086905 + 5.65025654 = 7.201125597 in 297 (295 non-trivial) modules.

=> Trial 1/1 finished in 0.902879275s with codelength 7.2011256


================================================
Summary after 1 trial
================================================
Best end modular solution in 2 levels:
Per level number of modules:         [        297,           0] (sum: 297)
Per level number of leaf nodes:      [          0,        8104] (sum: 8104)
Per level average child degree:      [        297,     27.2862] (average: 36.8214)
Per level codelength for modules:    [1.550869055, 0.000000000] (sum: 1.550869055)
Per level codelength for leaf nodes: [0.000000000, 5.650256543] (sum: 5.650256543)
Per level codelength total:          [1.550869055, 5.650256543] (sum: 7.201125597)

===================================================
  Infomap ends at 2024-09-21 14:04:49
  (Elapsed time: 1.22042958s)
===================================================
2024-09-21 14:04:50.279 | INFO     | __main__:DCCL:434 - length of whole_train_test_dataset.labeled_set 2000
2024-09-21 14:04:50.281 | INFO     | __main__:test_with_pseudo_label_full:205 - Length of pred: 6144
2024-09-21 14:04:50.347 | INFO     | __main__:test_with_pseudo_label_full:223 - DCCL2 Pseudo method 1 - All Acc: 0.3255208333333333, Old Acc: 0.4102948525737131, New Acc: 0.2845763939174511
2024-09-21 14:04:50.384 | INFO     | __main__:test_with_pseudo_label_full:238 - DCCL2 Pseudo method 2 - All Acc: 0.32568359375, Old Acc: 0.4107946026986507, New Acc: 0.2845763939174511
2024-09-21 14:04:50.385 | INFO     | __main__:DCCL:448 - ==> DCCL2 Infomap for epoch 4: 270 clusters
[Time] [faiss-gpu] build index 9 consumes 0.2702 s
[Time] [faiss-gpu] query topk 9 consumes 0.0850 s
[Time] get links consumes 1.2178 s
孤立点数：40
总节点数：8144
总类别数/孤立节点数/小簇个数/有效簇个数：337/40/67/270
=======================================================
  Infomap v2.7.1 starts at 2024-09-21 14:04:56
  -> Input network: 
  -> No file output!
  -> Configuration: two-level
                    directed
=======================================================
  OpenMP 201511 detected with 52 threads...
  -> Ordinary network input, using the Map Equation for first order network flows
Calculating global network flow using flow model 'directed'... 
  -> Using unrecorded teleportation to links. 
  -> PageRank calculation done in 200 iterations.

  => Sum node flow: 1, sum link flow: 1
Build internal network with 8104 nodes and 179129 links...
  -> One-level codelength: 12.2043229

================================================
Trial 1/1 starting at 2024-09-21 14:04:57
================================================
Two-level compression: 26% 2.4% 0.00389304359% 0.00768670647% 
Partitioned to codelength 1.53314539 + 7.29151249 = 8.824657879 in 99 (97 non-trivial) modules.

=> Trial 1/1 finished in 1.18279408s with codelength 8.82465788


================================================
Summary after 1 trial
================================================
Best end modular solution in 2 levels:
Per level number of modules:         [         99,           0] (sum: 99)
Per level number of leaf nodes:      [          0,        8104] (sum: 8104)
Per level average child degree:      [         99,     81.8586] (average: 82.0655)
Per level codelength for modules:    [1.533145391, 0.000000000] (sum: 1.533145391)
Per level codelength for leaf nodes: [0.000000000, 7.291512489] (sum: 7.291512489)
Per level codelength total:          [1.533145391, 7.291512489] (sum: 8.824657879)

===================================================
  Infomap ends at 2024-09-21 14:04:58
  (Elapsed time: 2.26190159s)
===================================================
2024-09-21 14:04:59.276 | INFO     | __main__:DCCL:434 - length of whole_train_test_dataset.labeled_set 2000
2024-09-21 14:04:59.280 | INFO     | __main__:test_with_pseudo_label_full:205 - Length of pred: 6144
2024-09-21 14:04:59.342 | INFO     | __main__:test_with_pseudo_label_full:223 - DCCL3 Pseudo method 1 - All Acc: 0.2527669270833333, Old Acc: 0.2843578210894553, New Acc: 0.23750905141202028
2024-09-21 14:04:59.364 | INFO     | __main__:test_with_pseudo_label_full:238 - DCCL3 Pseudo method 2 - All Acc: 0.2540690104166667, Old Acc: 0.28585707146426786, New Acc: 0.23871590634805695
2024-09-21 14:04:59.365 | INFO     | __main__:DCCL:448 - ==> DCCL3 Infomap for epoch 4: 91 clusters
[Time] [faiss-gpu] build index 25 consumes 0.2862 s
[Time] [faiss-gpu] query topk 25 consumes 0.0943 s
[Time] get links consumes 3.9103 s
孤立点数：40
总节点数：8144
总类别数/孤立节点数/小簇个数/有效簇个数：139/40/48/91
2024-09-21 14:05:02.204 | INFO     | __main__:test_with_pseudo_label_full:205 - Length of pred: 6144
2024-09-21 14:05:02.269 | INFO     | __main__:test_with_pseudo_label_full:223 - Ensemble clustering Pseudo method 1 - All Acc: 0.318359375, Old Acc: 0.39080459770114945, New Acc: 0.2833695389814144
2024-09-21 14:05:02.293 | INFO     | __main__:test_with_pseudo_label_full:238 - Ensemble clustering Pseudo method 2 - All Acc: 0.3193359375, Old Acc: 0.3938030984507746, New Acc: 0.2833695389814144
2024-09-21 14:08:53.073 | INFO     | __main__:train:743 - Epoch: [4][0/63]	 loss 5.61504	 target_cls_loss: 1.1494 target_cluster_loss: 2.6874 target_sup_con_loss: 0.9551 target_contrastive_loss: 4.6871 DCCL_loss: 2.1811 DCCL2_loss: 1.9613 DCCL2_align_loss: 0.0198 DCCL3_loss: 2.0551 DCCL3_align_loss: 0.0179 
2024-09-21 14:12:55.586 | INFO     | __main__:train:743 - Epoch: [4][10/63]	 loss 5.73398	 target_cls_loss: 1.0056 target_cluster_loss: 2.6804 target_sup_con_loss: 1.1573 target_contrastive_loss: 4.6951 DCCL_loss: 4.7251 DCCL2_loss: 3.9220 DCCL2_align_loss: 0.0275 DCCL3_loss: 4.7057 DCCL3_align_loss: 0.0278 
2024-09-21 14:19:40.120 | INFO     | __main__:train:743 - Epoch: [4][20/63]	 loss 5.74911	 target_cls_loss: 1.0480 target_cluster_loss: 2.8152 target_sup_con_loss: 1.0460 target_contrastive_loss: 4.6883 DCCL_loss: 2.7629 DCCL2_loss: 3.0967 DCCL2_align_loss: 0.0234 DCCL3_loss: 4.2783 DCCL3_align_loss: 0.0250 
2024-09-21 14:23:11.413 | INFO     | __main__:train:743 - Epoch: [4][30/63]	 loss 5.47789	 target_cls_loss: 0.8729 target_cluster_loss: 2.5438 target_sup_con_loss: 1.0273 target_contrastive_loss: 4.6671 DCCL_loss: 4.1695 DCCL2_loss: 2.4199 DCCL2_align_loss: 0.0240 DCCL3_loss: 2.5762 DCCL3_align_loss: 0.0274 
2024-09-21 14:29:41.305 | INFO     | __main__:train:743 - Epoch: [4][40/63]	 loss 5.52014	 target_cls_loss: 0.7770 target_cluster_loss: 2.5452 target_sup_con_loss: 1.1616 target_contrastive_loss: 4.6900 DCCL_loss: 2.9662 DCCL2_loss: 4.7373 DCCL2_align_loss: 0.0245 DCCL3_loss: 2.4289 DCCL3_align_loss: 0.0215 
2024-09-21 14:33:06.696 | INFO     | __main__:train:743 - Epoch: [4][50/63]	 loss 5.42939	 target_cls_loss: 0.7518 target_cluster_loss: 2.5101 target_sup_con_loss: 1.0474 target_contrastive_loss: 4.6615 DCCL_loss: 2.6395 DCCL2_loss: 4.4246 DCCL2_align_loss: 0.0232 DCCL3_loss: 3.0221 DCCL3_align_loss: 0.0240 
2024-09-21 14:37:04.427 | INFO     | __main__:train:743 - Epoch: [4][60/63]	 loss 5.51922	 target_cls_loss: 0.7857 target_cluster_loss: 2.4548 target_sup_con_loss: 1.3251 target_contrastive_loss: 4.6983 DCCL_loss: 3.0168 DCCL2_loss: 3.3936 DCCL2_align_loss: 0.0232 DCCL3_loss: 3.1435 DCCL3_align_loss: 0.0250 
2024-09-21 14:37:10.242 | INFO     | __main__:train:746 - Train Epoch: 4 Avg Loss: 5.6366 
2024-09-21 14:37:10.244 | INFO     | __main__:train:749 - Testing on unlabelled examples in the training data...
==> Create pseudo labels for unlabeled data
=======================================================
  Infomap v2.7.1 starts at 2024-09-21 14:44:02
  -> Input network: 
  -> No file output!
  -> Configuration: two-level
                    directed
=======================================================
  OpenMP 201511 detected with 52 threads...
  -> Ordinary network input, using the Map Equation for first order network flows
Calculating global network flow using flow model 'directed'... 
  -> Using unrecorded teleportation to links. 
  -> PageRank calculation done in 200 iterations.

  => Sum node flow: 1, sum link flow: 1
Build internal network with 8096 nodes and 107218 links...
  -> One-level codelength: 12.1317286

================================================
Trial 1/1 starting at 2024-09-21 14:44:02
================================================
Two-level compression: 36% 2% 0.0246589008% 0.0138294439% 0.00403297554% 0.0026060892% 
Partitioned to codelength 1.20970075 + 6.41880631 = 7.628507063 in 186 (183 non-trivial) modules.

=> Trial 1/1 finished in 1.24215329s with codelength 7.62850706


================================================
Summary after 1 trial
================================================
Best end modular solution in 2 levels:
Per level number of modules:         [        186,           0] (sum: 186)
Per level number of leaf nodes:      [          0,        8096] (sum: 8096)
Per level average child degree:      [        186,     43.5269] (average: 46.7266)
Per level codelength for modules:    [1.209700750, 0.000000000] (sum: 1.209700750)
Per level codelength for leaf nodes: [0.000000000, 6.418806313] (sum: 6.418806313)
Per level codelength total:          [1.209700750, 6.418806313] (sum: 7.628507063)

===================================================
  Infomap ends at 2024-09-21 14:44:03
  (Elapsed time: 1.67947754s)
===================================================
2024-09-21 14:44:04.325 | INFO     | __main__:DCCL:434 - length of whole_train_test_dataset.labeled_set 2000
2024-09-21 14:44:04.328 | INFO     | __main__:test_with_pseudo_label_full:205 - Length of pred: 6144
2024-09-21 14:44:04.394 | INFO     | __main__:test_with_pseudo_label_full:223 - DCCL Pseudo method 1 - All Acc: 0.3502604166666667, Old Acc: 0.4577711144427786, New Acc: 0.2983345401882694
2024-09-21 14:44:04.421 | INFO     | __main__:test_with_pseudo_label_full:238 - DCCL Pseudo method 2 - All Acc: 0.3515625, Old Acc: 0.45977011494252873, New Acc: 0.2993000241370987
2024-09-21 14:44:04.422 | INFO     | __main__:DCCL:448 - ==> DCCL Infomap for epoch 5: 164 clusters
[Time] [faiss-gpu] build index 15 consumes 0.2432 s
[Time] [faiss-gpu] query topk 15 consumes 0.0966 s
[Time] get links consumes 2.1306 s
孤立点数：48
总节点数：8144
总类别数/孤立节点数/小簇个数/有效簇个数：234/48/70/164
=======================================================
  Infomap v2.7.1 starts at 2024-09-21 14:44:07
  -> Input network: 
  -> No file output!
  -> Configuration: two-level
                    directed
=======================================================
  OpenMP 201511 detected with 52 threads...
  -> Ordinary network input, using the Map Equation for first order network flows
Calculating global network flow using flow model 'directed'... 
  -> Using unrecorded teleportation to links. 
  -> PageRank calculation done in 200 iterations.

  => Sum node flow: 1, sum link flow: 1
Build internal network with 8096 nodes and 63071 links...
  -> One-level codelength: 12.0029392

================================================
Trial 1/1 starting at 2024-09-21 14:44:07
================================================
Two-level compression: 42% 1.4% 0.127825162% 0.0543923695% 0.0018011583% 
Partitioned to codelength 1.31844645 + 5.52158189 = 6.840028337 in 309 (304 non-trivial) modules.

=> Trial 1/1 finished in 0.756894431s with codelength 6.84002834


================================================
Summary after 1 trial
================================================
Best end modular solution in 2 levels:
Per level number of modules:         [        309,           0] (sum: 309)
Per level number of leaf nodes:      [          0,        8096] (sum: 8096)
Per level average child degree:      [        309,     26.2006] (average: 36.5974)
Per level codelength for modules:    [1.318446449, 0.000000000] (sum: 1.318446449)
Per level codelength for leaf nodes: [0.000000000, 5.521581888] (sum: 5.521581888)
Per level codelength total:          [1.318446449, 5.521581888] (sum: 6.840028337)

===================================================
  Infomap ends at 2024-09-21 14:44:08
  (Elapsed time: 1.05759495s)
===================================================
2024-09-21 14:44:08.940 | INFO     | __main__:DCCL:434 - length of whole_train_test_dataset.labeled_set 2000
2024-09-21 14:44:08.944 | INFO     | __main__:test_with_pseudo_label_full:205 - Length of pred: 6144
2024-09-21 14:44:09.017 | INFO     | __main__:test_with_pseudo_label_full:223 - DCCL2 Pseudo method 1 - All Acc: 0.3732096354166667, Old Acc: 0.5062468765617192, New Acc: 0.3089548636253922
2024-09-21 14:44:09.061 | INFO     | __main__:test_with_pseudo_label_full:238 - DCCL2 Pseudo method 2 - All Acc: 0.3728841145833333, Old Acc: 0.5062468765617192, New Acc: 0.30847212165097754
2024-09-21 14:44:09.063 | INFO     | __main__:DCCL:448 - ==> DCCL2 Infomap for epoch 5: 276 clusters
[Time] [faiss-gpu] build index 9 consumes 0.2879 s
[Time] [faiss-gpu] query topk 9 consumes 0.0946 s
[Time] get links consumes 1.2277 s
孤立点数：48
总节点数：8144
总类别数/孤立节点数/小簇个数/有效簇个数：357/48/81/276
=======================================================
  Infomap v2.7.1 starts at 2024-09-21 14:44:14
  -> Input network: 
  -> No file output!
  -> Configuration: two-level
                    directed
=======================================================
  OpenMP 201511 detected with 52 threads...
  -> Ordinary network input, using the Map Equation for first order network flows
Calculating global network flow using flow model 'directed'... 
  -> Using unrecorded teleportation to links. 
  -> PageRank calculation done in 200 iterations.

  => Sum node flow: 1, sum link flow: 1
Build internal network with 8096 nodes and 174534 links...
  -> One-level codelength: 12.2377171

================================================
Trial 1/1 starting at 2024-09-21 14:44:15
================================================
Two-level compression: 30% 2.3% 0.0484911083% 0.0575200427% 
Partitioned to codelength 1.35698312 + 7.00257494 = 8.359558058 in 127 (126 non-trivial) modules.

=> Trial 1/1 finished in 1.08255219s with codelength 8.35955806


================================================
Summary after 1 trial
================================================
Best end modular solution in 2 levels:
Per level number of modules:         [        127,           0] (sum: 127)
Per level number of leaf nodes:      [          0,        8096] (sum: 8096)
Per level average child degree:      [        127,      63.748] (average: 64.7249)
Per level codelength for modules:    [1.356983119, 0.000000000] (sum: 1.356983119)
Per level codelength for leaf nodes: [0.000000000, 7.002574939] (sum: 7.002574939)
Per level codelength total:          [1.356983119, 7.002574939] (sum: 8.359558058)

===================================================
  Infomap ends at 2024-09-21 14:44:16
  (Elapsed time: 1.8683314s)
===================================================
2024-09-21 14:44:17.050 | INFO     | __main__:DCCL:434 - length of whole_train_test_dataset.labeled_set 2000
2024-09-21 14:44:17.054 | INFO     | __main__:test_with_pseudo_label_full:205 - Length of pred: 6144
2024-09-21 14:44:17.119 | INFO     | __main__:test_with_pseudo_label_full:223 - DCCL3 Pseudo method 1 - All Acc: 0.3190104166666667, Old Acc: 0.40729635182408797, New Acc: 0.2763697803524016
2024-09-21 14:44:17.142 | INFO     | __main__:test_with_pseudo_label_full:238 - DCCL3 Pseudo method 2 - All Acc: 0.3219401041666667, Old Acc: 0.4107946026986507, New Acc: 0.27902486121168235
2024-09-21 14:44:17.143 | INFO     | __main__:DCCL:448 - ==> DCCL3 Infomap for epoch 5: 115 clusters
[Time] [faiss-gpu] build index 25 consumes 0.3047 s
[Time] [faiss-gpu] query topk 25 consumes 0.1053 s
[Time] get links consumes 3.3962 s
孤立点数：48
总节点数：8144
总类别数/孤立节点数/小簇个数/有效簇个数：175/48/60/115
2024-09-21 14:44:20.397 | INFO     | __main__:test_with_pseudo_label_full:205 - Length of pred: 6144
2024-09-21 14:44:20.465 | INFO     | __main__:test_with_pseudo_label_full:223 - Ensemble clustering Pseudo method 1 - All Acc: 0.34765625, Old Acc: 0.4577711144427786, New Acc: 0.294472604392952
2024-09-21 14:44:20.492 | INFO     | __main__:test_with_pseudo_label_full:238 - Ensemble clustering Pseudo method 2 - All Acc: 0.3489583333333333, Old Acc: 0.45977011494252873, New Acc: 0.2954380883417813
2024-09-21 14:48:43.977 | INFO     | __main__:train:743 - Epoch: [5][0/63]	 loss 5.57415	 target_cls_loss: 0.9089 target_cluster_loss: 2.4951 target_sup_con_loss: 1.4326 target_contrastive_loss: 4.6758 DCCL_loss: 2.1498 DCCL2_loss: 2.3535 DCCL2_align_loss: 0.0238 DCCL3_loss: 1.8822 DCCL3_align_loss: 0.0191 
2024-09-21 14:52:31.603 | INFO     | __main__:train:743 - Epoch: [5][10/63]	 loss 5.67083	 target_cls_loss: 0.9993 target_cluster_loss: 2.6358 target_sup_con_loss: 1.2005 target_contrastive_loss: 4.6724 DCCL_loss: 3.1182 DCCL2_loss: 2.9139 DCCL2_align_loss: 0.0226 DCCL3_loss: 4.2758 DCCL3_align_loss: 0.0211 
2024-09-21 14:59:19.965 | INFO     | __main__:train:743 - Epoch: [5][20/63]	 loss 5.39642	 target_cls_loss: 0.8362 target_cluster_loss: 2.4408 target_sup_con_loss: 1.0525 target_contrastive_loss: 4.6637 DCCL_loss: 1.9193 DCCL2_loss: 2.4584 DCCL2_align_loss: 0.0201 DCCL3_loss: 3.6544 DCCL3_align_loss: 0.0233 
2024-09-21 15:03:17.289 | INFO     | __main__:train:743 - Epoch: [5][30/63]	 loss 5.39174	 target_cls_loss: 0.8340 target_cluster_loss: 2.4149 target_sup_con_loss: 1.0142 target_contrastive_loss: 4.6784 DCCL_loss: 4.4795 DCCL2_loss: 1.6479 DCCL2_align_loss: 0.0279 DCCL3_loss: 3.0456 DCCL3_align_loss: 0.0242 
2024-09-21 15:08:53.796 | INFO     | __main__:train:743 - Epoch: [5][40/63]	 loss 5.33103	 target_cls_loss: 0.5984 target_cluster_loss: 2.3601 target_sup_con_loss: 1.1903 target_contrastive_loss: 4.6723 DCCL_loss: 2.8493 DCCL2_loss: 2.9409 DCCL2_align_loss: 0.0228 DCCL3_loss: 3.3694 DCCL3_align_loss: 0.0273 
Traceback (most recent call last):
  File "/wang_hp/zrl/debug_fedgcd/project_utils/data_utils.py", line 34, in next
    return next(self.iter)
  File "/wang_hp/miniconda3/envs/fedgcd/lib/python3.9/site-packages/torch/utils/data/dataloader.py", line 681, in __next__
    data = self._next_data()
  File "/wang_hp/miniconda3/envs/fedgcd/lib/python3.9/site-packages/torch/utils/data/dataloader.py", line 1349, in _next_data
    raise StopIteration
StopIteration

During handling of the above exception, another exception occurred:

Traceback (most recent call last):
  File "/wang_hp/zrl/debug_fedgcd/DPC2L/hyzheng/9.HITSZ_explore_full_original_todccl_rmdccllast.py", line 1237, in <module>
    train(model, projector_dict, train_loader, test_loader_unlabelled, args)
  File "/wang_hp/zrl/debug_fedgcd/DPC2L/hyzheng/9.HITSZ_explore_full_original_todccl_rmdccllast.py", line 639, in train
    DCCL_images, DCCL_labels, DCCL_indexes = DCCL_contrastive_cluster_train_loader_predefine_dict[
  File "/wang_hp/zrl/debug_fedgcd/project_utils/data_utils.py", line 37, in next
    return next(self.iter)
  File "/wang_hp/miniconda3/envs/fedgcd/lib/python3.9/site-packages/torch/utils/data/dataloader.py", line 681, in __next__
    data = self._next_data()
  File "/wang_hp/miniconda3/envs/fedgcd/lib/python3.9/site-packages/torch/utils/data/dataloader.py", line 1359, in _next_data
    idx, data = self._get_data()
  File "/wang_hp/miniconda3/envs/fedgcd/lib/python3.9/site-packages/torch/utils/data/dataloader.py", line 1315, in _get_data
    success, data = self._try_get_data()
  File "/wang_hp/miniconda3/envs/fedgcd/lib/python3.9/site-packages/torch/utils/data/dataloader.py", line 1163, in _try_get_data
    data = self._data_queue.get(timeout=timeout)
  File "/wang_hp/miniconda3/envs/fedgcd/lib/python3.9/queue.py", line 180, in get
    self.not_empty.wait(remaining)
  File "/wang_hp/miniconda3/envs/fedgcd/lib/python3.9/threading.py", line 316, in wait
    gotit = waiter.acquire(True, timeout)
KeyboardInterrupt
