2024-09-13 05:13:49.622 | INFO     | __main__:<module>:1103 - k1_2: 9, k1_3: 25
2024-09-13 05:13:49.623 | INFO     | __main__:<module>:1104 - Using evaluation function v2 to print results
wandb: Tracking run with wandb version 0.15.12
wandb: W&B syncing is set to `offline` in this directory.  
wandb: Run `wandb online` or set WANDB_MODE=online to enable cloud syncing.
2024-09-13 05:13:54.198 | INFO     | __main__:<module>:1157 - model build
/leonardo/home/userexternal/hzheng00/miniconda3/envs/fedgcd/lib/python3.9/site-packages/torchvision/transforms/transforms.py:332: UserWarning: Argument 'interpolation' of type int is deprecated since 0.13 and will be removed in 0.15. Please use InterpolationMode enum.
  warnings.warn(
2024-09-13 05:13:57.296 | INFO     | data.get_datasets_inaturalist:get_datasets:145 - dataset_name: train_labelled
2024-09-13 05:13:57.297 | INFO     | data.get_datasets_inaturalist:get_datasets:145 - dataset_name: train_unlabelled
2024-09-13 05:13:57.297 | INFO     | data.get_datasets_inaturalist:get_datasets:145 - dataset_name: val
2024-09-13 05:13:57.297 | INFO     | data.get_datasets_inaturalist:get_datasets:145 - dataset_name: test
2024-09-13 05:13:57.297 | INFO     | data.get_datasets_inaturalist:get_datasets:145 - dataset_name: test_labelled
2024-09-13 05:13:57.297 | INFO     | data.get_datasets_inaturalist:get_datasets:145 - dataset_name: test_unlabelled
/leonardo/home/userexternal/hzheng00/miniconda3/envs/fedgcd/lib/python3.9/site-packages/torch/utils/data/dataloader.py:563: UserWarning: This DataLoader will create 8 worker processes in total. Our suggested max number of worker in current system is 4, which is smaller than what this DataLoader is going to create. Please be aware that excessive worker creation might get DataLoader running slow or even freeze, lower the worker number to avoid potential slowness/freeze if necessary.
  warnings.warn(_create_warning_msg(
Experiment saved to: /leonardo_work/IscrC_Fed-GCD/hyzheng/pFed_logs/DCCL_align_loss/log/wok_Actinopterygii_woalign_wounsuploss_aligntoall_(13.09.2024_|_49.298)
['DCCL_align_loss']
Namespace(batch_size=128, num_workers=8, eval_funcs=['v2'], warmup_model_dir=None, dataset_name='Actinopterygii', prop_train_labels=0.5, use_ssb_splits=True, grad_from_block=11, lr=0.1, gamma=0.1, momentum=0.9, weight_decay=5e-05, epochs=200, transform='imagenet', sup_weight=0.35, n_views=2, memax_weight=2, warmup_teacher_temp=0.07, teacher_temp=0.04, warmup_teacher_temp_epochs=30, fp16=True, print_freq=10, exp_name='wok_Actinopterygii_woalign_wounsuploss_aligntoall', n_clients=1, dirichlet=0.2, rounds=200, local_train_ep=1, rate_local_label_unlabel=0.5, show_client_data_info=False, use_gmm=False, use_gmm_agg=False, use_gmm_dual=False, begin_agg_round=0, gmm_alpha=0.1, weight_likelihood=0.01, gmm_lr=0.1, gmm_lr_multiply=0, sampling_times=0, local_global_contrastive_cluster_weight=0, local_GMM_project_head=False, global_GMM_project_head=False, exp_root='/leonardo_work/IscrC_Fed-GCD/hyzheng/pFed_logs', cub_root='/leonardo_work/IscrC_Fed-GCD/GCD_datasets/CUB', cifar_100_root='/leonardo_work/IscrC_Fed-GCD/GCD_datasets/cifar100', hyper_k=231, cars_root='/leonardo_work/IscrC_Fed-GCD/GCD_datasets/stanford_cars', pets_root='/leonardo_work/IscrC_Fed-GCD/GCD_datasets/oxford_pets', aircraft_root='/leonardo_work/IscrC_Fed-GCD/GCD_datasets/fgvc_aircraft', herbarium_dataroot='/leonardo_work/IscrC_Fed-GCD/GCD_datasets/herbarium_19', osr_split_dir='/leonardo_work/IscrC_Fed-GCD/hyzheng/debug_fedgcd/data/ssb_splits', test_interval=1, use_contrastive_cluster=True, GCN_contrastive_cluster_weight=0.3, DCCL_contrastive_cluster_weight=0.1, align_loss_weight=0.1, contrastive_cluster_epochs=100, align_loss_epoch_start=0, align_loss_epoch_smooth=100, align_loss_weight_start=0, align_loss_weight_end=1, k1=15, k2=4, use_hard=False, memory_momentum=0.1, eps_gap=0.02, temp=0.05, use_cluster_head=False, num_instances=16, max_sim=True, eps=0.6, feature_output_index=2, wandb_offline=True, gcn_k1=80, max_conn=1, gcn_train_epoch=40, use_sym=False, neg_size=10, use_vpt=False, dino_pretrain_path='/leonardo_work/IscrC_Fed-GCD/GCD_datasets/dino/dino_vitbase16_pretrain.pth', load_from_model='/leonardo_work/IscrC_Fed-GCD/GCD_datasets/dino/cub_model_best.pth', vpt_dropout=0.0, num_prompts=5, predict_token='cop', n_shallow_prompts=0, num_dpr=4, w_prompt_clu=0.35, unfrezee_only_last_prompt=True, single_minsim_1=0.6, single_minsim_2=0.6, single_minsim_3=0.6, single_k1=15, k1_ratio=0.6, device=device(type='cuda', index=0), seed=0, k1_dict={'DCCL': 15, 'DCCL2': 9, 'DCCL3': 25, 'DCCL4': 80, 'DCCL5': 80}, eps_dict={'DCCL': 0.6, 'DCCL2': 0.6, 'DCCL3': 0.6, 'DCCL4': 0.6, 'DCCL5': 0.5}, image_size=224, train_classes=range(0, 27), unlabeled_classes=range(27, 53), num_labeled_classes=27, num_unlabeled_classes=26, logger=<loguru.logger handlers=[(id=0, level=10, sink=<stderr>), (id=1, level=10, sink='/leonardo_work/IscrC_Fed-GCD/hyzheng/pFed_logs/DCCL_align_loss/log/wok_Actinopterygii_woalign_wounsuploss_aligntoall_(13.09.2024_|_49.298)/log.txt')]>, log_dir='/leonardo_work/IscrC_Fed-GCD/hyzheng/pFed_logs/DCCL_align_loss/log/wok_Actinopterygii_woalign_wounsuploss_aligntoall_(13.09.2024_|_49.298)', model_dir='/leonardo_work/IscrC_Fed-GCD/hyzheng/pFed_logs/DCCL_align_loss/log/wok_Actinopterygii_woalign_wounsuploss_aligntoall_(13.09.2024_|_49.298)/checkpoints', model_path='/leonardo_work/IscrC_Fed-GCD/hyzheng/pFed_logs/DCCL_align_loss/log/wok_Actinopterygii_woalign_wounsuploss_aligntoall_(13.09.2024_|_49.298)/checkpoints/model.pt')
Merge dataset -> relabel_dict:{0: 0, 1: 1, 2: 2, 3: 3, 4: 4, 5: 5, 6: 6, 7: 7, 8: 8, 9: 9, 10: 10, 11: 11, 12: 12, 13: 13, 14: 14, 15: 15, 16: 16, 17: 17, 18: 18, 19: 19, 20: 20, 21: 21, 22: 22, 23: 23, 24: 24, 25: 25, 26: 26, 27: 27, 28: 28, 29: 29, 30: 30, 31: 31, 32: 32, 33: 33, 34: 34, 35: 35, 36: 36, 37: 37, 38: 38, 39: 39, 40: 40, 41: 41, 42: 42, 43: 43, 44: 44, 45: 45, 46: 46, 47: 47, 48: 48, 49: 49, 50: 50, 51: 51, 52: 52}
Merge dataset -> relabel_dict:{0: 0, 1: 1, 2: 2, 3: 3, 4: 4, 5: 5, 6: 6, 7: 7, 8: 8, 9: 9, 10: 10, 11: 11, 12: 12, 13: 13, 14: 14, 15: 15, 16: 16, 17: 17, 18: 18, 19: 19, 20: 20, 21: 21, 22: 22, 23: 23, 24: 24, 25: 25, 26: 26, 27: 27, 28: 28, 29: 29, 30: 30, 31: 31, 32: 32, 33: 33, 34: 34, 35: 35, 36: 36, 37: 37, 38: 38, 39: 39, 40: 40, 41: 41, 42: 42, 43: 43, 44: 44, 45: 45, 46: 46, 47: 47, 48: 48, 49: 49, 50: 50, 51: 51, 52: 52}
==> Create pseudo labels for unlabeled data
=======================================================
  Infomap v2.7.1 starts at 2024-09-13 05:15:28
  -> Input network: 
  -> No file output!
  -> Configuration: two-level
                    directed
=======================================================
  OpenMP 201511 detected with 4 threads...
  -> Ordinary network input, using the Map Equation for first order network flows
Calculating global network flow using flow model 'directed'... 
  -> Using unrecorded teleportation to links. 
  -> PageRank calculation done in 200 iterations.

  => Sum node flow: 1, sum link flow: 1
Build internal network with 2338 nodes and 26354 links...
  -> One-level codelength: 9.93247492

================================================
Trial 1/1 starting at 2024-09-13 05:15:28
================================================
Two-level compression: 34% 0.96% 0.146499683% 0.0105564371% 0.153362227% 0.0123683661% 2024-09-13 05:15:28.636 | INFO     | __main__:DCCL:428 - length of whole_train_test_dataset.labeled_set 576
2024-09-13 05:15:28.636 | INFO     | __main__:test_with_pseudo_label_full:194 - Length of pred: 2043
2024-09-13 05:15:28.639 | INFO     | __main__:test_with_pseudo_label_full:214 - DCCL Pseudo method 1 - All Acc: 0.3524229074889868, Old Acc: 0.3125, New Acc: 0.36809815950920244
2024-09-13 05:15:28.644 | INFO     | __main__:test_with_pseudo_label_full:229 - DCCL Pseudo method 2 - All Acc: 0.34801762114537443, Old Acc: 0.3229166666666667, New Acc: 0.35787321063394684
2024-09-13 05:15:28.644 | INFO     | __main__:DCCL:442 - ==> DCCL Infomap for epoch 0: 56 clusters
[Time] [faiss-gpu] build index 15 consumes 1.1402 s
[Time] [faiss-gpu] query topk 15 consumes 0.0107 s
[Time] get links consumes 0.2007 s
孤立点数：281
总节点数：2619
总类别数/孤立节点数/小簇个数/有效簇个数：411/281/355/56

Partitioned to codelength 0.70067901 + 5.81507852 = 6.515757527 in 130 (128 non-trivial) modules.

=> Trial 1/1 finished in 0.075201405s with codelength 6.51575753


================================================
Summary after 1 trial
================================================
Best end modular solution in 2 levels:
Per level number of modules:         [        130,           0] (sum: 130)
Per level number of leaf nodes:      [          0,        2338] (sum: 2338)
Per level average child degree:      [        130,     17.9846] (average: 23.8849)
Per level codelength for modules:    [0.700679010, 0.000000000] (sum: 0.700679010)
Per level codelength for leaf nodes: [0.000000000, 5.815078517] (sum: 5.815078517)
Per level codelength total:          [0.700679010, 5.815078517] (sum: 6.515757527)

===================================================
  Infomap ends at 2024-09-13 05:15:28
  (Elapsed time: 0.097097499s)
===================================================
=======================================================
  Infomap v2.7.1 starts at 2024-09-13 05:15:29
  -> Input network: 
  -> No file output!
  -> Configuration: two-level
                    directed
=======================================================
  OpenMP 201511 detected with 4 threads...
  -> Ordinary network input, using the Map Equation for first order network flows
Calculating global network flow using flow model 'directed'... 
  -> Using unrecorded teleportation to links. 
  -> PageRank calculation done in 200 iterations.

  => Sum node flow: 1, sum link flow: 1
Build internal network with 2338 nodes and 16136 links...
  -> One-level codelength: 9.82993845

================================================
Trial 1/1 starting at 2024-09-13 05:15:29
================================================
Two-level compression: 40% 1.1% 0.0860407305% 0.00931398216% 
Partitioned to codelength 0.782677963 + 5.01876787 = 5.801445835 in 166 (160 non-trivial) modules.

=> Trial 1/1 finished in 0.04603551s with codelength 5.80144583


================================================
Summary after 1 trial
================================================
Best end modular solution in 2 levels:
Per level number of modules:         [        166,           0] (sum: 166)
Per level number of leaf nodes:      [          0,        2338] (sum: 2338)
Per level average child degree:      [        166,     14.0843] (average: 24.1554)
Per level codelength for modules:    [0.782677963, 0.000000000] (sum: 0.782677963)
Per level codelength for leaf nodes: [0.000000000, 5.018767872] (sum: 5.018767872)
Per level codelength total:          [0.782677963, 5.018767872] (sum: 5.801445835)

===================================================
  Infomap ends at 2024-09-13 05:15:29
  (Elapsed time: 0.062044102s)
===================================================
2024-09-13 05:15:29.452 | INFO     | __main__:DCCL:428 - length of whole_train_test_dataset.labeled_set 576
2024-09-13 05:15:29.453 | INFO     | __main__:test_with_pseudo_label_full:194 - Length of pred: 2043
2024-09-13 05:15:29.456 | INFO     | __main__:test_with_pseudo_label_full:214 - DCCL2 Pseudo method 1 - All Acc: 0.3489965736661772, Old Acc: 0.328125, New Acc: 0.35719154737559644
2024-09-13 05:15:29.464 | INFO     | __main__:test_with_pseudo_label_full:229 - DCCL2 Pseudo method 2 - All Acc: 0.3392070484581498, Old Acc: 0.3298611111111111, New Acc: 0.3428766189502386
2024-09-13 05:15:29.464 | INFO     | __main__:DCCL:442 - ==> DCCL2 Infomap for epoch 0: 83 clusters
[Time] [faiss-gpu] build index 9 consumes 0.1593 s
[Time] [faiss-gpu] query topk 9 consumes 0.0174 s
[Time] get links consumes 0.1274 s
孤立点数：281
总节点数：2619
总类别数/孤立节点数/小簇个数/有效簇个数：447/281/364/83
=======================================================
  Infomap v2.7.1 starts at 2024-09-13 05:15:30
  -> Input network: 
  -> No file output!
  -> Configuration: two-level
                    directed
=======================================================
  OpenMP 201511 detected with 4 threads...
  -> Ordinary network input, using the Map Equation for first order network flows
Calculating global network flow using flow model 'directed'... 
  -> Using unrecorded teleportation to links. 
  -> PageRank calculation done in 200 iterations.

  => Sum node flow: 1, sum link flow: 1
Build internal network with 2338 nodes and 41462 links...
  -> One-level codelength: 10.0255685

================================================
Trial 1/1 starting at 2024-09-13 05:15:30
================================================
Two-level compression: 28% 1.4% 0.00925189499% 0.0356809931% 
Partitioned to codelength 0.480389399 + 6.61300922 = 7.093398618 in 112 (107 non-trivial) modules.

=> Trial 1/1 finished in 0.063578958s with codelength 7.09339862


================================================
Summary after 1 trial
================================================
Best end modular solution in 2 levels:
Per level number of modules:         [        112,           0] (sum: 112)
Per level number of leaf nodes:      [          0,        2338] (sum: 2338)
Per level average child degree:      [        112,      20.875] (average: 25.0407)
Per level codelength for modules:    [0.480389399, 0.000000000] (sum: 0.480389399)
Per level codelength for leaf nodes: [0.000000000, 6.613009218] (sum: 6.613009218)
Per level codelength total:          [0.480389399, 6.613009218] (sum: 7.093398618)

===================================================
  Infomap ends at 2024-09-13 05:15:30
  (Elapsed time: 0.095730784s)
===================================================
2024-09-13 05:15:30.301 | INFO     | __main__:DCCL:428 - length of whole_train_test_dataset.labeled_set 576
2024-09-13 05:15:30.302 | INFO     | __main__:test_with_pseudo_label_full:194 - Length of pred: 2043
2024-09-13 05:15:30.305 | INFO     | __main__:test_with_pseudo_label_full:214 - DCCL3 Pseudo method 1 - All Acc: 0.32501223690651004, Old Acc: 0.2690972222222222, New Acc: 0.34696659850034084
2024-09-13 05:15:30.309 | INFO     | __main__:test_with_pseudo_label_full:229 - DCCL3 Pseudo method 2 - All Acc: 0.3245227606461087, Old Acc: 0.2864583333333333, New Acc: 0.3394683026584867
2024-09-13 05:15:30.310 | INFO     | __main__:DCCL:442 - ==> DCCL3 Infomap for epoch 0: 40 clusters
[Time] [faiss-gpu] build index 25 consumes 0.0819 s
[Time] [faiss-gpu] query topk 25 consumes 0.0100 s
[Time] get links consumes 0.3221 s
孤立点数：281
总节点数：2619
总类别数/孤立节点数/小簇个数/有效簇个数：393/281/353/40
2024-09-13 05:15:30.601 | INFO     | __main__:test_with_pseudo_label_full:194 - Length of pred: 2043
2024-09-13 05:15:30.605 | INFO     | __main__:test_with_pseudo_label_full:214 - Ensemble clustering Pseudo method 1 - All Acc: 0.3519334312285854, Old Acc: 0.3177083333333333, New Acc: 0.36537150647580097
2024-09-13 05:15:30.611 | INFO     | __main__:test_with_pseudo_label_full:229 - Ensemble clustering Pseudo method 2 - All Acc: 0.3475281448849731, Old Acc: 0.3263888888888889, New Acc: 0.3558282208588957
Traceback (most recent call last):
  File "/leonardo_work/IscrC_Fed-GCD/hyzheng/debug_fedgcd/DPC2L/hyzheng/8.ISCAP_DCCL_explore.py", line 1245, in <module>
    train(model, projector_dict, train_loader, test_loader_unlabelled, args)
  File "/leonardo_work/IscrC_Fed-GCD/hyzheng/debug_fedgcd/DPC2L/hyzheng/8.ISCAP_DCCL_explore.py", line 753, in train
    fp16_scaler.scale(loss).backward()
  File "/leonardo/home/userexternal/hzheng00/miniconda3/envs/fedgcd/lib/python3.9/site-packages/torch/_tensor.py", line 396, in backward
    torch.autograd.backward(self, gradient, retain_graph, create_graph, inputs=inputs)
  File "/leonardo/home/userexternal/hzheng00/miniconda3/envs/fedgcd/lib/python3.9/site-packages/torch/autograd/__init__.py", line 173, in backward
    Variable._execution_engine.run_backward(  # Calls into the C++ engine to run the backward pass
RuntimeError: one of the variables needed for gradient computation has been modified by an inplace operation: [torch.cuda.HalfTensor [768, 40]] is at version 768; expected version 0 instead. Hint: enable anomaly detection to find the operation that failed to compute its gradient, with torch.autograd.set_detect_anomaly(True).
wandb: Waiting for W&B process to finish... (failed 1).
wandb: 
wandb: Run history:
wandb:                                DCCL DCCL loss ▁
wandb:  DCCL current_DCCL_contrastive_cluster_weight ▁
wandb:      DCCL infomap predicted number of cluster ▁
wandb:                               DCCL2 DCCL loss ▁
wandb: DCCL2 current_DCCL_contrastive_cluster_weight ▁
wandb:     DCCL2 infomap predicted number of cluster ▁
wandb:                               DCCL3 DCCL loss ▁
wandb: DCCL3 current_DCCL_contrastive_cluster_weight ▁
wandb:     DCCL3 infomap predicted number of cluster ▁
wandb:                                classifier_sup ▁
wandb:                              classifier_unsup ▁
wandb:                               contrastive_sup ▁
wandb:                             contrastive_unsup ▁
wandb:                     current_align_loss_weight ▁
wandb: 
wandb: Run summary:
wandb:                                DCCL DCCL loss 4.1432
wandb:  DCCL current_DCCL_contrastive_cluster_weight 0.01
wandb:      DCCL infomap predicted number of cluster 56
wandb:                               DCCL2 DCCL loss 4.59211
wandb: DCCL2 current_DCCL_contrastive_cluster_weight 0.01
wandb:     DCCL2 infomap predicted number of cluster 83
wandb:                               DCCL3 DCCL loss 4.02477
wandb: DCCL3 current_DCCL_contrastive_cluster_weight 0.01
wandb:     DCCL3 infomap predicted number of cluster 40
wandb:                                classifier_sup 3.32564
wandb:                              classifier_unsup 3.1896
wandb:                               contrastive_sup 4.76799
wandb:                             contrastive_unsup 5.02512
wandb:                     current_align_loss_weight 0.0
wandb: 
wandb: You can sync this run to the cloud by running:
wandb: wandb sync /leonardo_work/IscrC_Fed-GCD/hyzheng/debug_fedgcd/DPC2L/hyzheng/wandb/offline-run-20240913_051350-9e5th7n7
wandb: Find logs at: ./wandb/offline-run-20240913_051350-9e5th7n7/logs
