2024-09-13 05:12:47.499 | INFO     | __main__:<module>:1103 - k1_2: 9, k1_3: 25
2024-09-13 05:12:47.500 | INFO     | __main__:<module>:1104 - Using evaluation function v2 to print results
wandb: Tracking run with wandb version 0.15.12
wandb: W&B syncing is set to `offline` in this directory.  
wandb: Run `wandb online` or set WANDB_MODE=online to enable cloud syncing.
2024-09-13 05:12:54.136 | INFO     | __main__:<module>:1157 - model build
/leonardo/home/userexternal/hzheng00/miniconda3/envs/fedgcd/lib/python3.9/site-packages/torchvision/transforms/transforms.py:332: UserWarning: Argument 'interpolation' of type int is deprecated since 0.13 and will be removed in 0.15. Please use InterpolationMode enum.
  warnings.warn(
2024-09-13 05:13:01.186 | INFO     | data.get_datasets_inaturalist:get_datasets:145 - dataset_name: train_labelled
2024-09-13 05:13:01.186 | INFO     | data.get_datasets_inaturalist:get_datasets:145 - dataset_name: train_unlabelled
2024-09-13 05:13:01.186 | INFO     | data.get_datasets_inaturalist:get_datasets:145 - dataset_name: val
2024-09-13 05:13:01.187 | INFO     | data.get_datasets_inaturalist:get_datasets:145 - dataset_name: test
2024-09-13 05:13:01.187 | INFO     | data.get_datasets_inaturalist:get_datasets:145 - dataset_name: test_labelled
2024-09-13 05:13:01.187 | INFO     | data.get_datasets_inaturalist:get_datasets:145 - dataset_name: test_unlabelled
/leonardo/home/userexternal/hzheng00/miniconda3/envs/fedgcd/lib/python3.9/site-packages/torch/utils/data/dataloader.py:563: UserWarning: This DataLoader will create 8 worker processes in total. Our suggested max number of worker in current system is 4, which is smaller than what this DataLoader is going to create. Please be aware that excessive worker creation might get DataLoader running slow or even freeze, lower the worker number to avoid potential slowness/freeze if necessary.
  warnings.warn(_create_warning_msg(
Experiment saved to: /leonardo_work/IscrC_Fed-GCD/hyzheng/pFed_logs/DCCL_align_loss/log/wok_Mollusca_woalign_wounsuploss_aligntoall_(13.09.2024_|_46.579)
['DCCL_align_loss']
Namespace(batch_size=128, num_workers=8, eval_funcs=['v2'], warmup_model_dir=None, dataset_name='Mollusca', prop_train_labels=0.5, use_ssb_splits=True, grad_from_block=11, lr=0.1, gamma=0.1, momentum=0.9, weight_decay=5e-05, epochs=200, transform='imagenet', sup_weight=0.35, n_views=2, memax_weight=2, warmup_teacher_temp=0.07, teacher_temp=0.04, warmup_teacher_temp_epochs=30, fp16=True, print_freq=10, exp_name='wok_Mollusca_woalign_wounsuploss_aligntoall', n_clients=1, dirichlet=0.2, rounds=200, local_train_ep=1, rate_local_label_unlabel=0.5, show_client_data_info=False, use_gmm=False, use_gmm_agg=False, use_gmm_dual=False, begin_agg_round=0, gmm_alpha=0.1, weight_likelihood=0.01, gmm_lr=0.1, gmm_lr_multiply=0, sampling_times=0, local_global_contrastive_cluster_weight=0, local_GMM_project_head=False, global_GMM_project_head=False, exp_root='/leonardo_work/IscrC_Fed-GCD/hyzheng/pFed_logs', cub_root='/leonardo_work/IscrC_Fed-GCD/GCD_datasets/CUB', cifar_100_root='/leonardo_work/IscrC_Fed-GCD/GCD_datasets/cifar100', hyper_k=231, cars_root='/leonardo_work/IscrC_Fed-GCD/GCD_datasets/stanford_cars', pets_root='/leonardo_work/IscrC_Fed-GCD/GCD_datasets/oxford_pets', aircraft_root='/leonardo_work/IscrC_Fed-GCD/GCD_datasets/fgvc_aircraft', herbarium_dataroot='/leonardo_work/IscrC_Fed-GCD/GCD_datasets/herbarium_19', osr_split_dir='/leonardo_work/IscrC_Fed-GCD/hyzheng/debug_fedgcd/data/ssb_splits', test_interval=1, use_contrastive_cluster=True, GCN_contrastive_cluster_weight=0.3, DCCL_contrastive_cluster_weight=0.1, align_loss_weight=0.1, contrastive_cluster_epochs=100, align_loss_epoch_start=0, align_loss_epoch_smooth=100, align_loss_weight_start=0, align_loss_weight_end=1, k1=15, k2=4, use_hard=False, memory_momentum=0.1, eps_gap=0.02, temp=0.05, use_cluster_head=False, num_instances=16, max_sim=True, eps=0.6, feature_output_index=2, wandb_offline=True, gcn_k1=80, max_conn=1, gcn_train_epoch=40, use_sym=False, neg_size=10, use_vpt=False, dino_pretrain_path='/leonardo_work/IscrC_Fed-GCD/GCD_datasets/dino/dino_vitbase16_pretrain.pth', load_from_model='/leonardo_work/IscrC_Fed-GCD/GCD_datasets/dino/cub_model_best.pth', vpt_dropout=0.0, num_prompts=5, predict_token='cop', n_shallow_prompts=0, num_dpr=4, w_prompt_clu=0.35, unfrezee_only_last_prompt=True, single_minsim_1=0.6, single_minsim_2=0.6, single_minsim_3=0.6, single_k1=15, k1_ratio=0.6, device=device(type='cuda', index=0), seed=0, k1_dict={'DCCL': 15, 'DCCL2': 9, 'DCCL3': 25, 'DCCL4': 80, 'DCCL5': 80}, eps_dict={'DCCL': 0.6, 'DCCL2': 0.6, 'DCCL3': 0.6, 'DCCL4': 0.6, 'DCCL5': 0.5}, image_size=224, train_classes=range(0, 47), unlabeled_classes=range(47, 93), num_labeled_classes=47, num_unlabeled_classes=46, logger=<loguru.logger handlers=[(id=0, level=10, sink=<stderr>), (id=1, level=10, sink='/leonardo_work/IscrC_Fed-GCD/hyzheng/pFed_logs/DCCL_align_loss/log/wok_Mollusca_woalign_wounsuploss_aligntoall_(13.09.2024_|_46.579)/log.txt')]>, log_dir='/leonardo_work/IscrC_Fed-GCD/hyzheng/pFed_logs/DCCL_align_loss/log/wok_Mollusca_woalign_wounsuploss_aligntoall_(13.09.2024_|_46.579)', model_dir='/leonardo_work/IscrC_Fed-GCD/hyzheng/pFed_logs/DCCL_align_loss/log/wok_Mollusca_woalign_wounsuploss_aligntoall_(13.09.2024_|_46.579)/checkpoints', model_path='/leonardo_work/IscrC_Fed-GCD/hyzheng/pFed_logs/DCCL_align_loss/log/wok_Mollusca_woalign_wounsuploss_aligntoall_(13.09.2024_|_46.579)/checkpoints/model.pt')
Merge dataset -> relabel_dict:{0: 0, 1: 1, 2: 2, 3: 3, 4: 4, 5: 5, 6: 6, 7: 7, 8: 8, 9: 9, 10: 10, 11: 11, 12: 12, 13: 13, 14: 14, 15: 15, 16: 16, 17: 17, 18: 18, 19: 19, 20: 20, 21: 21, 22: 22, 23: 23, 24: 24, 25: 25, 26: 26, 27: 27, 28: 28, 29: 29, 30: 30, 31: 31, 32: 32, 33: 33, 34: 34, 35: 35, 36: 36, 37: 37, 38: 38, 39: 39, 40: 40, 41: 41, 42: 42, 43: 43, 44: 44, 45: 45, 46: 46, 47: 47, 48: 48, 49: 49, 50: 50, 51: 51, 52: 52, 53: 53, 54: 54, 55: 55, 56: 56, 57: 57, 58: 58, 59: 59, 60: 60, 61: 61, 62: 62, 63: 63, 64: 64, 65: 65, 66: 66, 67: 67, 68: 68, 69: 69, 70: 70, 71: 71, 72: 72, 73: 73, 74: 74, 75: 75, 76: 76, 77: 77, 78: 78, 79: 79, 80: 80, 81: 81, 82: 82, 83: 83, 84: 84, 85: 85, 86: 86, 87: 87, 88: 88, 89: 89, 90: 90, 91: 91, 92: 92}
Merge dataset -> relabel_dict:{0: 0, 1: 1, 2: 2, 3: 3, 4: 4, 5: 5, 6: 6, 7: 7, 8: 8, 9: 9, 10: 10, 11: 11, 12: 12, 13: 13, 14: 14, 15: 15, 16: 16, 17: 17, 18: 18, 19: 19, 20: 20, 21: 21, 22: 22, 23: 23, 24: 24, 25: 25, 26: 26, 27: 27, 28: 28, 29: 29, 30: 30, 31: 31, 32: 32, 33: 33, 34: 34, 35: 35, 36: 36, 37: 37, 38: 38, 39: 39, 40: 40, 41: 41, 42: 42, 43: 43, 44: 44, 45: 45, 46: 46, 47: 47, 48: 48, 49: 49, 50: 50, 51: 51, 52: 52, 53: 53, 54: 54, 55: 55, 56: 56, 57: 57, 58: 58, 59: 59, 60: 60, 61: 61, 62: 62, 63: 63, 64: 64, 65: 65, 66: 66, 67: 67, 68: 68, 69: 69, 70: 70, 71: 71, 72: 72, 73: 73, 74: 74, 75: 75, 76: 76, 77: 77, 78: 78, 79: 79, 80: 80, 81: 81, 82: 82, 83: 83, 84: 84, 85: 85, 86: 86, 87: 87, 88: 88, 89: 89, 90: 90, 91: 91, 92: 92}
==> Create pseudo labels for unlabeled data
=======================================================
  Infomap v2.7.1 starts at 2024-09-13 05:16:28
  -> Input network: 
  -> No file output!
  -> Configuration: two-level
                    directed
=======================================================
  OpenMP 201511 detected with 4 threads...
  -> Ordinary network input, using the Map Equation for first order network flows
Calculating global network flow using flow model 'directed'... 
  -> Using unrecorded teleportation to links. 
  -> PageRank calculation done in 200 iterations.

  => Sum node flow: 1, sum link flow: 1
Build internal network with 8148 nodes and 85217 links...
  -> One-level codelength: 11.2842358

================================================
Trial 1/1 starting at 2024-09-13 05:16:28
================================================
Two-level compression: 36% 1.1% 0.0788667177% 0.110383259% 
Partitioned to codelength 0.704776988 + 6.37866863 = 7.083445618 in 470 (462 non-trivial) modules.

=> Trial 1/1 finished in 0.229934876s with codelength 7.08344562


================================================
Summary after 1 trial
================================================
Best end modular solution in 2 levels:
Per level number of modules:         [        470,           0] (sum: 470)
Per level number of leaf nodes:      [          0,        8148] (sum: 8148)
Per level average child degree:      [        470,     17.3362] (average: 42.0231)
Per level codelength for modules:    [0.704776988, 0.000000000] (sum: 0.704776988)
Per level codelength for leaf nodes: [0.000000000, 6.378668630] (sum: 6.378668630)
Per level codelength total:          [0.704776988, 6.378668630] (sum: 7.083445618)

===================================================
  Infomap ends at 2024-09-13 05:16:29
  (Elapsed time: 0.313169449s)
===================================================
2024-09-13 05:16:29.214 | INFO     | __main__:DCCL:428 - length of whole_train_test_dataset.labeled_set 2417
2024-09-13 05:16:29.215 | INFO     | __main__:test_with_pseudo_label_full:194 - Length of pred: 6960
2024-09-13 05:16:29.228 | INFO     | __main__:test_with_pseudo_label_full:214 - DCCL Pseudo method 1 - All Acc: 0.3816091954022989, Old Acc: 0.3045097227968556, New Acc: 0.4226282192383887
2024-09-13 05:16:29.272 | INFO     | __main__:test_with_pseudo_label_full:229 - DCCL Pseudo method 2 - All Acc: 0.3781609195402299, Old Acc: 0.30533719486967315, New Acc: 0.41690512876953556
2024-09-13 05:16:29.272 | INFO     | __main__:DCCL:442 - ==> DCCL Infomap for epoch 0: 188 clusters
[Time] [faiss-gpu] build index 15 consumes 0.6791 s
[Time] [faiss-gpu] query topk 15 consumes 0.0342 s
[Time] get links consumes 0.6655 s
孤立点数：1229
总节点数：9377
总类别数/孤立节点数/小簇个数/有效簇个数：1699/1229/1511/188
=======================================================
  Infomap v2.7.1 starts at 2024-09-13 05:16:30
  -> Input network: 
  -> No file output!
  -> Configuration: two-level
                    directed
=======================================================
  OpenMP 201511 detected with 4 threads...
  -> Ordinary network input, using the Map Equation for first order network flows
Calculating global network flow using flow model 'directed'... 
  -> Using unrecorded teleportation to links. 
  -> PageRank calculation done in 200 iterations.

  => Sum node flow: 1, sum link flow: 1
Build internal network with 8148 nodes and 53010 links...
  -> One-level codelength: 11.2868419

================================================
Trial 1/1 starting at 2024-09-13 05:16:30
================================================
Two-level compression: 42% 1.1% 0.115653745% 0.0318959834% 0.0145942604% 
Partitioned to codelength 0.908267815 + 5.56254052 = 6.470808335 in 569 (564 non-trivial) modules.

=> Trial 1/1 finished in 0.195785476s with codelength 6.47080833


================================================
Summary after 1 trial
================================================
Best end modular solution in 2 levels:
Per level number of modules:         [        569,           0] (sum: 569)
Per level number of leaf nodes:      [          0,        8148] (sum: 8148)
Per level average child degree:      [        569,     14.3199] (average: 50.5265)
Per level codelength for modules:    [0.908267815, 0.000000000] (sum: 0.908267815)
Per level codelength for leaf nodes: [0.000000000, 5.562540520] (sum: 5.562540520)
Per level codelength total:          [0.908267815, 5.562540520] (sum: 6.470808335)

===================================================
  Infomap ends at 2024-09-13 05:16:30
  (Elapsed time: 0.260433914s)
===================================================
2024-09-13 05:16:30.657 | INFO     | __main__:DCCL:428 - length of whole_train_test_dataset.labeled_set 2417
2024-09-13 05:16:30.658 | INFO     | __main__:test_with_pseudo_label_full:194 - Length of pred: 6960
2024-09-13 05:16:30.672 | INFO     | __main__:test_with_pseudo_label_full:214 - DCCL2 Pseudo method 1 - All Acc: 0.3426724137931034, Old Acc: 0.28547786512205214, New Acc: 0.37310147479639005
2024-09-13 05:16:30.720 | INFO     | __main__:test_with_pseudo_label_full:229 - DCCL2 Pseudo method 2 - All Acc: 0.33591954022988507, Old Acc: 0.2656185353744311, New Acc: 0.3733215936605767
2024-09-13 05:16:30.720 | INFO     | __main__:DCCL:442 - ==> DCCL2 Infomap for epoch 0: 265 clusters
[Time] [faiss-gpu] build index 9 consumes 0.1086 s
[Time] [faiss-gpu] query topk 9 consumes 0.0362 s
[Time] get links consumes 0.4198 s
孤立点数：1229
总节点数：9377
总类别数/孤立节点数/小簇个数/有效簇个数：1798/1229/1533/265
=======================================================
  Infomap v2.7.1 starts at 2024-09-13 05:16:32
  -> Input network: 
  -> No file output!
  -> Configuration: two-level
                    directed
=======================================================
  OpenMP 201511 detected with 4 threads...
  -> Ordinary network input, using the Map Equation for first order network flows
Calculating global network flow using flow model 'directed'... 
  -> Using unrecorded teleportation to links. 
  -> PageRank calculation done in 200 iterations.

  => Sum node flow: 1, sum link flow: 1
Build internal network with 8148 nodes and 133065 links...
  -> One-level codelength: 11.2737969

================================================
Trial 1/1 starting at 2024-09-13 05:16:32
================================================
Two-level compression: 33% 1.1% 0.0353715718% 0.025652586% 
Partitioned to codelength 0.645391541 + 6.86672282 = 7.51211436 in 431 (423 non-trivial) modules.

=> Trial 1/1 finished in 0.268412765s with codelength 7.51211436


================================================
Summary after 1 trial
================================================
Best end modular solution in 2 levels:
Per level number of modules:         [        431,           0] (sum: 431)
Per level number of leaf nodes:      [          0,        8148] (sum: 8148)
Per level average child degree:      [        431,     18.9049] (average: 39.6081)
Per level codelength for modules:    [0.645391541, 0.000000000] (sum: 0.645391541)
Per level codelength for leaf nodes: [0.000000000, 6.866722819] (sum: 6.866722819)
Per level codelength total:          [0.645391541, 6.866722819] (sum: 7.512114360)

===================================================
  Infomap ends at 2024-09-13 05:16:32
  (Elapsed time: 0.382999012s)
===================================================
2024-09-13 05:16:32.852 | INFO     | __main__:DCCL:428 - length of whole_train_test_dataset.labeled_set 2417
2024-09-13 05:16:32.853 | INFO     | __main__:test_with_pseudo_label_full:194 - Length of pred: 6960
2024-09-13 05:16:32.867 | INFO     | __main__:test_with_pseudo_label_full:214 - DCCL3 Pseudo method 1 - All Acc: 0.39655172413793105, Old Acc: 0.29582126603227143, New Acc: 0.4501430772617213
2024-09-13 05:16:32.910 | INFO     | __main__:test_with_pseudo_label_full:229 - DCCL3 Pseudo method 2 - All Acc: 0.3936781609195402, Old Acc: 0.29788994621431525, New Acc: 0.4446401056570548
2024-09-13 05:16:32.911 | INFO     | __main__:DCCL:442 - ==> DCCL3 Infomap for epoch 0: 155 clusters
[Time] [faiss-gpu] build index 25 consumes 0.1042 s
[Time] [faiss-gpu] query topk 25 consumes 0.0385 s
[Time] get links consumes 1.0542 s
孤立点数：1229
总节点数：9377
总类别数/孤立节点数/小簇个数/有效簇个数：1660/1229/1505/155
2024-09-13 05:16:34.327 | INFO     | __main__:test_with_pseudo_label_full:194 - Length of pred: 6960
2024-09-13 05:16:34.341 | INFO     | __main__:test_with_pseudo_label_full:214 - Ensemble clustering Pseudo method 1 - All Acc: 0.38448275862068965, Old Acc: 0.3057509309060819, New Acc: 0.42637023992956197
2024-09-13 05:16:34.401 | INFO     | __main__:test_with_pseudo_label_full:229 - Ensemble clustering Pseudo method 2 - All Acc: 0.3810344827586207, Old Acc: 0.3065784029788995, New Acc: 0.4206471494607088
Traceback (most recent call last):
  File "/leonardo_work/IscrC_Fed-GCD/hyzheng/debug_fedgcd/DPC2L/hyzheng/8.ISCAP_DCCL_explore.py", line 1245, in <module>
    train(model, projector_dict, train_loader, test_loader_unlabelled, args)
  File "/leonardo_work/IscrC_Fed-GCD/hyzheng/debug_fedgcd/DPC2L/hyzheng/8.ISCAP_DCCL_explore.py", line 753, in train
    fp16_scaler.scale(loss).backward()
  File "/leonardo/home/userexternal/hzheng00/miniconda3/envs/fedgcd/lib/python3.9/site-packages/torch/_tensor.py", line 396, in backward
    torch.autograd.backward(self, gradient, retain_graph, create_graph, inputs=inputs)
  File "/leonardo/home/userexternal/hzheng00/miniconda3/envs/fedgcd/lib/python3.9/site-packages/torch/autograd/__init__.py", line 173, in backward
    Variable._execution_engine.run_backward(  # Calls into the C++ engine to run the backward pass
RuntimeError: one of the variables needed for gradient computation has been modified by an inplace operation: [torch.cuda.HalfTensor [768, 155]] is at version 768; expected version 0 instead. Hint: enable anomaly detection to find the operation that failed to compute its gradient, with torch.autograd.set_detect_anomaly(True).
wandb: Waiting for W&B process to finish... (failed 1).
wandb: 
wandb: Run history:
wandb:                                DCCL DCCL loss ▁
wandb:  DCCL current_DCCL_contrastive_cluster_weight ▁
wandb:      DCCL infomap predicted number of cluster ▁
wandb:                               DCCL2 DCCL loss ▁
wandb: DCCL2 current_DCCL_contrastive_cluster_weight ▁
wandb:     DCCL2 infomap predicted number of cluster ▁
wandb:                               DCCL3 DCCL loss ▁
wandb: DCCL3 current_DCCL_contrastive_cluster_weight ▁
wandb:     DCCL3 infomap predicted number of cluster ▁
wandb:                                classifier_sup ▁
wandb:                              classifier_unsup ▁
wandb:                               contrastive_sup ▁
wandb:                             contrastive_unsup ▁
wandb:                     current_align_loss_weight ▁
wandb: 
wandb: Run summary:
wandb:                                DCCL DCCL loss 5.78065
wandb:  DCCL current_DCCL_contrastive_cluster_weight 0.01
wandb:      DCCL infomap predicted number of cluster 188
wandb:                               DCCL2 DCCL loss 5.93747
wandb: DCCL2 current_DCCL_contrastive_cluster_weight 0.01
wandb:     DCCL2 infomap predicted number of cluster 265
wandb:                               DCCL3 DCCL loss 5.36447
wandb: DCCL3 current_DCCL_contrastive_cluster_weight 0.01
wandb:     DCCL3 infomap predicted number of cluster 155
wandb:                                classifier_sup 3.80698
wandb:                              classifier_unsup 3.75014
wandb:                               contrastive_sup 3.99122
wandb:                             contrastive_unsup 4.99144
wandb:                     current_align_loss_weight 0.0
wandb: 
wandb: You can sync this run to the cloud by running:
wandb: wandb sync /leonardo_work/IscrC_Fed-GCD/hyzheng/debug_fedgcd/DPC2L/hyzheng/wandb/offline-run-20240913_051248-h8kj8njv
wandb: Find logs at: ./wandb/offline-run-20240913_051248-h8kj8njv/logs
