2024-09-13 05:14:47.295 | INFO     | __main__:<module>:1103 - k1_2: 9, k1_3: 25
2024-09-13 05:14:47.296 | INFO     | __main__:<module>:1104 - Using evaluation function v2 to print results
wandb: Tracking run with wandb version 0.15.12
wandb: W&B syncing is set to `offline` in this directory.  
wandb: Run `wandb online` or set WANDB_MODE=online to enable cloud syncing.
2024-09-13 05:14:55.321 | INFO     | __main__:<module>:1157 - model build
/leonardo/home/userexternal/hzheng00/miniconda3/envs/fedgcd/lib/python3.9/site-packages/torchvision/transforms/transforms.py:332: UserWarning: Argument 'interpolation' of type int is deprecated since 0.13 and will be removed in 0.15. Please use InterpolationMode enum.
  warnings.warn(
2024-09-13 05:15:02.377 | INFO     | data.get_datasets_inaturalist:get_datasets:145 - dataset_name: train_labelled
2024-09-13 05:15:02.377 | INFO     | data.get_datasets_inaturalist:get_datasets:145 - dataset_name: train_unlabelled
2024-09-13 05:15:02.377 | INFO     | data.get_datasets_inaturalist:get_datasets:145 - dataset_name: val
2024-09-13 05:15:02.378 | INFO     | data.get_datasets_inaturalist:get_datasets:145 - dataset_name: test
2024-09-13 05:15:02.378 | INFO     | data.get_datasets_inaturalist:get_datasets:145 - dataset_name: test_labelled
2024-09-13 05:15:02.378 | INFO     | data.get_datasets_inaturalist:get_datasets:145 - dataset_name: test_unlabelled
/leonardo/home/userexternal/hzheng00/miniconda3/envs/fedgcd/lib/python3.9/site-packages/torch/utils/data/dataloader.py:563: UserWarning: This DataLoader will create 8 worker processes in total. Our suggested max number of worker in current system is 4, which is smaller than what this DataLoader is going to create. Please be aware that excessive worker creation might get DataLoader running slow or even freeze, lower the worker number to avoid potential slowness/freeze if necessary.
  warnings.warn(_create_warning_msg(
Experiment saved to: /leonardo_work/IscrC_Fed-GCD/hyzheng/pFed_logs/DCCL_align_loss/log/wok_Arachnida_woalign_wounsuploss_aligntoall_(13.09.2024_|_45.688)
['DCCL_align_loss']
Namespace(batch_size=128, num_workers=8, eval_funcs=['v2'], warmup_model_dir=None, dataset_name='Arachnida', prop_train_labels=0.5, use_ssb_splits=True, grad_from_block=11, lr=0.1, gamma=0.1, momentum=0.9, weight_decay=5e-05, epochs=200, transform='imagenet', sup_weight=0.35, n_views=2, memax_weight=2, warmup_teacher_temp=0.07, teacher_temp=0.04, warmup_teacher_temp_epochs=30, fp16=True, print_freq=10, exp_name='wok_Arachnida_woalign_wounsuploss_aligntoall', n_clients=1, dirichlet=0.2, rounds=200, local_train_ep=1, rate_local_label_unlabel=0.5, show_client_data_info=False, use_gmm=False, use_gmm_agg=False, use_gmm_dual=False, begin_agg_round=0, gmm_alpha=0.1, weight_likelihood=0.01, gmm_lr=0.1, gmm_lr_multiply=0, sampling_times=0, local_global_contrastive_cluster_weight=0, local_GMM_project_head=False, global_GMM_project_head=False, exp_root='/leonardo_work/IscrC_Fed-GCD/hyzheng/pFed_logs', cub_root='/leonardo_work/IscrC_Fed-GCD/GCD_datasets/CUB', cifar_100_root='/leonardo_work/IscrC_Fed-GCD/GCD_datasets/cifar100', hyper_k=231, cars_root='/leonardo_work/IscrC_Fed-GCD/GCD_datasets/stanford_cars', pets_root='/leonardo_work/IscrC_Fed-GCD/GCD_datasets/oxford_pets', aircraft_root='/leonardo_work/IscrC_Fed-GCD/GCD_datasets/fgvc_aircraft', herbarium_dataroot='/leonardo_work/IscrC_Fed-GCD/GCD_datasets/herbarium_19', osr_split_dir='/leonardo_work/IscrC_Fed-GCD/hyzheng/debug_fedgcd/data/ssb_splits', test_interval=1, use_contrastive_cluster=True, GCN_contrastive_cluster_weight=0.3, DCCL_contrastive_cluster_weight=0.1, align_loss_weight=0.1, contrastive_cluster_epochs=100, align_loss_epoch_start=0, align_loss_epoch_smooth=100, align_loss_weight_start=0, align_loss_weight_end=1, k1=15, k2=4, use_hard=False, memory_momentum=0.1, eps_gap=0.02, temp=0.05, use_cluster_head=False, num_instances=16, max_sim=True, eps=0.6, feature_output_index=2, wandb_offline=True, gcn_k1=80, max_conn=1, gcn_train_epoch=40, use_sym=False, neg_size=10, use_vpt=False, dino_pretrain_path='/leonardo_work/IscrC_Fed-GCD/GCD_datasets/dino/dino_vitbase16_pretrain.pth', load_from_model='/leonardo_work/IscrC_Fed-GCD/GCD_datasets/dino/cub_model_best.pth', vpt_dropout=0.0, num_prompts=5, predict_token='cop', n_shallow_prompts=0, num_dpr=4, w_prompt_clu=0.35, unfrezee_only_last_prompt=True, single_minsim_1=0.6, single_minsim_2=0.6, single_minsim_3=0.6, single_k1=15, k1_ratio=0.6, device=device(type='cuda', index=0), seed=0, k1_dict={'DCCL': 15, 'DCCL2': 9, 'DCCL3': 25, 'DCCL4': 80, 'DCCL5': 80}, eps_dict={'DCCL': 0.6, 'DCCL2': 0.6, 'DCCL3': 0.6, 'DCCL4': 0.6, 'DCCL5': 0.5}, image_size=224, train_classes=range(0, 28), unlabeled_classes=range(28, 56), num_labeled_classes=28, num_unlabeled_classes=28, logger=<loguru.logger handlers=[(id=0, level=10, sink=<stderr>), (id=1, level=10, sink='/leonardo_work/IscrC_Fed-GCD/hyzheng/pFed_logs/DCCL_align_loss/log/wok_Arachnida_woalign_wounsuploss_aligntoall_(13.09.2024_|_45.688)/log.txt')]>, log_dir='/leonardo_work/IscrC_Fed-GCD/hyzheng/pFed_logs/DCCL_align_loss/log/wok_Arachnida_woalign_wounsuploss_aligntoall_(13.09.2024_|_45.688)', model_dir='/leonardo_work/IscrC_Fed-GCD/hyzheng/pFed_logs/DCCL_align_loss/log/wok_Arachnida_woalign_wounsuploss_aligntoall_(13.09.2024_|_45.688)/checkpoints', model_path='/leonardo_work/IscrC_Fed-GCD/hyzheng/pFed_logs/DCCL_align_loss/log/wok_Arachnida_woalign_wounsuploss_aligntoall_(13.09.2024_|_45.688)/checkpoints/model.pt')
Merge dataset -> relabel_dict:{0: 0, 1: 1, 2: 2, 3: 3, 4: 4, 5: 5, 6: 6, 7: 7, 8: 8, 9: 9, 10: 10, 11: 11, 12: 12, 13: 13, 14: 14, 15: 15, 16: 16, 17: 17, 18: 18, 19: 19, 20: 20, 21: 21, 22: 22, 23: 23, 24: 24, 25: 25, 26: 26, 27: 27, 28: 28, 29: 29, 30: 30, 31: 31, 32: 32, 33: 33, 34: 34, 35: 35, 36: 36, 37: 37, 38: 38, 39: 39, 40: 40, 41: 41, 42: 42, 43: 43, 44: 44, 45: 45, 46: 46, 47: 47, 48: 48, 49: 49, 50: 50, 51: 51, 52: 52, 53: 53, 54: 54, 55: 55}
Merge dataset -> relabel_dict:{0: 0, 1: 1, 2: 2, 3: 3, 4: 4, 5: 5, 6: 6, 7: 7, 8: 8, 9: 9, 10: 10, 11: 11, 12: 12, 13: 13, 14: 14, 15: 15, 16: 16, 17: 17, 18: 18, 19: 19, 20: 20, 21: 21, 22: 22, 23: 23, 24: 24, 25: 25, 26: 26, 27: 27, 28: 28, 29: 29, 30: 30, 31: 31, 32: 32, 33: 33, 34: 34, 35: 35, 36: 36, 37: 37, 38: 38, 39: 39, 40: 40, 41: 41, 42: 42, 43: 43, 44: 44, 45: 45, 46: 46, 47: 47, 48: 48, 49: 49, 50: 50, 51: 51, 52: 52, 53: 53, 54: 54, 55: 55}
==> Create pseudo labels for unlabeled data
=======================================================
  Infomap v2.7.1 starts at 2024-09-13 05:17:45
  -> Input network: 
  -> No file output!
  -> Configuration: two-level
                    directed
=======================================================
  OpenMP 201511 detected with 4 threads...
  -> Ordinary network input, using the Map Equation for first order network flows
Calculating global network flow using flow model 'directed'... 
  -> Using unrecorded teleportation to links. 
  -> PageRank calculation done in 200 iterations.

  => Sum node flow: 1, sum link flow: 1
Build internal network with 5443 nodes and 62890 links...
  -> One-level codelength: 10.3642308

================================================
Trial 1/1 starting at 2024-09-13 05:17:46
================================================
Two-level compression: 31% 1.7% 0.0451896487% 0.00867512293% 0.00332313386% 2024-09-13 05:17:46.256 | INFO     | __main__:DCCL:428 - length of whole_train_test_dataset.labeled_set 1660
2024-09-13 05:17:46.257 | INFO     | __main__:test_with_pseudo_label_full:194 - Length of pred: 4299
2024-09-13 05:17:46.262 | INFO     | __main__:test_with_pseudo_label_full:214 - DCCL Pseudo method 1 - All Acc: 0.3665968829960456, Old Acc: 0.3680722891566265, New Acc: 0.36566881394467604
2024-09-13 05:17:46.273 | INFO     | __main__:test_with_pseudo_label_full:229 - DCCL Pseudo method 2 - All Acc: 0.3572923935799023, Old Acc: 0.36927710843373496, New Acc: 0.3497536945812808
2024-09-13 05:17:46.274 | INFO     | __main__:DCCL:442 - ==> DCCL Infomap for epoch 0: 118 clusters
[Time] [faiss-gpu] build index 15 consumes 1.1608 s
[Time] [faiss-gpu] query topk 15 consumes 0.0222 s
[Time] get links consumes 0.5073 s
孤立点数：516
总节点数：5959
总类别数/孤立节点数/小簇个数/有效簇个数：792/516/674/118

Partitioned to codelength 0.720277468 + 6.26463632 = 6.984913791 in 276 (272 non-trivial) modules.

=> Trial 1/1 finished in 0.15512376s with codelength 6.98491379


================================================
Summary after 1 trial
================================================
Best end modular solution in 2 levels:
Per level number of modules:         [        276,           0] (sum: 276)
Per level number of leaf nodes:      [          0,        5443] (sum: 5443)
Per level average child degree:      [        276,      19.721] (average: 32.0891)
Per level codelength for modules:    [0.720277468, 0.000000000] (sum: 0.720277468)
Per level codelength for leaf nodes: [0.000000000, 6.264636322] (sum: 6.264636322)
Per level codelength total:          [0.720277468, 6.264636322] (sum: 6.984913791)

===================================================
  Infomap ends at 2024-09-13 05:17:46
  (Elapsed time: 0.203984376s)
===================================================
=======================================================
  Infomap v2.7.1 starts at 2024-09-13 05:17:47
  -> Input network: 
  -> No file output!
  -> Configuration: two-level
                    directed
=======================================================
  OpenMP 201511 detected with 4 threads...
  -> Ordinary network input, using the Map Equation for first order network flows
Calculating global network flow using flow model 'directed'... 
  -> Using unrecorded teleportation to links. 
  -> PageRank calculation done in 200 iterations.

  => Sum node flow: 1, sum link flow: 1
Build internal network with 5443 nodes and 37978 links...
  -> One-level codelength: 10.4173141

================================================
Trial 1/1 starting at 2024-09-13 05:17:47
================================================
Two-level compression: 37% 1.3% 0.845161021% 0.104030201% 0.00871828761% 0.00280325096% 
Partitioned to codelength 1.05399312 + 5.3202781 = 6.374271222 in 346 (344 non-trivial) modules.

=> Trial 1/1 finished in 0.169068273s with codelength 6.37427122


================================================
Summary after 1 trial
================================================
Best end modular solution in 2 levels:
Per level number of modules:         [        346,           0] (sum: 346)
Per level number of leaf nodes:      [          0,        5443] (sum: 5443)
Per level average child degree:      [        346,     15.7312] (average: 35.4709)
Per level codelength for modules:    [1.053993119, 0.000000000] (sum: 1.053993119)
Per level codelength for leaf nodes: [0.000000000, 5.320278103] (sum: 5.320278103)
Per level codelength total:          [1.053993119, 5.320278103] (sum: 6.374271222)

===================================================
  Infomap ends at 2024-09-13 05:17:47
  (Elapsed time: 0.222323156s)
===================================================
2024-09-13 05:17:47.441 | INFO     | __main__:DCCL:428 - length of whole_train_test_dataset.labeled_set 1660
2024-09-13 05:17:47.442 | INFO     | __main__:test_with_pseudo_label_full:194 - Length of pred: 4299
2024-09-13 05:17:47.449 | INFO     | __main__:test_with_pseudo_label_full:214 - DCCL2 Pseudo method 1 - All Acc: 0.3117003954408002, Old Acc: 0.2740963855421687, New Acc: 0.3353543008715423
2024-09-13 05:17:47.466 | INFO     | __main__:test_with_pseudo_label_full:229 - DCCL2 Pseudo method 2 - All Acc: 0.30030239590602464, Old Acc: 0.2740963855421687, New Acc: 0.31678666161424784
2024-09-13 05:17:47.467 | INFO     | __main__:DCCL:442 - ==> DCCL2 Infomap for epoch 0: 186 clusters
[Time] [faiss-gpu] build index 9 consumes 0.1016 s
[Time] [faiss-gpu] query topk 9 consumes 0.0214 s
[Time] get links consumes 0.3144 s
孤立点数：516
总节点数：5959
总类别数/孤立节点数/小簇个数/有效簇个数：862/516/676/186
=======================================================
  Infomap v2.7.1 starts at 2024-09-13 05:17:48
  -> Input network: 
  -> No file output!
  -> Configuration: two-level
                    directed
=======================================================
  OpenMP 201511 detected with 4 threads...
  -> Ordinary network input, using the Map Equation for first order network flows
Calculating global network flow using flow model 'directed'... 
  -> Using unrecorded teleportation to links. 
  -> PageRank calculation done in 200 iterations.

  => Sum node flow: 1, sum link flow: 1
Build internal network with 5443 nodes and 101365 links...
  -> One-level codelength: 10.3711927

================================================
Trial 1/1 starting at 2024-09-13 05:17:48
================================================
Two-level compression: 27% 1.4% 0.0474636821% 0.0306659445% 
Partitioned to codelength 0.612421797 + 6.84165745 = 7.454079249 in 238 (234 non-trivial) modules.

=> Trial 1/1 finished in 0.184610473s with codelength 7.45407925


================================================
Summary after 1 trial
================================================
Best end modular solution in 2 levels:
Per level number of modules:         [        238,           0] (sum: 238)
Per level number of leaf nodes:      [          0,        5443] (sum: 5443)
Per level average child degree:      [        238,     22.8697] (average: 31.8824)
Per level codelength for modules:    [0.612421797, 0.000000000] (sum: 0.612421797)
Per level codelength for leaf nodes: [0.000000000, 6.841657451] (sum: 6.841657451)
Per level codelength total:          [0.612421797, 6.841657451] (sum: 7.454079249)

===================================================
  Infomap ends at 2024-09-13 05:17:49
  (Elapsed time: 0.281215932s)
===================================================
2024-09-13 05:17:49.226 | INFO     | __main__:DCCL:428 - length of whole_train_test_dataset.labeled_set 1660
2024-09-13 05:17:49.227 | INFO     | __main__:test_with_pseudo_label_full:194 - Length of pred: 4299
2024-09-13 05:17:49.238 | INFO     | __main__:test_with_pseudo_label_full:214 - DCCL3 Pseudo method 1 - All Acc: 0.36334031170039544, Old Acc: 0.36566265060240966, New Acc: 0.3618794998105343
2024-09-13 05:17:49.249 | INFO     | __main__:test_with_pseudo_label_full:229 - DCCL3 Pseudo method 2 - All Acc: 0.3556641079320772, Old Acc: 0.3674698795180723, New Acc: 0.3482379689276241
2024-09-13 05:17:49.249 | INFO     | __main__:DCCL:442 - ==> DCCL3 Infomap for epoch 0: 85 clusters
[Time] [faiss-gpu] build index 25 consumes 0.1055 s
[Time] [faiss-gpu] query topk 25 consumes 0.0230 s
[Time] get links consumes 0.8319 s
孤立点数：516
总节点数：5959
总类别数/孤立节点数/小簇个数/有效簇个数：754/516/669/85
2024-09-13 05:17:49.862 | INFO     | __main__:test_with_pseudo_label_full:194 - Length of pred: 4299
2024-09-13 05:17:49.869 | INFO     | __main__:test_with_pseudo_label_full:214 - Ensemble clustering Pseudo method 1 - All Acc: 0.3656664340544313, Old Acc: 0.36686746987951807, New Acc: 0.36491095111784766
2024-09-13 05:17:49.886 | INFO     | __main__:test_with_pseudo_label_full:229 - Ensemble clustering Pseudo method 2 - All Acc: 0.35636194463828796, Old Acc: 0.3680722891566265, New Acc: 0.3489958317544524
Traceback (most recent call last):
  File "/leonardo_work/IscrC_Fed-GCD/hyzheng/debug_fedgcd/DPC2L/hyzheng/8.ISCAP_DCCL_explore.py", line 1245, in <module>
    train(model, projector_dict, train_loader, test_loader_unlabelled, args)
  File "/leonardo_work/IscrC_Fed-GCD/hyzheng/debug_fedgcd/DPC2L/hyzheng/8.ISCAP_DCCL_explore.py", line 753, in train
    fp16_scaler.scale(loss).backward()
  File "/leonardo/home/userexternal/hzheng00/miniconda3/envs/fedgcd/lib/python3.9/site-packages/torch/_tensor.py", line 396, in backward
    torch.autograd.backward(self, gradient, retain_graph, create_graph, inputs=inputs)
  File "/leonardo/home/userexternal/hzheng00/miniconda3/envs/fedgcd/lib/python3.9/site-packages/torch/autograd/__init__.py", line 173, in backward
    Variable._execution_engine.run_backward(  # Calls into the C++ engine to run the backward pass
RuntimeError: one of the variables needed for gradient computation has been modified by an inplace operation: [torch.cuda.HalfTensor [768, 85]] is at version 768; expected version 0 instead. Hint: enable anomaly detection to find the operation that failed to compute its gradient, with torch.autograd.set_detect_anomaly(True).
wandb: Waiting for W&B process to finish... (failed 1).
wandb: 
wandb: Run history:
wandb:                                DCCL DCCL loss ▁
wandb:  DCCL current_DCCL_contrastive_cluster_weight ▁
wandb:      DCCL infomap predicted number of cluster ▁
wandb:                               DCCL2 DCCL loss ▁
wandb: DCCL2 current_DCCL_contrastive_cluster_weight ▁
wandb:     DCCL2 infomap predicted number of cluster ▁
wandb:                               DCCL3 DCCL loss ▁
wandb: DCCL3 current_DCCL_contrastive_cluster_weight ▁
wandb:     DCCL3 infomap predicted number of cluster ▁
wandb:                                classifier_sup ▁
wandb:                              classifier_unsup ▁
wandb:                               contrastive_sup ▁
wandb:                             contrastive_unsup ▁
wandb:                     current_align_loss_weight ▁
wandb: 
wandb: Run summary:
wandb:                                DCCL DCCL loss 5.08914
wandb:  DCCL current_DCCL_contrastive_cluster_weight 0.01
wandb:      DCCL infomap predicted number of cluster 118
wandb:                               DCCL2 DCCL loss 5.14958
wandb: DCCL2 current_DCCL_contrastive_cluster_weight 0.01
wandb:     DCCL2 infomap predicted number of cluster 186
wandb:                               DCCL3 DCCL loss 4.44291
wandb: DCCL3 current_DCCL_contrastive_cluster_weight 0.01
wandb:     DCCL3 infomap predicted number of cluster 85
wandb:                                classifier_sup 3.27985
wandb:                              classifier_unsup 3.23583
wandb:                               contrastive_sup 4.60805
wandb:                             contrastive_unsup 5.04636
wandb:                     current_align_loss_weight 0.0
wandb: 
wandb: You can sync this run to the cloud by running:
wandb: wandb sync /leonardo_work/IscrC_Fed-GCD/hyzheng/debug_fedgcd/DPC2L/hyzheng/wandb/offline-run-20240913_051448-mxvsp9n3
wandb: Find logs at: ./wandb/offline-run-20240913_051448-mxvsp9n3/logs
