2024-09-13 05:11:43.520 | INFO     | __main__:<module>:1103 - k1_2: 9, k1_3: 25
2024-09-13 05:11:43.521 | INFO     | __main__:<module>:1104 - Using evaluation function v2 to print results
wandb: Tracking run with wandb version 0.15.12
wandb: W&B syncing is set to `offline` in this directory.  
wandb: Run `wandb online` or set WANDB_MODE=online to enable cloud syncing.
2024-09-13 05:11:48.216 | INFO     | __main__:<module>:1157 - model build
/leonardo/home/userexternal/hzheng00/miniconda3/envs/fedgcd/lib/python3.9/site-packages/torchvision/transforms/transforms.py:332: UserWarning: Argument 'interpolation' of type int is deprecated since 0.13 and will be removed in 0.15. Please use InterpolationMode enum.
  warnings.warn(
2024-09-13 05:11:56.066 | INFO     | data.get_datasets_inaturalist:get_datasets:145 - dataset_name: train_labelled
2024-09-13 05:11:56.067 | INFO     | data.get_datasets_inaturalist:get_datasets:145 - dataset_name: train_unlabelled
2024-09-13 05:11:56.067 | INFO     | data.get_datasets_inaturalist:get_datasets:145 - dataset_name: val
2024-09-13 05:11:56.067 | INFO     | data.get_datasets_inaturalist:get_datasets:145 - dataset_name: test
2024-09-13 05:11:56.067 | INFO     | data.get_datasets_inaturalist:get_datasets:145 - dataset_name: test_labelled
2024-09-13 05:11:56.067 | INFO     | data.get_datasets_inaturalist:get_datasets:145 - dataset_name: test_unlabelled
/leonardo/home/userexternal/hzheng00/miniconda3/envs/fedgcd/lib/python3.9/site-packages/torch/utils/data/dataloader.py:563: UserWarning: This DataLoader will create 8 worker processes in total. Our suggested max number of worker in current system is 4, which is smaller than what this DataLoader is going to create. Please be aware that excessive worker creation might get DataLoader running slow or even freeze, lower the worker number to avoid potential slowness/freeze if necessary.
  warnings.warn(_create_warning_msg(
Experiment saved to: /leonardo_work/IscrC_Fed-GCD/hyzheng/pFed_logs/DCCL_align_loss/log/wok_Fungi_woalign_wounsuploss_aligntoall_(13.09.2024_|_43.503)
['DCCL_align_loss']
Namespace(batch_size=128, num_workers=8, eval_funcs=['v2'], warmup_model_dir=None, dataset_name='Fungi', prop_train_labels=0.5, use_ssb_splits=True, grad_from_block=11, lr=0.1, gamma=0.1, momentum=0.9, weight_decay=5e-05, epochs=200, transform='imagenet', sup_weight=0.35, n_views=2, memax_weight=2, warmup_teacher_temp=0.07, teacher_temp=0.04, warmup_teacher_temp_epochs=30, fp16=True, print_freq=10, exp_name='wok_Fungi_woalign_wounsuploss_aligntoall', n_clients=1, dirichlet=0.2, rounds=200, local_train_ep=1, rate_local_label_unlabel=0.5, show_client_data_info=False, use_gmm=False, use_gmm_agg=False, use_gmm_dual=False, begin_agg_round=0, gmm_alpha=0.1, weight_likelihood=0.01, gmm_lr=0.1, gmm_lr_multiply=0, sampling_times=0, local_global_contrastive_cluster_weight=0, local_GMM_project_head=False, global_GMM_project_head=False, exp_root='/leonardo_work/IscrC_Fed-GCD/hyzheng/pFed_logs', cub_root='/leonardo_work/IscrC_Fed-GCD/GCD_datasets/CUB', cifar_100_root='/leonardo_work/IscrC_Fed-GCD/GCD_datasets/cifar100', hyper_k=231, cars_root='/leonardo_work/IscrC_Fed-GCD/GCD_datasets/stanford_cars', pets_root='/leonardo_work/IscrC_Fed-GCD/GCD_datasets/oxford_pets', aircraft_root='/leonardo_work/IscrC_Fed-GCD/GCD_datasets/fgvc_aircraft', herbarium_dataroot='/leonardo_work/IscrC_Fed-GCD/GCD_datasets/herbarium_19', osr_split_dir='/leonardo_work/IscrC_Fed-GCD/hyzheng/debug_fedgcd/data/ssb_splits', test_interval=1, use_contrastive_cluster=True, GCN_contrastive_cluster_weight=0.3, DCCL_contrastive_cluster_weight=0.1, align_loss_weight=0.1, contrastive_cluster_epochs=100, align_loss_epoch_start=0, align_loss_epoch_smooth=100, align_loss_weight_start=0, align_loss_weight_end=1, k1=15, k2=4, use_hard=False, memory_momentum=0.1, eps_gap=0.02, temp=0.05, use_cluster_head=False, num_instances=16, max_sim=True, eps=0.6, feature_output_index=2, wandb_offline=True, gcn_k1=80, max_conn=1, gcn_train_epoch=40, use_sym=False, neg_size=10, use_vpt=False, dino_pretrain_path='/leonardo_work/IscrC_Fed-GCD/GCD_datasets/dino/dino_vitbase16_pretrain.pth', load_from_model='/leonardo_work/IscrC_Fed-GCD/GCD_datasets/dino/cub_model_best.pth', vpt_dropout=0.0, num_prompts=5, predict_token='cop', n_shallow_prompts=0, num_dpr=4, w_prompt_clu=0.35, unfrezee_only_last_prompt=True, single_minsim_1=0.6, single_minsim_2=0.6, single_minsim_3=0.6, single_k1=15, k1_ratio=0.6, device=device(type='cuda', index=0), seed=0, k1_dict={'DCCL': 15, 'DCCL2': 9, 'DCCL3': 25, 'DCCL4': 80, 'DCCL5': 80}, eps_dict={'DCCL': 0.6, 'DCCL2': 0.6, 'DCCL3': 0.6, 'DCCL4': 0.6, 'DCCL5': 0.5}, image_size=224, train_classes=range(0, 61), unlabeled_classes=range(61, 121), num_labeled_classes=61, num_unlabeled_classes=60, logger=<loguru.logger handlers=[(id=0, level=10, sink=<stderr>), (id=1, level=10, sink='/leonardo_work/IscrC_Fed-GCD/hyzheng/pFed_logs/DCCL_align_loss/log/wok_Fungi_woalign_wounsuploss_aligntoall_(13.09.2024_|_43.503)/log.txt')]>, log_dir='/leonardo_work/IscrC_Fed-GCD/hyzheng/pFed_logs/DCCL_align_loss/log/wok_Fungi_woalign_wounsuploss_aligntoall_(13.09.2024_|_43.503)', model_dir='/leonardo_work/IscrC_Fed-GCD/hyzheng/pFed_logs/DCCL_align_loss/log/wok_Fungi_woalign_wounsuploss_aligntoall_(13.09.2024_|_43.503)/checkpoints', model_path='/leonardo_work/IscrC_Fed-GCD/hyzheng/pFed_logs/DCCL_align_loss/log/wok_Fungi_woalign_wounsuploss_aligntoall_(13.09.2024_|_43.503)/checkpoints/model.pt')
Merge dataset -> relabel_dict:{0: 0, 1: 1, 2: 2, 3: 3, 4: 4, 5: 5, 6: 6, 7: 7, 8: 8, 9: 9, 10: 10, 11: 11, 12: 12, 13: 13, 14: 14, 15: 15, 16: 16, 17: 17, 18: 18, 19: 19, 20: 20, 21: 21, 22: 22, 23: 23, 24: 24, 25: 25, 26: 26, 27: 27, 28: 28, 29: 29, 30: 30, 31: 31, 32: 32, 33: 33, 34: 34, 35: 35, 36: 36, 37: 37, 38: 38, 39: 39, 40: 40, 41: 41, 42: 42, 43: 43, 44: 44, 45: 45, 46: 46, 47: 47, 48: 48, 49: 49, 50: 50, 51: 51, 52: 52, 53: 53, 54: 54, 55: 55, 56: 56, 57: 57, 58: 58, 59: 59, 60: 60, 61: 61, 62: 62, 63: 63, 64: 64, 65: 65, 66: 66, 67: 67, 68: 68, 69: 69, 70: 70, 71: 71, 72: 72, 73: 73, 74: 74, 75: 75, 76: 76, 77: 77, 78: 78, 79: 79, 80: 80, 81: 81, 82: 82, 83: 83, 84: 84, 85: 85, 86: 86, 87: 87, 88: 88, 89: 89, 90: 90, 91: 91, 92: 92, 93: 93, 94: 94, 95: 95, 96: 96, 97: 97, 98: 98, 99: 99, 100: 100, 101: 101, 102: 102, 103: 103, 104: 104, 105: 105, 106: 106, 107: 107, 108: 108, 109: 109, 110: 110, 111: 111, 112: 112, 113: 113, 114: 114, 115: 115, 116: 116, 117: 117, 118: 118, 119: 119, 120: 120}
Merge dataset -> relabel_dict:{0: 0, 1: 1, 2: 2, 3: 3, 4: 4, 5: 5, 6: 6, 7: 7, 8: 8, 9: 9, 10: 10, 11: 11, 12: 12, 13: 13, 14: 14, 15: 15, 16: 16, 17: 17, 18: 18, 19: 19, 20: 20, 21: 21, 22: 22, 23: 23, 24: 24, 25: 25, 26: 26, 27: 27, 28: 28, 29: 29, 30: 30, 31: 31, 32: 32, 33: 33, 34: 34, 35: 35, 36: 36, 37: 37, 38: 38, 39: 39, 40: 40, 41: 41, 42: 42, 43: 43, 44: 44, 45: 45, 46: 46, 47: 47, 48: 48, 49: 49, 50: 50, 51: 51, 52: 52, 53: 53, 54: 54, 55: 55, 56: 56, 57: 57, 58: 58, 59: 59, 60: 60, 61: 61, 62: 62, 63: 63, 64: 64, 65: 65, 66: 66, 67: 67, 68: 68, 69: 69, 70: 70, 71: 71, 72: 72, 73: 73, 74: 74, 75: 75, 76: 76, 77: 77, 78: 78, 79: 79, 80: 80, 81: 81, 82: 82, 83: 83, 84: 84, 85: 85, 86: 86, 87: 87, 88: 88, 89: 89, 90: 90, 91: 91, 92: 92, 93: 93, 94: 94, 95: 95, 96: 96, 97: 97, 98: 98, 99: 99, 100: 100, 101: 101, 102: 102, 103: 103, 104: 104, 105: 105, 106: 106, 107: 107, 108: 108, 109: 109, 110: 110, 111: 111, 112: 112, 113: 113, 114: 114, 115: 115, 116: 116, 117: 117, 118: 118, 119: 119, 120: 120}
==> Create pseudo labels for unlabeled data
=======================================================
  Infomap v2.7.1 starts at 2024-09-13 05:15:11
  -> Input network: 
  -> No file output!
  -> Configuration: two-level
                    directed
=======================================================
  OpenMP 201511 detected with 4 threads...
  -> Ordinary network input, using the Map Equation for first order network flows
Calculating global network flow using flow model 'directed'... 
  -> Using unrecorded teleportation to links. 
  -> PageRank calculation done in 200 iterations.

  => Sum node flow: 1, sum link flow: 1
Build internal network with 6703 nodes and 69919 links...
  -> One-level codelength: 11.1477016

================================================
Trial 1/1 starting at 2024-09-13 05:15:11
================================================
Two-level compression: 34% 1.7% 0.139816896% 0.0182468825% 0.00700231323% 2024-09-13 05:15:12.157 | INFO     | __main__:DCCL:428 - length of whole_train_test_dataset.labeled_set 1786
2024-09-13 05:15:12.158 | INFO     | __main__:test_with_pseudo_label_full:194 - Length of pred: 5820
2024-09-13 05:15:12.171 | INFO     | __main__:test_with_pseudo_label_full:214 - DCCL Pseudo method 1 - All Acc: 0.4422680412371134, Old Acc: 0.42361499720201456, New Acc: 0.4505331019092487
2024-09-13 05:15:12.198 | INFO     | __main__:test_with_pseudo_label_full:229 - DCCL Pseudo method 2 - All Acc: 0.440893470790378, Old Acc: 0.42753217683268047, New Acc: 0.4468137862633276
2024-09-13 05:15:12.199 | INFO     | __main__:DCCL:442 - ==> DCCL Infomap for epoch 0: 151 clusters
[Time] [faiss-gpu] build index 15 consumes 0.6936 s
[Time] [faiss-gpu] query topk 15 consumes 0.0265 s
[Time] get links consumes 0.5421 s
孤立点数：903
总节点数：7606
总类别数/孤立节点数/小簇个数/有效簇个数：1236/903/1085/151

Partitioned to codelength 0.850190301 + 6.37194834 = 7.222138637 in 333 (329 non-trivial) modules.

=> Trial 1/1 finished in 0.190371307s with codelength 7.22213864


================================================
Summary after 1 trial
================================================
Best end modular solution in 2 levels:
Per level number of modules:         [        333,           0] (sum: 333)
Per level number of leaf nodes:      [          0,        6703] (sum: 6703)
Per level average child degree:      [        333,     20.1291] (average: 34.9367)
Per level codelength for modules:    [0.850190301, 0.000000000] (sum: 0.850190301)
Per level codelength for leaf nodes: [0.000000000, 6.371948336] (sum: 6.371948336)
Per level codelength total:          [0.850190301, 6.371948336] (sum: 7.222138637)

===================================================
  Infomap ends at 2024-09-13 05:15:12
  (Elapsed time: 0.24960169s)
===================================================
=======================================================
  Infomap v2.7.1 starts at 2024-09-13 05:15:13
  -> Input network: 
  -> No file output!
  -> Configuration: two-level
                    directed
=======================================================
  OpenMP 201511 detected with 4 threads...
  -> Ordinary network input, using the Map Equation for first order network flows
Calculating global network flow using flow model 'directed'... 
  -> Using unrecorded teleportation to links. 
  -> PageRank calculation done in 200 iterations.

  => Sum node flow: 1, sum link flow: 1
Build internal network with 6703 nodes and 43928 links...
  -> One-level codelength: 11.1083791

================================================
Trial 1/1 starting at 2024-09-13 05:15:13
================================================
Two-level compression: 40% 1% 0.241988762% 0.0215726245% 
Partitioned to codelength 1.16411068 + 5.42379911 = 6.587909798 in 411 (409 non-trivial) modules.

=> Trial 1/1 finished in 0.1516102s with codelength 6.5879098


================================================
Summary after 1 trial
================================================
Best end modular solution in 2 levels:
Per level number of modules:         [        411,           0] (sum: 411)
Per level number of leaf nodes:      [          0,        6703] (sum: 6703)
Per level average child degree:      [        411,      16.309] (average: 39.1116)
Per level codelength for modules:    [1.164110685, 0.000000000] (sum: 1.164110685)
Per level codelength for leaf nodes: [0.000000000, 5.423799113] (sum: 5.423799113)
Per level codelength total:          [1.164110685, 5.423799113] (sum: 6.587909798)

===================================================
  Infomap ends at 2024-09-13 05:15:13
  (Elapsed time: 0.207781082s)
===================================================
2024-09-13 05:15:13.595 | INFO     | __main__:DCCL:428 - length of whole_train_test_dataset.labeled_set 1786
2024-09-13 05:15:13.596 | INFO     | __main__:test_with_pseudo_label_full:194 - Length of pred: 5820
2024-09-13 05:15:13.610 | INFO     | __main__:test_with_pseudo_label_full:214 - DCCL2 Pseudo method 1 - All Acc: 0.381786941580756, Old Acc: 0.37772803581421377, New Acc: 0.383585420282668
2024-09-13 05:15:13.639 | INFO     | __main__:test_with_pseudo_label_full:229 - DCCL2 Pseudo method 2 - All Acc: 0.3790378006872852, Old Acc: 0.3794068270844992, New Acc: 0.3788742871311679
2024-09-13 05:15:13.640 | INFO     | __main__:DCCL:442 - ==> DCCL2 Infomap for epoch 0: 211 clusters
[Time] [faiss-gpu] build index 9 consumes 0.1940 s
[Time] [faiss-gpu] query topk 9 consumes 0.0288 s
[Time] get links consumes 0.3530 s
孤立点数：903
总节点数：7606
总类别数/孤立节点数/小簇个数/有效簇个数：1314/903/1103/211
=======================================================
  Infomap v2.7.1 starts at 2024-09-13 05:15:15
  -> Input network: 
  -> No file output!
  -> Configuration: two-level
                    directed
=======================================================
  OpenMP 201511 detected with 4 threads...
  -> Ordinary network input, using the Map Equation for first order network flows
Calculating global network flow using flow model 'directed'... 
  -> Using unrecorded teleportation to links. 
  -> PageRank calculation done in 200 iterations.

  => Sum node flow: 1, sum link flow: 1
Build internal network with 6703 nodes and 105895 links...
  -> One-level codelength: 11.158787

================================================
Trial 1/1 starting at 2024-09-13 05:15:15
================================================
Two-level compression: 29% 1.9% 0.0368447352% 0.00679410838% 0.00959056912% 
Partitioned to codelength 0.731162801 + 7.02090137 = 7.752064172 in 300 (297 non-trivial) modules.

=> Trial 1/1 finished in 0.221640199s with codelength 7.75206417


================================================
Summary after 1 trial
================================================
Best end modular solution in 2 levels:
Per level number of modules:         [        300,           0] (sum: 300)
Per level number of leaf nodes:      [          0,        6703] (sum: 6703)
Per level average child degree:      [        300,     22.3433] (average: 34.2378)
Per level codelength for modules:    [0.731162801, 0.000000000] (sum: 0.731162801)
Per level codelength for leaf nodes: [0.000000000, 7.020901371] (sum: 7.020901371)
Per level codelength total:          [0.731162801, 7.020901371] (sum: 7.752064172)

===================================================
  Infomap ends at 2024-09-13 05:15:15
  (Elapsed time: 0.31240731s)
===================================================
2024-09-13 05:15:15.480 | INFO     | __main__:DCCL:428 - length of whole_train_test_dataset.labeled_set 1786
2024-09-13 05:15:15.481 | INFO     | __main__:test_with_pseudo_label_full:194 - Length of pred: 5820
2024-09-13 05:15:15.493 | INFO     | __main__:test_with_pseudo_label_full:214 - DCCL3 Pseudo method 1 - All Acc: 0.4283505154639175, Old Acc: 0.39171796306659207, New Acc: 0.4445821968757749
2024-09-13 05:15:15.516 | INFO     | __main__:test_with_pseudo_label_full:229 - DCCL3 Pseudo method 2 - All Acc: 0.4269759450171821, Old Acc: 0.38276440962506997, New Acc: 0.44656583188693283
2024-09-13 05:15:15.517 | INFO     | __main__:DCCL:442 - ==> DCCL3 Infomap for epoch 0: 127 clusters
[Time] [faiss-gpu] build index 25 consumes 0.1064 s
[Time] [faiss-gpu] query topk 25 consumes 0.0322 s
[Time] get links consumes 0.8301 s
孤立点数：903
总节点数：7606
总类别数/孤立节点数/小簇个数/有效簇个数：1203/903/1076/127
2024-09-13 05:15:16.430 | INFO     | __main__:test_with_pseudo_label_full:194 - Length of pred: 5820
2024-09-13 05:15:16.444 | INFO     | __main__:test_with_pseudo_label_full:214 - Ensemble clustering Pseudo method 1 - All Acc: 0.443127147766323, Old Acc: 0.4241745942921097, New Acc: 0.4515249194148277
2024-09-13 05:15:16.482 | INFO     | __main__:test_with_pseudo_label_full:229 - Ensemble clustering Pseudo method 2 - All Acc: 0.4417525773195876, Old Acc: 0.42753217683268047, New Acc: 0.4480535581453013
Traceback (most recent call last):
  File "/leonardo_work/IscrC_Fed-GCD/hyzheng/debug_fedgcd/DPC2L/hyzheng/8.ISCAP_DCCL_explore.py", line 1245, in <module>
    train(model, projector_dict, train_loader, test_loader_unlabelled, args)
  File "/leonardo_work/IscrC_Fed-GCD/hyzheng/debug_fedgcd/DPC2L/hyzheng/8.ISCAP_DCCL_explore.py", line 753, in train
    fp16_scaler.scale(loss).backward()
  File "/leonardo/home/userexternal/hzheng00/miniconda3/envs/fedgcd/lib/python3.9/site-packages/torch/_tensor.py", line 396, in backward
    torch.autograd.backward(self, gradient, retain_graph, create_graph, inputs=inputs)
  File "/leonardo/home/userexternal/hzheng00/miniconda3/envs/fedgcd/lib/python3.9/site-packages/torch/autograd/__init__.py", line 173, in backward
    Variable._execution_engine.run_backward(  # Calls into the C++ engine to run the backward pass
RuntimeError: one of the variables needed for gradient computation has been modified by an inplace operation: [torch.cuda.HalfTensor [768, 127]] is at version 768; expected version 0 instead. Hint: enable anomaly detection to find the operation that failed to compute its gradient, with torch.autograd.set_detect_anomaly(True).
wandb: Waiting for W&B process to finish... (failed 1).
wandb: 
wandb: Run history:
wandb:                                DCCL DCCL loss ▁
wandb:  DCCL current_DCCL_contrastive_cluster_weight ▁
wandb:      DCCL infomap predicted number of cluster ▁
wandb:                               DCCL2 DCCL loss ▁
wandb: DCCL2 current_DCCL_contrastive_cluster_weight ▁
wandb:     DCCL2 infomap predicted number of cluster ▁
wandb:                               DCCL3 DCCL loss ▁
wandb: DCCL3 current_DCCL_contrastive_cluster_weight ▁
wandb:     DCCL3 infomap predicted number of cluster ▁
wandb:                                classifier_sup ▁
wandb:                              classifier_unsup ▁
wandb:                               contrastive_sup ▁
wandb:                             contrastive_unsup ▁
wandb:                     current_align_loss_weight ▁
wandb: 
wandb: Run summary:
wandb:                                DCCL DCCL loss 5.16524
wandb:  DCCL current_DCCL_contrastive_cluster_weight 0.01
wandb:      DCCL infomap predicted number of cluster 151
wandb:                               DCCL2 DCCL loss 5.56589
wandb: DCCL2 current_DCCL_contrastive_cluster_weight 0.01
wandb:     DCCL2 infomap predicted number of cluster 211
wandb:                               DCCL3 DCCL loss 5.18391
wandb: DCCL3 current_DCCL_contrastive_cluster_weight 0.01
wandb:     DCCL3 infomap predicted number of cluster 127
wandb:                                classifier_sup 4.11861
wandb:                              classifier_unsup 3.99446
wandb:                               contrastive_sup 3.16039
wandb:                             contrastive_unsup 5.02086
wandb:                     current_align_loss_weight 0.0
wandb: 
wandb: You can sync this run to the cloud by running:
wandb: wandb sync /leonardo_work/IscrC_Fed-GCD/hyzheng/debug_fedgcd/DPC2L/hyzheng/wandb/offline-run-20240913_051144-1au85re4
wandb: Find logs at: ./wandb/offline-run-20240913_051144-1au85re4/logs
