2024-09-13 05:09:30.336 | INFO     | __main__:<module>:1103 - k1_2: 9, k1_3: 25
2024-09-13 05:09:30.337 | INFO     | __main__:<module>:1104 - Using evaluation function v2 to print results
wandb: Tracking run with wandb version 0.15.12
wandb: W&B syncing is set to `offline` in this directory.  
wandb: Run `wandb online` or set WANDB_MODE=online to enable cloud syncing.
2024-09-13 05:09:35.086 | INFO     | __main__:<module>:1157 - model build
/leonardo/home/userexternal/hzheng00/miniconda3/envs/fedgcd/lib/python3.9/site-packages/torchvision/transforms/transforms.py:332: UserWarning: Argument 'interpolation' of type int is deprecated since 0.13 and will be removed in 0.15. Please use InterpolationMode enum.
  warnings.warn(
2024-09-13 05:09:35.397 | INFO     | data.get_datasets_inaturalist:get_datasets:145 - dataset_name: train_labelled
2024-09-13 05:09:35.398 | INFO     | data.get_datasets_inaturalist:get_datasets:145 - dataset_name: train_unlabelled
2024-09-13 05:09:35.398 | INFO     | data.get_datasets_inaturalist:get_datasets:145 - dataset_name: val
2024-09-13 05:09:35.398 | INFO     | data.get_datasets_inaturalist:get_datasets:145 - dataset_name: test
2024-09-13 05:09:35.398 | INFO     | data.get_datasets_inaturalist:get_datasets:145 - dataset_name: test_labelled
2024-09-13 05:09:35.398 | INFO     | data.get_datasets_inaturalist:get_datasets:145 - dataset_name: test_unlabelled
/leonardo/home/userexternal/hzheng00/miniconda3/envs/fedgcd/lib/python3.9/site-packages/torch/utils/data/dataloader.py:563: UserWarning: This DataLoader will create 8 worker processes in total. Our suggested max number of worker in current system is 4, which is smaller than what this DataLoader is going to create. Please be aware that excessive worker creation might get DataLoader running slow or even freeze, lower the worker number to avoid potential slowness/freeze if necessary.
  warnings.warn(_create_warning_msg(
Experiment saved to: /leonardo_work/IscrC_Fed-GCD/hyzheng/pFed_logs/DCCL_align_loss/log/wok_scars_woalign_wounsuploss_aligntoall_(13.09.2024_|_30.324)
['DCCL_align_loss']
Namespace(batch_size=128, num_workers=8, eval_funcs=['v2'], warmup_model_dir=None, dataset_name='scars', prop_train_labels=0.5, use_ssb_splits=True, grad_from_block=11, lr=0.1, gamma=0.1, momentum=0.9, weight_decay=5e-05, epochs=200, transform='imagenet', sup_weight=0.35, n_views=2, memax_weight=2, warmup_teacher_temp=0.07, teacher_temp=0.04, warmup_teacher_temp_epochs=30, fp16=True, print_freq=10, exp_name='wok_scars_woalign_wounsuploss_aligntoall', n_clients=1, dirichlet=0.2, rounds=200, local_train_ep=1, rate_local_label_unlabel=0.5, show_client_data_info=False, use_gmm=False, use_gmm_agg=False, use_gmm_dual=False, begin_agg_round=0, gmm_alpha=0.1, weight_likelihood=0.01, gmm_lr=0.1, gmm_lr_multiply=0, sampling_times=0, local_global_contrastive_cluster_weight=0, local_GMM_project_head=False, global_GMM_project_head=False, exp_root='/leonardo_work/IscrC_Fed-GCD/hyzheng/pFed_logs', cub_root='/leonardo_work/IscrC_Fed-GCD/GCD_datasets/CUB', cifar_100_root='/leonardo_work/IscrC_Fed-GCD/GCD_datasets/cifar100', hyper_k=231, cars_root='/leonardo_work/IscrC_Fed-GCD/GCD_datasets/stanford_cars', pets_root='/leonardo_work/IscrC_Fed-GCD/GCD_datasets/oxford_pets', aircraft_root='/leonardo_work/IscrC_Fed-GCD/GCD_datasets/fgvc_aircraft', herbarium_dataroot='/leonardo_work/IscrC_Fed-GCD/GCD_datasets/herbarium_19', osr_split_dir='/leonardo_work/IscrC_Fed-GCD/hyzheng/debug_fedgcd/data/ssb_splits', test_interval=1, use_contrastive_cluster=True, GCN_contrastive_cluster_weight=0.3, DCCL_contrastive_cluster_weight=0.1, align_loss_weight=0.1, contrastive_cluster_epochs=100, align_loss_epoch_start=0, align_loss_epoch_smooth=100, align_loss_weight_start=0, align_loss_weight_end=1, k1=15, k2=4, use_hard=False, memory_momentum=0.1, eps_gap=0.02, temp=0.05, use_cluster_head=False, num_instances=16, max_sim=True, eps=0.6, feature_output_index=2, wandb_offline=True, gcn_k1=80, max_conn=1, gcn_train_epoch=40, use_sym=False, neg_size=10, use_vpt=False, dino_pretrain_path='/leonardo_work/IscrC_Fed-GCD/GCD_datasets/dino/dino_vitbase16_pretrain.pth', load_from_model='/leonardo_work/IscrC_Fed-GCD/GCD_datasets/dino/cub_model_best.pth', vpt_dropout=0.0, num_prompts=5, predict_token='cop', n_shallow_prompts=0, num_dpr=4, w_prompt_clu=0.35, unfrezee_only_last_prompt=True, single_minsim_1=0.6, single_minsim_2=0.6, single_minsim_3=0.6, single_k1=15, k1_ratio=0.6, device=device(type='cuda', index=0), seed=0, k1_dict={'DCCL': 15, 'DCCL2': 9, 'DCCL3': 25, 'DCCL4': 80, 'DCCL5': 80}, eps_dict={'DCCL': 0.6, 'DCCL2': 0.6, 'DCCL3': 0.6, 'DCCL4': 0.6, 'DCCL5': 0.5}, image_size=224, train_classes=[1, 11, 25, 38, 46, 50, 53, 75, 84, 100, 105, 117, 123, 129, 133, 134, 135, 136, 137, 138, 140, 144, 145, 146, 147, 149, 150, 151, 153, 160, 161, 162, 163, 164, 167, 168, 169, 174, 175, 180, 185, 186, 187, 192, 193, 0, 81, 97, 104, 122, 139, 141, 142, 143, 148, 152, 154, 155, 156, 157, 158, 159, 165, 166, 170, 171, 172, 173, 176, 177, 181, 184, 188, 191, 194, 195, 2, 7, 9, 16, 20, 26, 28, 44, 54, 95, 98, 102, 127, 178, 182, 22, 41, 82, 93, 112, 125, 189], unlabeled_classes=[23, 42, 83, 94, 113, 126, 190, 3, 8, 10, 17, 21, 27, 29, 45, 55, 96, 99, 103, 128, 179, 183, 4, 5, 6, 12, 13, 14, 15, 18, 19, 24, 30, 31, 32, 33, 34, 35, 36, 37, 39, 40, 43, 47, 48, 49, 51, 52, 56, 57, 58, 59, 60, 61, 62, 63, 64, 65, 66, 67, 68, 69, 70, 71, 72, 73, 74, 76, 77, 78, 79, 80, 85, 86, 87, 88, 89, 90, 91, 92, 101, 106, 107, 108, 109, 110, 111, 114, 115, 116, 118, 119, 120, 121, 124, 130, 131, 132], num_labeled_classes=98, num_unlabeled_classes=98, logger=<loguru.logger handlers=[(id=0, level=10, sink=<stderr>), (id=1, level=10, sink='/leonardo_work/IscrC_Fed-GCD/hyzheng/pFed_logs/DCCL_align_loss/log/wok_scars_woalign_wounsuploss_aligntoall_(13.09.2024_|_30.324)/log.txt')]>, log_dir='/leonardo_work/IscrC_Fed-GCD/hyzheng/pFed_logs/DCCL_align_loss/log/wok_scars_woalign_wounsuploss_aligntoall_(13.09.2024_|_30.324)', model_dir='/leonardo_work/IscrC_Fed-GCD/hyzheng/pFed_logs/DCCL_align_loss/log/wok_scars_woalign_wounsuploss_aligntoall_(13.09.2024_|_30.324)/checkpoints', model_path='/leonardo_work/IscrC_Fed-GCD/hyzheng/pFed_logs/DCCL_align_loss/log/wok_scars_woalign_wounsuploss_aligntoall_(13.09.2024_|_30.324)/checkpoints/model.pt')
Merge dataset -> relabel_dict:{0: 0, 1: 1, 2: 2, 3: 3, 4: 4, 5: 5, 6: 6, 7: 7, 8: 8, 9: 9, 10: 10, 11: 11, 12: 12, 13: 13, 14: 14, 15: 15, 16: 16, 17: 17, 18: 18, 19: 19, 20: 20, 21: 21, 22: 22, 23: 23, 24: 24, 25: 25, 26: 26, 27: 27, 28: 28, 29: 29, 30: 30, 31: 31, 32: 32, 33: 33, 34: 34, 35: 35, 36: 36, 37: 37, 38: 38, 39: 39, 40: 40, 41: 41, 42: 42, 43: 43, 44: 44, 45: 45, 46: 46, 47: 47, 48: 48, 49: 49, 50: 50, 51: 51, 52: 52, 53: 53, 54: 54, 55: 55, 56: 56, 57: 57, 58: 58, 59: 59, 60: 60, 61: 61, 62: 62, 63: 63, 64: 64, 65: 65, 66: 66, 67: 67, 68: 68, 69: 69, 70: 70, 71: 71, 72: 72, 73: 73, 74: 74, 75: 75, 76: 76, 77: 77, 78: 78, 79: 79, 80: 80, 81: 81, 82: 82, 83: 83, 84: 84, 85: 85, 86: 86, 87: 87, 88: 88, 89: 89, 90: 90, 91: 91, 92: 92, 93: 93, 94: 94, 95: 95, 96: 96, 97: 97, 98: 98, 99: 99, 100: 100, 101: 101, 102: 102, 103: 103, 104: 104, 105: 105, 106: 106, 107: 107, 108: 108, 109: 109, 110: 110, 111: 111, 112: 112, 113: 113, 114: 114, 115: 115, 116: 116, 117: 117, 118: 118, 119: 119, 120: 120, 121: 121, 122: 122, 123: 123, 124: 124, 125: 125, 126: 126, 127: 127, 128: 128, 129: 129, 130: 130, 131: 131, 132: 132, 133: 133, 134: 134, 135: 135, 136: 136, 137: 137, 138: 138, 139: 139, 140: 140, 141: 141, 142: 142, 143: 143, 144: 144, 145: 145, 146: 146, 147: 147, 148: 148, 149: 149, 150: 150, 151: 151, 152: 152, 153: 153, 154: 154, 155: 155, 156: 156, 157: 157, 158: 158, 159: 159, 160: 160, 161: 161, 162: 162, 163: 163, 164: 164, 165: 165, 166: 166, 167: 167, 168: 168, 169: 169, 170: 170, 171: 171, 172: 172, 173: 173, 174: 174, 175: 175, 176: 176, 177: 177, 178: 178, 179: 179, 180: 180, 181: 181, 182: 182, 183: 183, 184: 184, 185: 185, 186: 186, 187: 187, 188: 188, 189: 189, 190: 190, 191: 191, 192: 192, 193: 193, 194: 194, 195: 195}
Merge dataset -> relabel_dict:{0: 0, 1: 1, 2: 2, 3: 3, 4: 4, 5: 5, 6: 6, 7: 7, 8: 8, 9: 9, 10: 10, 11: 11, 12: 12, 13: 13, 14: 14, 15: 15, 16: 16, 17: 17, 18: 18, 19: 19, 20: 20, 21: 21, 22: 22, 23: 23, 24: 24, 25: 25, 26: 26, 27: 27, 28: 28, 29: 29, 30: 30, 31: 31, 32: 32, 33: 33, 34: 34, 35: 35, 36: 36, 37: 37, 38: 38, 39: 39, 40: 40, 41: 41, 42: 42, 43: 43, 44: 44, 45: 45, 46: 46, 47: 47, 48: 48, 49: 49, 50: 50, 51: 51, 52: 52, 53: 53, 54: 54, 55: 55, 56: 56, 57: 57, 58: 58, 59: 59, 60: 60, 61: 61, 62: 62, 63: 63, 64: 64, 65: 65, 66: 66, 67: 67, 68: 68, 69: 69, 70: 70, 71: 71, 72: 72, 73: 73, 74: 74, 75: 75, 76: 76, 77: 77, 78: 78, 79: 79, 80: 80, 81: 81, 82: 82, 83: 83, 84: 84, 85: 85, 86: 86, 87: 87, 88: 88, 89: 89, 90: 90, 91: 91, 92: 92, 93: 93, 94: 94, 95: 95, 96: 96, 97: 97, 98: 98, 99: 99, 100: 100, 101: 101, 102: 102, 103: 103, 104: 104, 105: 105, 106: 106, 107: 107, 108: 108, 109: 109, 110: 110, 111: 111, 112: 112, 113: 113, 114: 114, 115: 115, 116: 116, 117: 117, 118: 118, 119: 119, 120: 120, 121: 121, 122: 122, 123: 123, 124: 124, 125: 125, 126: 126, 127: 127, 128: 128, 129: 129, 130: 130, 131: 131, 132: 132, 133: 133, 134: 134, 135: 135, 136: 136, 137: 137, 138: 138, 139: 139, 140: 140, 141: 141, 142: 142, 143: 143, 144: 144, 145: 145, 146: 146, 147: 147, 148: 148, 149: 149, 150: 150, 151: 151, 152: 152, 153: 153, 154: 154, 155: 155, 156: 156, 157: 157, 158: 158, 159: 159, 160: 160, 161: 161, 162: 162, 163: 163, 164: 164, 165: 165, 166: 166, 167: 167, 168: 168, 169: 169, 170: 170, 171: 171, 172: 172, 173: 173, 174: 174, 175: 175, 176: 176, 177: 177, 178: 178, 179: 179, 180: 180, 181: 181, 182: 182, 183: 183, 184: 184, 185: 185, 186: 186, 187: 187, 188: 188, 189: 189, 190: 190, 191: 191, 192: 192, 193: 193, 194: 194, 195: 195}
==> Create pseudo labels for unlabeled data
=======================================================
  Infomap v2.7.1 starts at 2024-09-13 05:12:03
  -> Input network: 
  -> No file output!
  -> Configuration: two-level
                    directed
=======================================================
  OpenMP 201511 detected with 4 threads...
  -> Ordinary network input, using the Map Equation for first order network flows
Calculating global network flow using flow model 'directed'... 
  -> Using unrecorded teleportation to links. 
  -> PageRank calculation done in 200 iterations.

  => Sum node flow: 1, sum link flow: 1
Build internal network with 8125 nodes and 113393 links...
  -> One-level codelength: 11.0973942

================================================
Trial 1/1 starting at 2024-09-13 05:12:03
================================================
Two-level compression: 23% 1.9% 0.0220583633% 0.031181999% 0.0114127821% 0.0186780556% 
Partitioned to codelength 1.19139491 + 7.19018264 = 8.381577547 in 142 (132 non-trivial) modules.

=> Trial 1/1 finished in 0.439444543s with codelength 8.38157755


================================================
Summary after 1 trial
================================================
Best end modular solution in 2 levels:
Per level number of modules:         [        142,           0] (sum: 142)
Per level number of leaf nodes:      [          0,        8125] (sum: 8125)
Per level average child degree:      [        142,     57.2183] (average: 58.6746)
Per level codelength for modules:    [1.191394911, 0.000000000] (sum: 1.191394911)
Per level codelength for leaf nodes: [0.000000000, 7.190182636] (sum: 7.190182636)
Per level codelength total:          [1.191394911, 7.190182636] (sum: 8.381577547)

===================================================
  Infomap ends at 2024-09-13 05:12:04
  (Elapsed time: 0.54664211s)
===================================================
2024-09-13 05:12:04.228 | INFO     | __main__:DCCL:428 - length of whole_train_test_dataset.labeled_set 2000
2024-09-13 05:12:04.229 | INFO     | __main__:test_with_pseudo_label_full:194 - Length of pred: 6144
2024-09-13 05:12:04.247 | INFO     | __main__:test_with_pseudo_label_full:214 - DCCL Pseudo method 1 - All Acc: 0.10595703125, Old Acc: 0.05547226386806597, New Acc: 0.13034033309196236
2024-09-13 05:12:04.253 | INFO     | __main__:test_with_pseudo_label_full:229 - DCCL Pseudo method 2 - All Acc: 0.11002604166666667, Old Acc: 0.06646676661669165, New Acc: 0.13106444605358436
2024-09-13 05:12:04.254 | INFO     | __main__:DCCL:442 - ==> DCCL Infomap for epoch 0: 114 clusters
[Time] [faiss-gpu] build index 15 consumes 0.6903 s
[Time] [faiss-gpu] query topk 15 consumes 0.0326 s
[Time] get links consumes 0.8625 s
孤立点数：19
总节点数：8144
总类别数/孤立节点数/小簇个数/有效簇个数：161/19/47/114
=======================================================
  Infomap v2.7.1 starts at 2024-09-13 05:12:05
  -> Input network: 
  -> No file output!
  -> Configuration: two-level
                    directed
=======================================================
  OpenMP 201511 detected with 4 threads...
  -> Ordinary network input, using the Map Equation for first order network flows
Calculating global network flow using flow model 'directed'... 
  -> Using unrecorded teleportation to links. 
  -> PageRank calculation done in 200 iterations.

  => Sum node flow: 1, sum link flow: 1
Build internal network with 8125 nodes and 64863 links...
  -> One-level codelength: 11.0434574

================================================
Trial 1/1 starting at 2024-09-13 05:12:05
================================================
Two-level compression: 29% 1.8% 0.15127051% 0.175401752% 
Partitioned to codelength 1.58232588 + 6.13759396 = 7.719919836 in 274 (270 non-trivial) modules.

=> Trial 1/1 finished in 0.268334043s with codelength 7.71991984


================================================
Summary after 1 trial
================================================
Best end modular solution in 2 levels:
Per level number of modules:         [        274,           0] (sum: 274)
Per level number of leaf nodes:      [          0,        8125] (sum: 8125)
Per level average child degree:      [        274,     29.6533] (average: 37.6246)
Per level codelength for modules:    [1.582325877, 0.000000000] (sum: 1.582325877)
Per level codelength for leaf nodes: [0.000000000, 6.137593959] (sum: 6.137593959)
Per level codelength total:          [1.582325877, 6.137593959] (sum: 7.719919836)

===================================================
  Infomap ends at 2024-09-13 05:12:05
  (Elapsed time: 0.355285813s)
===================================================
2024-09-13 05:12:06.056 | INFO     | __main__:DCCL:428 - length of whole_train_test_dataset.labeled_set 2000
2024-09-13 05:12:06.057 | INFO     | __main__:test_with_pseudo_label_full:194 - Length of pred: 6144
2024-09-13 05:12:06.076 | INFO     | __main__:test_with_pseudo_label_full:214 - DCCL2 Pseudo method 1 - All Acc: 0.14404296875, Old Acc: 0.15342328835582209, New Acc: 0.13951243060584118
2024-09-13 05:12:06.085 | INFO     | __main__:test_with_pseudo_label_full:229 - DCCL2 Pseudo method 2 - All Acc: 0.14371744791666666, Old Acc: 0.15242378810594703, New Acc: 0.13951243060584118
2024-09-13 05:12:06.085 | INFO     | __main__:DCCL:442 - ==> DCCL2 Infomap for epoch 0: 238 clusters
[Time] [faiss-gpu] build index 9 consumes 0.2014 s
[Time] [faiss-gpu] query topk 9 consumes 0.0321 s
[Time] get links consumes 0.5072 s
孤立点数：19
总节点数：8144
总类别数/孤立节点数/小簇个数/有效簇个数：293/19/55/238
=======================================================
  Infomap v2.7.1 starts at 2024-09-13 05:12:08
  -> Input network: 
  -> No file output!
  -> Configuration: two-level
                    directed
=======================================================
  OpenMP 201511 detected with 4 threads...
  -> Ordinary network input, using the Map Equation for first order network flows
Calculating global network flow using flow model 'directed'... 
  -> Using unrecorded teleportation to links. 
  -> PageRank calculation done in 200 iterations.

  => Sum node flow: 1, sum link flow: 1
Build internal network with 8125 nodes and 194136 links...
  -> One-level codelength: 11.195632

================================================
Trial 1/1 starting at 2024-09-13 05:12:08
================================================
Two-level compression: 19% 1.9% 0.0153470641% 0.00758921525% 
Partitioned to codelength 0.99946361 + 7.88732532 = 8.886788932 in 91 (78 non-trivial) modules.

=> Trial 1/1 finished in 0.484326144s with codelength 8.88678893


================================================
Summary after 1 trial
================================================
Best end modular solution in 2 levels:
Per level number of modules:         [         91,           0] (sum: 91)
Per level number of leaf nodes:      [          0,        8125] (sum: 8125)
Per level average child degree:      [         91,     89.2857] (average: 89.3047)
Per level codelength for modules:    [0.999463610, 0.000000000] (sum: 0.999463610)
Per level codelength for leaf nodes: [0.000000000, 7.887325322] (sum: 7.887325322)
Per level codelength total:          [0.999463610, 7.887325322] (sum: 8.886788932)

===================================================
  Infomap ends at 2024-09-13 05:12:09
  (Elapsed time: 0.673128234s)
===================================================
2024-09-13 05:12:09.162 | INFO     | __main__:DCCL:428 - length of whole_train_test_dataset.labeled_set 2000
2024-09-13 05:12:09.163 | INFO     | __main__:test_with_pseudo_label_full:194 - Length of pred: 6144
2024-09-13 05:12:09.182 | INFO     | __main__:test_with_pseudo_label_full:214 - DCCL3 Pseudo method 1 - All Acc: 0.07796223958333333, Old Acc: 0.031484257871064465, New Acc: 0.10041033067825247
2024-09-13 05:12:09.188 | INFO     | __main__:test_with_pseudo_label_full:229 - DCCL3 Pseudo method 2 - All Acc: 0.0810546875, Old Acc: 0.0399800099950025, New Acc: 0.10089307265266714
2024-09-13 05:12:09.188 | INFO     | __main__:DCCL:442 - ==> DCCL3 Infomap for epoch 0: 65 clusters
[Time] [faiss-gpu] build index 25 consumes 0.1028 s
[Time] [faiss-gpu] query topk 25 consumes 0.0361 s
[Time] get links consumes 1.5006 s
孤立点数：19
总节点数：8144
总类别数/孤立节点数/小簇个数/有效簇个数：110/19/45/65
2024-09-13 05:12:10.030 | INFO     | __main__:test_with_pseudo_label_full:194 - Length of pred: 6144
2024-09-13 05:12:10.050 | INFO     | __main__:test_with_pseudo_label_full:214 - Ensemble clustering Pseudo method 1 - All Acc: 0.10498046875, Old Acc: 0.05347326336831584, New Acc: 0.12985759111754766
2024-09-13 05:12:10.056 | INFO     | __main__:test_with_pseudo_label_full:229 - Ensemble clustering Pseudo method 2 - All Acc: 0.10872395833333333, Old Acc: 0.06546726636681659, New Acc: 0.12961622013034033
Traceback (most recent call last):
  File "/leonardo_work/IscrC_Fed-GCD/hyzheng/debug_fedgcd/DPC2L/hyzheng/8.ISCAP_DCCL_explore.py", line 1245, in <module>
    train(model, projector_dict, train_loader, test_loader_unlabelled, args)
  File "/leonardo_work/IscrC_Fed-GCD/hyzheng/debug_fedgcd/DPC2L/hyzheng/8.ISCAP_DCCL_explore.py", line 753, in train
    fp16_scaler.scale(loss).backward()
  File "/leonardo/home/userexternal/hzheng00/miniconda3/envs/fedgcd/lib/python3.9/site-packages/torch/_tensor.py", line 396, in backward
    torch.autograd.backward(self, gradient, retain_graph, create_graph, inputs=inputs)
  File "/leonardo/home/userexternal/hzheng00/miniconda3/envs/fedgcd/lib/python3.9/site-packages/torch/autograd/__init__.py", line 173, in backward
    Variable._execution_engine.run_backward(  # Calls into the C++ engine to run the backward pass
RuntimeError: one of the variables needed for gradient computation has been modified by an inplace operation: [torch.cuda.HalfTensor [768, 65]] is at version 768; expected version 0 instead. Hint: enable anomaly detection to find the operation that failed to compute its gradient, with torch.autograd.set_detect_anomaly(True).
wandb: Waiting for W&B process to finish... (failed 1).
wandb: 
wandb: Run history:
wandb:                                DCCL DCCL loss ▁
wandb:  DCCL current_DCCL_contrastive_cluster_weight ▁
wandb:      DCCL infomap predicted number of cluster ▁
wandb:                               DCCL2 DCCL loss ▁
wandb: DCCL2 current_DCCL_contrastive_cluster_weight ▁
wandb:     DCCL2 infomap predicted number of cluster ▁
wandb:                               DCCL3 DCCL loss ▁
wandb: DCCL3 current_DCCL_contrastive_cluster_weight ▁
wandb:     DCCL3 infomap predicted number of cluster ▁
wandb:                                classifier_sup ▁
wandb:                              classifier_unsup ▁
wandb:                               contrastive_sup ▁
wandb:                             contrastive_unsup ▁
wandb:                     current_align_loss_weight ▁
wandb: 
wandb: Run summary:
wandb:                                DCCL DCCL loss 4.70344
wandb:  DCCL current_DCCL_contrastive_cluster_weight 0.01
wandb:      DCCL infomap predicted number of cluster 114
wandb:                               DCCL2 DCCL loss 5.41927
wandb: DCCL2 current_DCCL_contrastive_cluster_weight 0.01
wandb:     DCCL2 infomap predicted number of cluster 238
wandb:                               DCCL3 DCCL loss 4.12141
wandb: DCCL3 current_DCCL_contrastive_cluster_weight 0.01
wandb:     DCCL3 infomap predicted number of cluster 65
wandb:                                classifier_sup 4.68577
wandb:                              classifier_unsup 4.4881
wandb:                               contrastive_sup 2.76614
wandb:                             contrastive_unsup 5.22604
wandb:                     current_align_loss_weight 0.0
wandb: 
wandb: You can sync this run to the cloud by running:
wandb: wandb sync /leonardo_work/IscrC_Fed-GCD/hyzheng/debug_fedgcd/DPC2L/hyzheng/wandb/offline-run-20240913_050931-cnh00te9
wandb: Find logs at: ./wandb/offline-run-20240913_050931-cnh00te9/logs
